{
  "config": {
    "configFile": "/Users/peter/github/opencode-workflow-kit/packages/cody-beads-integration/playwright.config.ts",
    "rootDir": "/Users/peter/github/opencode-workflow-kit/packages/cody-beads-integration/tests/e2e",
    "forbidOnly": false,
    "fullyParallel": true,
    "globalSetup": null,
    "globalTeardown": null,
    "globalTimeout": 0,
    "grep": {},
    "grepInvert": null,
    "maxFailures": 0,
    "metadata": {
      "actualWorkers": 4
    },
    "preserveOutput": "always",
    "reporter": [
      [
        "html",
        {
          "outputFolder": "playwright-report"
        }
      ],
      [
        "json",
        {
          "outputFile": "test-results.json"
        }
      ],
      [
        "junit",
        {
          "outputFile": "test-results.xml"
        }
      ],
      [
        "list",
        null
      ]
    ],
    "reportSlowTests": {
      "max": 5,
      "threshold": 300000
    },
    "quiet": false,
    "projects": [
      {
        "outputDir": "/Users/peter/github/opencode-workflow-kit/packages/cody-beads-integration/test-results",
        "repeatEach": 1,
        "retries": 0,
        "metadata": {
          "actualWorkers": 4
        },
        "id": "chromium",
        "name": "chromium",
        "testDir": "/Users/peter/github/opencode-workflow-kit/packages/cody-beads-integration/tests/e2e",
        "testIgnore": [],
        "testMatch": [
          "**/*.@(spec|test).?(c|m)[jt]s?(x)"
        ],
        "timeout": 60000
      },
      {
        "outputDir": "/Users/peter/github/opencode-workflow-kit/packages/cody-beads-integration/test-results",
        "repeatEach": 1,
        "retries": 0,
        "metadata": {
          "actualWorkers": 4
        },
        "id": "firefox",
        "name": "firefox",
        "testDir": "/Users/peter/github/opencode-workflow-kit/packages/cody-beads-integration/tests/e2e",
        "testIgnore": [],
        "testMatch": [
          "**/*.@(spec|test).?(c|m)[jt]s?(x)"
        ],
        "timeout": 60000
      },
      {
        "outputDir": "/Users/peter/github/opencode-workflow-kit/packages/cody-beads-integration/test-results",
        "repeatEach": 1,
        "retries": 0,
        "metadata": {
          "actualWorkers": 4
        },
        "id": "webkit",
        "name": "webkit",
        "testDir": "/Users/peter/github/opencode-workflow-kit/packages/cody-beads-integration/tests/e2e",
        "testIgnore": [],
        "testMatch": [
          "**/*.@(spec|test).?(c|m)[jt]s?(x)"
        ],
        "timeout": 60000
      },
      {
        "outputDir": "/Users/peter/github/opencode-workflow-kit/packages/cody-beads-integration/test-results",
        "repeatEach": 1,
        "retries": 0,
        "metadata": {
          "actualWorkers": 4
        },
        "id": "Mobile Chrome",
        "name": "Mobile Chrome",
        "testDir": "/Users/peter/github/opencode-workflow-kit/packages/cody-beads-integration/tests/e2e",
        "testIgnore": [],
        "testMatch": [
          "**/*.@(spec|test).?(c|m)[jt]s?(x)"
        ],
        "timeout": 60000
      },
      {
        "outputDir": "/Users/peter/github/opencode-workflow-kit/packages/cody-beads-integration/test-results",
        "repeatEach": 1,
        "retries": 0,
        "metadata": {
          "actualWorkers": 4
        },
        "id": "Mobile Safari",
        "name": "Mobile Safari",
        "testDir": "/Users/peter/github/opencode-workflow-kit/packages/cody-beads-integration/tests/e2e",
        "testIgnore": [],
        "testMatch": [
          "**/*.@(spec|test).?(c|m)[jt]s?(x)"
        ],
        "timeout": 60000
      }
    ],
    "shard": null,
    "tags": [],
    "updateSnapshots": "missing",
    "updateSourceMethod": "patch",
    "version": "1.57.0",
    "workers": 4,
    "webServer": {
      "command": "npm run build && npm run start:test",
      "url": "http://localhost:3000",
      "reuseExistingServer": true,
      "timeout": 120000
    }
  },
  "suites": [
    {
      "title": "cli-workflows.spec.ts",
      "file": "cli-workflows.spec.ts",
      "column": 0,
      "line": 0,
      "specs": [],
      "suites": [
        {
          "title": "CLI Workflows",
          "file": "cli-workflows.spec.ts",
          "line": 6,
          "column": 6,
          "specs": [
            {
              "title": "should show help information",
              "ok": false,
              "tags": [],
              "tests": [
                {
                  "timeout": 60000,
                  "annotations": [],
                  "expectedStatus": "passed",
                  "projectId": "chromium",
                  "projectName": "chromium",
                  "results": [
                    {
                      "workerIndex": 0,
                      "parallelIndex": 0,
                      "status": "failed",
                      "duration": 3651,
                      "error": {
                        "message": "Error: Command failed: npm run build && node dist/bin/cody-beads.js --help\nnode:internal/bootstrap/switches/does_own_process_state:142\n    cachedCwd = rawMethods.cwd();\n                           ^\n\nError: ENOENT: no such file or directory, uv_cwd\n\u001b[90m    at process.wrappedCwd [as cwd] (node:internal/bootstrap/switches/does_own_process_state:142:28)\u001b[39m\n\u001b[90m    at node:path:1236:24\u001b[39m\n\u001b[90m    at Object.resolve (node:path:1270:19)\u001b[39m\n\u001b[90m    at resolveMainPath (node:internal/modules/run_main:35:36)\u001b[39m\n\u001b[90m    at Module.executeUserEntryPoint [as runMain] (node:internal/modules/run_main:146:20)\u001b[39m\n\u001b[90m    at node:internal/main/run_main_module:33:47\u001b[39m {\n  errno: \u001b[33m-2\u001b[39m,\n  code: \u001b[32m'ENOENT'\u001b[39m,\n  syscall: \u001b[32m'uv_cwd'\u001b[39m\n}\n\nNode.js v25.1.0\n",
                        "stack": "Error: Command failed: npm run build && node dist/bin/cody-beads.js --help\nnode:internal/bootstrap/switches/does_own_process_state:142\n    cachedCwd = rawMethods.cwd();\n                           ^\n\nError: ENOENT: no such file or directory, uv_cwd\n\u001b[90m    at process.wrappedCwd [as cwd] (node:internal/bootstrap/switches/does_own_process_state:142:28)\u001b[39m\n\u001b[90m    at node:path:1236:24\u001b[39m\n\u001b[90m    at Object.resolve (node:path:1270:19)\u001b[39m\n\u001b[90m    at resolveMainPath (node:internal/modules/run_main:35:36)\u001b[39m\n\u001b[90m    at Module.executeUserEntryPoint [as runMain] (node:internal/modules/run_main:146:20)\u001b[39m\n\u001b[90m    at node:internal/main/run_main_module:33:47\u001b[39m {\n  errno: \u001b[33m-2\u001b[39m,\n  code: \u001b[32m'ENOENT'\u001b[39m,\n  syscall: \u001b[32m'uv_cwd'\u001b[39m\n}\n\nNode.js v25.1.0\n\n    at /Users/peter/github/opencode-workflow-kit/packages/cody-beads-integration/tests/e2e/cli-workflows.spec.ts:29:20",
                        "location": {
                          "file": "/Users/peter/github/opencode-workflow-kit/packages/cody-beads-integration/tests/e2e/cli-workflows.spec.ts",
                          "column": 20,
                          "line": 29
                        },
                        "snippet": "  27 |     // Navigate to CLI help page (if you have a web interface)\n  28 |     // or use execSync for actual CLI commands\n> 29 |     const result = execSync('npm run build && node dist/bin/cody-beads.js --help', {\n     |                    ^\n  30 |       cwd: testDir,\n  31 |       encoding: 'utf8'\n  32 |     });"
                      },
                      "errors": [
                        {
                          "location": {
                            "file": "/Users/peter/github/opencode-workflow-kit/packages/cody-beads-integration/tests/e2e/cli-workflows.spec.ts",
                            "column": 20,
                            "line": 29
                          },
                          "message": "Error: Command failed: npm run build && node dist/bin/cody-beads.js --help\nnode:internal/bootstrap/switches/does_own_process_state:142\n    cachedCwd = rawMethods.cwd();\n                           ^\n\nError: ENOENT: no such file or directory, uv_cwd\n\u001b[90m    at process.wrappedCwd [as cwd] (node:internal/bootstrap/switches/does_own_process_state:142:28)\u001b[39m\n\u001b[90m    at node:path:1236:24\u001b[39m\n\u001b[90m    at Object.resolve (node:path:1270:19)\u001b[39m\n\u001b[90m    at resolveMainPath (node:internal/modules/run_main:35:36)\u001b[39m\n\u001b[90m    at Module.executeUserEntryPoint [as runMain] (node:internal/modules/run_main:146:20)\u001b[39m\n\u001b[90m    at node:internal/main/run_main_module:33:47\u001b[39m {\n  errno: \u001b[33m-2\u001b[39m,\n  code: \u001b[32m'ENOENT'\u001b[39m,\n  syscall: \u001b[32m'uv_cwd'\u001b[39m\n}\n\nNode.js v25.1.0\n\n\n  27 |     // Navigate to CLI help page (if you have a web interface)\n  28 |     // or use execSync for actual CLI commands\n> 29 |     const result = execSync('npm run build && node dist/bin/cody-beads.js --help', {\n     |                    ^\n  30 |       cwd: testDir,\n  31 |       encoding: 'utf8'\n  32 |     });\n    at /Users/peter/github/opencode-workflow-kit/packages/cody-beads-integration/tests/e2e/cli-workflows.spec.ts:29:20"
                        }
                      ],
                      "stdout": [],
                      "stderr": [
                        {
                          "text": "node:internal/bootstrap/switches/does_own_process_state:142\n    cachedCwd = rawMethods.cwd();\n                           ^\n\nError: ENOENT: no such file or directory, uv_cwd\n\u001b[90m    at process.wrappedCwd [as cwd] (node:internal/bootstrap/switches/does_own_process_state:142:28)\u001b[39m\n\u001b[90m    at node:path:1236:24\u001b[39m\n\u001b[90m    at Object.resolve (node:path:1270:19)\u001b[39m\n\u001b[90m    at resolveMainPath (node:internal/modules/run_main:35:36)\u001b[39m\n\u001b[90m    at Module.executeUserEntryPoint [as runMain] (node:internal/modules/run_main:146:20)\u001b[39m\n\u001b[90m    at node:internal/main/run_main_module:33:47\u001b[39m {\n  errno: \u001b[33m-2\u001b[39m,\n  code: \u001b[32m'ENOENT'\u001b[39m,\n  syscall: \u001b[32m'uv_cwd'\u001b[39m\n}\n\nNode.js v25.1.0\n"
                        }
                      ],
                      "retry": 0,
                      "startTime": "2025-12-01T20:15:01.046Z",
                      "annotations": [],
                      "attachments": [
                        {
                          "name": "screenshot",
                          "contentType": "image/png",
                          "path": "/Users/peter/github/opencode-workflow-kit/packages/cody-beads-integration/test-results/cli-workflows-CLI-Workflows-should-show-help-information-chromium/test-failed-1.png"
                        },
                        {
                          "name": "video",
                          "contentType": "video/webm",
                          "path": "/Users/peter/github/opencode-workflow-kit/packages/cody-beads-integration/test-results/cli-workflows-CLI-Workflows-should-show-help-information-chromium/video.webm"
                        }
                      ],
                      "errorLocation": {
                        "file": "/Users/peter/github/opencode-workflow-kit/packages/cody-beads-integration/tests/e2e/cli-workflows.spec.ts",
                        "column": 20,
                        "line": 29
                      }
                    }
                  ],
                  "status": "unexpected"
                }
              ],
              "id": "5e4dfb9a968a2c998c24-1eedf5a5a2ca6be27f42",
              "file": "cli-workflows.spec.ts",
              "line": 26,
              "column": 3
            },
            {
              "title": "should initialize configuration interactively",
              "ok": false,
              "tags": [],
              "tests": [
                {
                  "timeout": 60000,
                  "annotations": [],
                  "expectedStatus": "passed",
                  "projectId": "chromium",
                  "projectName": "chromium",
                  "results": [
                    {
                      "workerIndex": 1,
                      "parallelIndex": 1,
                      "status": "failed",
                      "duration": 799,
                      "error": {
                        "message": "Error: Command failed: echo -e \"test-owner\\ntest-repo\\ntest-token\\n\" | node dist/bin/cody-beads.js config setup\nnode:internal/modules/cjs/loader:1423\n  throw err;\n  ^\n\nError: Cannot find module '/Users/peter/github/opencode-workflow-kit/packages/cody-beads-integration/test-temp-cli/dist/bin/cody-beads.js'\n\u001b[90m    at Module._resolveFilename (node:internal/modules/cjs/loader:1420:15)\u001b[39m\n\u001b[90m    at defaultResolveImpl (node:internal/modules/cjs/loader:1058:19)\u001b[39m\n\u001b[90m    at resolveForCJSWithHooks (node:internal/modules/cjs/loader:1063:22)\u001b[39m\n\u001b[90m    at Module._load (node:internal/modules/cjs/loader:1226:37)\u001b[39m\n\u001b[90m    at TracingChannel.traceSync (node:diagnostics_channel:328:14)\u001b[39m\n\u001b[90m    at wrapModuleLoad (node:internal/modules/cjs/loader:245:24)\u001b[39m\n\u001b[90m    at Module.executeUserEntryPoint [as runMain] (node:internal/modules/run_main:154:5)\u001b[39m\n\u001b[90m    at node:internal/main/run_main_module:33:47\u001b[39m {\n  code: \u001b[32m'MODULE_NOT_FOUND'\u001b[39m,\n  requireStack: []\n}\n\nNode.js v25.1.0\n",
                        "stack": "Error: Command failed: echo -e \"test-owner\\ntest-repo\\ntest-token\\n\" | node dist/bin/cody-beads.js config setup\nnode:internal/modules/cjs/loader:1423\n  throw err;\n  ^\n\nError: Cannot find module '/Users/peter/github/opencode-workflow-kit/packages/cody-beads-integration/test-temp-cli/dist/bin/cody-beads.js'\n\u001b[90m    at Module._resolveFilename (node:internal/modules/cjs/loader:1420:15)\u001b[39m\n\u001b[90m    at defaultResolveImpl (node:internal/modules/cjs/loader:1058:19)\u001b[39m\n\u001b[90m    at resolveForCJSWithHooks (node:internal/modules/cjs/loader:1063:22)\u001b[39m\n\u001b[90m    at Module._load (node:internal/modules/cjs/loader:1226:37)\u001b[39m\n\u001b[90m    at TracingChannel.traceSync (node:diagnostics_channel:328:14)\u001b[39m\n\u001b[90m    at wrapModuleLoad (node:internal/modules/cjs/loader:245:24)\u001b[39m\n\u001b[90m    at Module.executeUserEntryPoint [as runMain] (node:internal/modules/run_main:154:5)\u001b[39m\n\u001b[90m    at node:internal/main/run_main_module:33:47\u001b[39m {\n  code: \u001b[32m'MODULE_NOT_FOUND'\u001b[39m,\n  requireStack: []\n}\n\nNode.js v25.1.0\n\n    at /Users/peter/github/opencode-workflow-kit/packages/cody-beads-integration/tests/e2e/cli-workflows.spec.ts:48:20",
                        "location": {
                          "file": "/Users/peter/github/opencode-workflow-kit/packages/cody-beads-integration/tests/e2e/cli-workflows.spec.ts",
                          "column": 20,
                          "line": 48
                        },
                        "snippet": "  46 |\n  47 |     // Mock interactive responses\n> 48 |     const result = execSync(`echo -e \"test-owner\\\\ntest-repo\\\\ntest-token\\\\n\" | node dist/bin/cody-beads.js config setup`, {\n     |                    ^\n  49 |       cwd: testDir,\n  50 |       encoding: 'utf8'\n  51 |     });"
                      },
                      "errors": [
                        {
                          "location": {
                            "file": "/Users/peter/github/opencode-workflow-kit/packages/cody-beads-integration/tests/e2e/cli-workflows.spec.ts",
                            "column": 20,
                            "line": 48
                          },
                          "message": "Error: Command failed: echo -e \"test-owner\\ntest-repo\\ntest-token\\n\" | node dist/bin/cody-beads.js config setup\nnode:internal/modules/cjs/loader:1423\n  throw err;\n  ^\n\nError: Cannot find module '/Users/peter/github/opencode-workflow-kit/packages/cody-beads-integration/test-temp-cli/dist/bin/cody-beads.js'\n\u001b[90m    at Module._resolveFilename (node:internal/modules/cjs/loader:1420:15)\u001b[39m\n\u001b[90m    at defaultResolveImpl (node:internal/modules/cjs/loader:1058:19)\u001b[39m\n\u001b[90m    at resolveForCJSWithHooks (node:internal/modules/cjs/loader:1063:22)\u001b[39m\n\u001b[90m    at Module._load (node:internal/modules/cjs/loader:1226:37)\u001b[39m\n\u001b[90m    at TracingChannel.traceSync (node:diagnostics_channel:328:14)\u001b[39m\n\u001b[90m    at wrapModuleLoad (node:internal/modules/cjs/loader:245:24)\u001b[39m\n\u001b[90m    at Module.executeUserEntryPoint [as runMain] (node:internal/modules/run_main:154:5)\u001b[39m\n\u001b[90m    at node:internal/main/run_main_module:33:47\u001b[39m {\n  code: \u001b[32m'MODULE_NOT_FOUND'\u001b[39m,\n  requireStack: []\n}\n\nNode.js v25.1.0\n\n\n  46 |\n  47 |     // Mock interactive responses\n> 48 |     const result = execSync(`echo -e \"test-owner\\\\ntest-repo\\\\ntest-token\\\\n\" | node dist/bin/cody-beads.js config setup`, {\n     |                    ^\n  49 |       cwd: testDir,\n  50 |       encoding: 'utf8'\n  51 |     });\n    at /Users/peter/github/opencode-workflow-kit/packages/cody-beads-integration/tests/e2e/cli-workflows.spec.ts:48:20"
                        }
                      ],
                      "stdout": [],
                      "stderr": [
                        {
                          "text": "node:internal/modules/cjs/loader:1423\n  throw err;\n  ^\n\nError: Cannot find module '/Users/peter/github/opencode-workflow-kit/packages/cody-beads-integration/test-temp-cli/dist/bin/cody-beads.js'\n\u001b[90m    at Module._resolveFilename (node:internal/modules/cjs/loader:1420:15)\u001b[39m\n\u001b[90m    at defaultResolveImpl (node:internal/modules/cjs/loader:1058:19)\u001b[39m\n\u001b[90m    at resolveForCJSWithHooks (node:internal/modules/cjs/loader:1063:22)\u001b[39m\n\u001b[90m    at Module._load (node:internal/modules/cjs/loader:1226:37)\u001b[39m\n\u001b[90m    at TracingChannel.traceSync (node:diagnostics_channel:328:14)\u001b[39m\n\u001b[90m    at wrapModuleLoad (node:internal/modules/cjs/loader:245:24)\u001b[39m\n\u001b[90m    at Module.executeUserEntryPoint [as runMain] (node:internal/modules/run_main:154:5)\u001b[39m\n\u001b[90m    at node:internal/main/run_main_module:33:47\u001b[39m {\n  code: \u001b[32m'MODULE_NOT_FOUND'\u001b[39m,\n  requireStack: []\n}\n\nNode.js v25.1.0\n"
                        }
                      ],
                      "retry": 0,
                      "startTime": "2025-12-01T20:15:01.051Z",
                      "annotations": [],
                      "attachments": [
                        {
                          "name": "screenshot",
                          "contentType": "image/png",
                          "path": "/Users/peter/github/opencode-workflow-kit/packages/cody-beads-integration/test-results/cli-workflows-CLI-Workflow-18cb8-configuration-interactively-chromium/test-failed-1.png"
                        },
                        {
                          "name": "video",
                          "contentType": "video/webm",
                          "path": "/Users/peter/github/opencode-workflow-kit/packages/cody-beads-integration/test-results/cli-workflows-CLI-Workflow-18cb8-configuration-interactively-chromium/video.webm"
                        }
                      ],
                      "errorLocation": {
                        "file": "/Users/peter/github/opencode-workflow-kit/packages/cody-beads-integration/tests/e2e/cli-workflows.spec.ts",
                        "column": 20,
                        "line": 48
                      }
                    }
                  ],
                  "status": "unexpected"
                }
              ],
              "id": "5e4dfb9a968a2c998c24-598a640c2159faf0a218",
              "file": "cli-workflows.spec.ts",
              "line": 41,
              "column": 3
            },
            {
              "title": "should list available templates",
              "ok": false,
              "tags": [],
              "tests": [
                {
                  "timeout": 60000,
                  "annotations": [],
                  "expectedStatus": "passed",
                  "projectId": "chromium",
                  "projectName": "chromium",
                  "results": [
                    {
                      "workerIndex": 2,
                      "parallelIndex": 2,
                      "status": "failed",
                      "duration": 84,
                      "error": {
                        "message": "Error: Command failed: node dist/bin/cody-beads.js template list\nnode:internal/modules/cjs/loader:1423\n  throw err;\n  ^\n\nError: Cannot find module '/Users/peter/github/opencode-workflow-kit/packages/cody-beads-integration/test-temp-cli/dist/bin/cody-beads.js'\n\u001b[90m    at Module._resolveFilename (node:internal/modules/cjs/loader:1420:15)\u001b[39m\n\u001b[90m    at defaultResolveImpl (node:internal/modules/cjs/loader:1058:19)\u001b[39m\n\u001b[90m    at resolveForCJSWithHooks (node:internal/modules/cjs/loader:1063:22)\u001b[39m\n\u001b[90m    at Module._load (node:internal/modules/cjs/loader:1226:37)\u001b[39m\n\u001b[90m    at TracingChannel.traceSync (node:diagnostics_channel:328:14)\u001b[39m\n\u001b[90m    at wrapModuleLoad (node:internal/modules/cjs/loader:245:24)\u001b[39m\n\u001b[90m    at Module.executeUserEntryPoint [as runMain] (node:internal/modules/run_main:154:5)\u001b[39m\n\u001b[90m    at node:internal/main/run_main_module:33:47\u001b[39m {\n  code: \u001b[32m'MODULE_NOT_FOUND'\u001b[39m,\n  requireStack: []\n}\n\nNode.js v25.1.0\n",
                        "stack": "Error: Command failed: node dist/bin/cody-beads.js template list\nnode:internal/modules/cjs/loader:1423\n  throw err;\n  ^\n\nError: Cannot find module '/Users/peter/github/opencode-workflow-kit/packages/cody-beads-integration/test-temp-cli/dist/bin/cody-beads.js'\n\u001b[90m    at Module._resolveFilename (node:internal/modules/cjs/loader:1420:15)\u001b[39m\n\u001b[90m    at defaultResolveImpl (node:internal/modules/cjs/loader:1058:19)\u001b[39m\n\u001b[90m    at resolveForCJSWithHooks (node:internal/modules/cjs/loader:1063:22)\u001b[39m\n\u001b[90m    at Module._load (node:internal/modules/cjs/loader:1226:37)\u001b[39m\n\u001b[90m    at TracingChannel.traceSync (node:diagnostics_channel:328:14)\u001b[39m\n\u001b[90m    at wrapModuleLoad (node:internal/modules/cjs/loader:245:24)\u001b[39m\n\u001b[90m    at Module.executeUserEntryPoint [as runMain] (node:internal/modules/run_main:154:5)\u001b[39m\n\u001b[90m    at node:internal/main/run_main_module:33:47\u001b[39m {\n  code: \u001b[32m'MODULE_NOT_FOUND'\u001b[39m,\n  requireStack: []\n}\n\nNode.js v25.1.0\n\n    at /Users/peter/github/opencode-workflow-kit/packages/cody-beads-integration/tests/e2e/cli-workflows.spec.ts:58:20",
                        "location": {
                          "file": "/Users/peter/github/opencode-workflow-kit/packages/cody-beads-integration/tests/e2e/cli-workflows.spec.ts",
                          "column": 20,
                          "line": 58
                        },
                        "snippet": "  56 |\n  57 |   test('should list available templates', async () => {\n> 58 |     const result = execSync('node dist/bin/cody-beads.js template list', {\n     |                    ^\n  59 |       cwd: testDir,\n  60 |       encoding: 'utf8'\n  61 |     });"
                      },
                      "errors": [
                        {
                          "location": {
                            "file": "/Users/peter/github/opencode-workflow-kit/packages/cody-beads-integration/tests/e2e/cli-workflows.spec.ts",
                            "column": 20,
                            "line": 58
                          },
                          "message": "Error: Command failed: node dist/bin/cody-beads.js template list\nnode:internal/modules/cjs/loader:1423\n  throw err;\n  ^\n\nError: Cannot find module '/Users/peter/github/opencode-workflow-kit/packages/cody-beads-integration/test-temp-cli/dist/bin/cody-beads.js'\n\u001b[90m    at Module._resolveFilename (node:internal/modules/cjs/loader:1420:15)\u001b[39m\n\u001b[90m    at defaultResolveImpl (node:internal/modules/cjs/loader:1058:19)\u001b[39m\n\u001b[90m    at resolveForCJSWithHooks (node:internal/modules/cjs/loader:1063:22)\u001b[39m\n\u001b[90m    at Module._load (node:internal/modules/cjs/loader:1226:37)\u001b[39m\n\u001b[90m    at TracingChannel.traceSync (node:diagnostics_channel:328:14)\u001b[39m\n\u001b[90m    at wrapModuleLoad (node:internal/modules/cjs/loader:245:24)\u001b[39m\n\u001b[90m    at Module.executeUserEntryPoint [as runMain] (node:internal/modules/run_main:154:5)\u001b[39m\n\u001b[90m    at node:internal/main/run_main_module:33:47\u001b[39m {\n  code: \u001b[32m'MODULE_NOT_FOUND'\u001b[39m,\n  requireStack: []\n}\n\nNode.js v25.1.0\n\n\n  56 |\n  57 |   test('should list available templates', async () => {\n> 58 |     const result = execSync('node dist/bin/cody-beads.js template list', {\n     |                    ^\n  59 |       cwd: testDir,\n  60 |       encoding: 'utf8'\n  61 |     });\n    at /Users/peter/github/opencode-workflow-kit/packages/cody-beads-integration/tests/e2e/cli-workflows.spec.ts:58:20"
                        }
                      ],
                      "stdout": [],
                      "stderr": [
                        {
                          "text": "node:internal/modules/cjs/loader:1423\n  throw err;\n  ^\n\nError: Cannot find module '/Users/peter/github/opencode-workflow-kit/packages/cody-beads-integration/test-temp-cli/dist/bin/cody-beads.js'\n\u001b[90m    at Module._resolveFilename (node:internal/modules/cjs/loader:1420:15)\u001b[39m\n\u001b[90m    at defaultResolveImpl (node:internal/modules/cjs/loader:1058:19)\u001b[39m\n\u001b[90m    at resolveForCJSWithHooks (node:internal/modules/cjs/loader:1063:22)\u001b[39m\n\u001b[90m    at Module._load (node:internal/modules/cjs/loader:1226:37)\u001b[39m\n\u001b[90m    at TracingChannel.traceSync (node:diagnostics_channel:328:14)\u001b[39m\n\u001b[90m    at wrapModuleLoad (node:internal/modules/cjs/loader:245:24)\u001b[39m\n\u001b[90m    at Module.executeUserEntryPoint [as runMain] (node:internal/modules/run_main:154:5)\u001b[39m\n\u001b[90m    at node:internal/main/run_main_module:33:47\u001b[39m {\n  code: \u001b[32m'MODULE_NOT_FOUND'\u001b[39m,\n  requireStack: []\n}\n\nNode.js v25.1.0\n"
                        }
                      ],
                      "retry": 0,
                      "startTime": "2025-12-01T20:15:01.044Z",
                      "annotations": [],
                      "attachments": [],
                      "errorLocation": {
                        "file": "/Users/peter/github/opencode-workflow-kit/packages/cody-beads-integration/tests/e2e/cli-workflows.spec.ts",
                        "column": 20,
                        "line": 58
                      }
                    }
                  ],
                  "status": "unexpected"
                }
              ],
              "id": "5e4dfb9a968a2c998c24-db9d61f66fabf5a38131",
              "file": "cli-workflows.spec.ts",
              "line": 57,
              "column": 3
            },
            {
              "title": "should apply template and create project",
              "ok": false,
              "tags": [],
              "tests": [
                {
                  "timeout": 60000,
                  "annotations": [],
                  "expectedStatus": "passed",
                  "projectId": "chromium",
                  "projectName": "chromium",
                  "results": [
                    {
                      "workerIndex": 3,
                      "parallelIndex": 3,
                      "status": "failed",
                      "duration": 71,
                      "error": {
                        "message": "Error: Command failed: node dist/bin/cody-beads.js template apply minimal --name test-project\nnode:internal/modules/cjs/loader:1423\n  throw err;\n  ^\n\nError: Cannot find module '/Users/peter/github/opencode-workflow-kit/packages/cody-beads-integration/test-temp-cli/dist/bin/cody-beads.js'\n\u001b[90m    at Module._resolveFilename (node:internal/modules/cjs/loader:1420:15)\u001b[39m\n\u001b[90m    at defaultResolveImpl (node:internal/modules/cjs/loader:1058:19)\u001b[39m\n\u001b[90m    at resolveForCJSWithHooks (node:internal/modules/cjs/loader:1063:22)\u001b[39m\n\u001b[90m    at Module._load (node:internal/modules/cjs/loader:1226:37)\u001b[39m\n\u001b[90m    at TracingChannel.traceSync (node:diagnostics_channel:328:14)\u001b[39m\n\u001b[90m    at wrapModuleLoad (node:internal/modules/cjs/loader:245:24)\u001b[39m\n\u001b[90m    at Module.executeUserEntryPoint [as runMain] (node:internal/modules/run_main:154:5)\u001b[39m\n\u001b[90m    at node:internal/main/run_main_module:33:47\u001b[39m {\n  code: \u001b[32m'MODULE_NOT_FOUND'\u001b[39m,\n  requireStack: []\n}\n\nNode.js v25.1.0\n",
                        "stack": "Error: Command failed: node dist/bin/cody-beads.js template apply minimal --name test-project\nnode:internal/modules/cjs/loader:1423\n  throw err;\n  ^\n\nError: Cannot find module '/Users/peter/github/opencode-workflow-kit/packages/cody-beads-integration/test-temp-cli/dist/bin/cody-beads.js'\n\u001b[90m    at Module._resolveFilename (node:internal/modules/cjs/loader:1420:15)\u001b[39m\n\u001b[90m    at defaultResolveImpl (node:internal/modules/cjs/loader:1058:19)\u001b[39m\n\u001b[90m    at resolveForCJSWithHooks (node:internal/modules/cjs/loader:1063:22)\u001b[39m\n\u001b[90m    at Module._load (node:internal/modules/cjs/loader:1226:37)\u001b[39m\n\u001b[90m    at TracingChannel.traceSync (node:diagnostics_channel:328:14)\u001b[39m\n\u001b[90m    at wrapModuleLoad (node:internal/modules/cjs/loader:245:24)\u001b[39m\n\u001b[90m    at Module.executeUserEntryPoint [as runMain] (node:internal/modules/run_main:154:5)\u001b[39m\n\u001b[90m    at node:internal/main/run_main_module:33:47\u001b[39m {\n  code: \u001b[32m'MODULE_NOT_FOUND'\u001b[39m,\n  requireStack: []\n}\n\nNode.js v25.1.0\n\n    at /Users/peter/github/opencode-workflow-kit/packages/cody-beads-integration/tests/e2e/cli-workflows.spec.ts:73:5",
                        "location": {
                          "file": "/Users/peter/github/opencode-workflow-kit/packages/cody-beads-integration/tests/e2e/cli-workflows.spec.ts",
                          "column": 5,
                          "line": 73
                        },
                        "snippet": "  71 |     const projectDir = join(testDir, projectName);\n  72 |\n> 73 |     execSync(`node dist/bin/cody-beads.js template apply minimal --name ${projectName}`, {\n     |     ^\n  74 |       cwd: testDir,\n  75 |       encoding: 'utf8'\n  76 |     });"
                      },
                      "errors": [
                        {
                          "location": {
                            "file": "/Users/peter/github/opencode-workflow-kit/packages/cody-beads-integration/tests/e2e/cli-workflows.spec.ts",
                            "column": 5,
                            "line": 73
                          },
                          "message": "Error: Command failed: node dist/bin/cody-beads.js template apply minimal --name test-project\nnode:internal/modules/cjs/loader:1423\n  throw err;\n  ^\n\nError: Cannot find module '/Users/peter/github/opencode-workflow-kit/packages/cody-beads-integration/test-temp-cli/dist/bin/cody-beads.js'\n\u001b[90m    at Module._resolveFilename (node:internal/modules/cjs/loader:1420:15)\u001b[39m\n\u001b[90m    at defaultResolveImpl (node:internal/modules/cjs/loader:1058:19)\u001b[39m\n\u001b[90m    at resolveForCJSWithHooks (node:internal/modules/cjs/loader:1063:22)\u001b[39m\n\u001b[90m    at Module._load (node:internal/modules/cjs/loader:1226:37)\u001b[39m\n\u001b[90m    at TracingChannel.traceSync (node:diagnostics_channel:328:14)\u001b[39m\n\u001b[90m    at wrapModuleLoad (node:internal/modules/cjs/loader:245:24)\u001b[39m\n\u001b[90m    at Module.executeUserEntryPoint [as runMain] (node:internal/modules/run_main:154:5)\u001b[39m\n\u001b[90m    at node:internal/main/run_main_module:33:47\u001b[39m {\n  code: \u001b[32m'MODULE_NOT_FOUND'\u001b[39m,\n  requireStack: []\n}\n\nNode.js v25.1.0\n\n\n  71 |     const projectDir = join(testDir, projectName);\n  72 |\n> 73 |     execSync(`node dist/bin/cody-beads.js template apply minimal --name ${projectName}`, {\n     |     ^\n  74 |       cwd: testDir,\n  75 |       encoding: 'utf8'\n  76 |     });\n    at /Users/peter/github/opencode-workflow-kit/packages/cody-beads-integration/tests/e2e/cli-workflows.spec.ts:73:5"
                        }
                      ],
                      "stdout": [],
                      "stderr": [
                        {
                          "text": "node:internal/modules/cjs/loader:1423\n  throw err;\n  ^\n\nError: Cannot find module '/Users/peter/github/opencode-workflow-kit/packages/cody-beads-integration/test-temp-cli/dist/bin/cody-beads.js'\n\u001b[90m    at Module._resolveFilename (node:internal/modules/cjs/loader:1420:15)\u001b[39m\n\u001b[90m    at defaultResolveImpl (node:internal/modules/cjs/loader:1058:19)\u001b[39m\n\u001b[90m    at resolveForCJSWithHooks (node:internal/modules/cjs/loader:1063:22)\u001b[39m\n\u001b[90m    at Module._load (node:internal/modules/cjs/loader:1226:37)\u001b[39m\n\u001b[90m    at TracingChannel.traceSync (node:diagnostics_channel:328:14)\u001b[39m\n\u001b[90m    at wrapModuleLoad (node:internal/modules/cjs/loader:245:24)\u001b[39m\n\u001b[90m    at Module.executeUserEntryPoint [as runMain] (node:internal/modules/run_main:154:5)\u001b[39m\n\u001b[90m    at node:internal/main/run_main_module:33:47\u001b[39m {\n  code: \u001b[32m'MODULE_NOT_FOUND'\u001b[39m,\n  requireStack: []\n}\n\nNode.js v25.1.0\n"
                        }
                      ],
                      "retry": 0,
                      "startTime": "2025-12-01T20:15:01.055Z",
                      "annotations": [],
                      "attachments": [],
                      "errorLocation": {
                        "file": "/Users/peter/github/opencode-workflow-kit/packages/cody-beads-integration/tests/e2e/cli-workflows.spec.ts",
                        "column": 5,
                        "line": 73
                      }
                    }
                  ],
                  "status": "unexpected"
                }
              ],
              "id": "5e4dfb9a968a2c998c24-1155b2ef1cf9b6d06edc",
              "file": "cli-workflows.spec.ts",
              "line": 69,
              "column": 3
            },
            {
              "title": "should handle sync with dry run",
              "ok": false,
              "tags": [],
              "tests": [
                {
                  "timeout": 60000,
                  "annotations": [],
                  "expectedStatus": "passed",
                  "projectId": "chromium",
                  "projectName": "chromium",
                  "results": [
                    {
                      "workerIndex": 4,
                      "parallelIndex": 2,
                      "status": "failed",
                      "duration": 11,
                      "error": {
                        "message": "ReferenceError: require is not defined",
                        "stack": "ReferenceError: require is not defined\n    at /Users/peter/github/opencode-workflow-kit/packages/cody-beads-integration/tests/e2e/cli-workflows.spec.ts:98:5",
                        "location": {
                          "file": "/Users/peter/github/opencode-workflow-kit/packages/cody-beads-integration/tests/e2e/cli-workflows.spec.ts",
                          "column": 5,
                          "line": 98
                        },
                        "snippet": "   96 |\n   97 |     const configPath = join(testDir, 'cody-beads.config.json');\n>  98 |     require('fs').writeFileSync(configPath, JSON.stringify(config, null, 2));\n      |     ^\n   99 |\n  100 |     const result = execSync('node dist/bin/cody-beads.js sync --dry-run', {\n  101 |       cwd: testDir,"
                      },
                      "errors": [
                        {
                          "location": {
                            "file": "/Users/peter/github/opencode-workflow-kit/packages/cody-beads-integration/tests/e2e/cli-workflows.spec.ts",
                            "column": 5,
                            "line": 98
                          },
                          "message": "ReferenceError: require is not defined\n\n   96 |\n   97 |     const configPath = join(testDir, 'cody-beads.config.json');\n>  98 |     require('fs').writeFileSync(configPath, JSON.stringify(config, null, 2));\n      |     ^\n   99 |\n  100 |     const result = execSync('node dist/bin/cody-beads.js sync --dry-run', {\n  101 |       cwd: testDir,\n    at /Users/peter/github/opencode-workflow-kit/packages/cody-beads-integration/tests/e2e/cli-workflows.spec.ts:98:5"
                        }
                      ],
                      "stdout": [],
                      "stderr": [],
                      "retry": 0,
                      "startTime": "2025-12-01T20:15:01.556Z",
                      "annotations": [],
                      "attachments": [],
                      "errorLocation": {
                        "file": "/Users/peter/github/opencode-workflow-kit/packages/cody-beads-integration/tests/e2e/cli-workflows.spec.ts",
                        "column": 5,
                        "line": 98
                      }
                    }
                  ],
                  "status": "unexpected"
                }
              ],
              "id": "5e4dfb9a968a2c998c24-521924bbffe5a565cb59",
              "file": "cli-workflows.spec.ts",
              "line": 83,
              "column": 3
            },
            {
              "title": "should show error for invalid configuration",
              "ok": false,
              "tags": [],
              "tests": [
                {
                  "timeout": 60000,
                  "annotations": [],
                  "expectedStatus": "passed",
                  "projectId": "chromium",
                  "projectName": "chromium",
                  "results": [
                    {
                      "workerIndex": 5,
                      "parallelIndex": 3,
                      "status": "failed",
                      "duration": 11,
                      "error": {
                        "message": "ReferenceError: require is not defined",
                        "stack": "ReferenceError: require is not defined\n    at /Users/peter/github/opencode-workflow-kit/packages/cody-beads-integration/tests/e2e/cli-workflows.spec.ts:112:5",
                        "location": {
                          "file": "/Users/peter/github/opencode-workflow-kit/packages/cody-beads-integration/tests/e2e/cli-workflows.spec.ts",
                          "column": 5,
                          "line": 112
                        },
                        "snippet": "  110 |     // Test with invalid configuration\n  111 |     const configPath = join(testDir, 'cody-beads.config.json');\n> 112 |     require('fs').writeFileSync(configPath, '{ invalid json }');\n      |     ^\n  113 |\n  114 |     const result = execSync('node dist/bin/cody-beads.js config test 2>&1 || true', {\n  115 |       cwd: testDir,"
                      },
                      "errors": [
                        {
                          "location": {
                            "file": "/Users/peter/github/opencode-workflow-kit/packages/cody-beads-integration/tests/e2e/cli-workflows.spec.ts",
                            "column": 5,
                            "line": 112
                          },
                          "message": "ReferenceError: require is not defined\n\n  110 |     // Test with invalid configuration\n  111 |     const configPath = join(testDir, 'cody-beads.config.json');\n> 112 |     require('fs').writeFileSync(configPath, '{ invalid json }');\n      |     ^\n  113 |\n  114 |     const result = execSync('node dist/bin/cody-beads.js config test 2>&1 || true', {\n  115 |       cwd: testDir,\n    at /Users/peter/github/opencode-workflow-kit/packages/cody-beads-integration/tests/e2e/cli-workflows.spec.ts:112:5"
                        }
                      ],
                      "stdout": [],
                      "stderr": [],
                      "retry": 0,
                      "startTime": "2025-12-01T20:15:01.556Z",
                      "annotations": [],
                      "attachments": [],
                      "errorLocation": {
                        "file": "/Users/peter/github/opencode-workflow-kit/packages/cody-beads-integration/tests/e2e/cli-workflows.spec.ts",
                        "column": 5,
                        "line": 112
                      }
                    }
                  ],
                  "status": "unexpected"
                }
              ],
              "id": "5e4dfb9a968a2c998c24-61f5fefb6c724297f27f",
              "file": "cli-workflows.spec.ts",
              "line": 109,
              "column": 3
            },
            {
              "title": "should version operations work correctly",
              "ok": false,
              "tags": [],
              "tests": [
                {
                  "timeout": 60000,
                  "annotations": [],
                  "expectedStatus": "passed",
                  "projectId": "chromium",
                  "projectName": "chromium",
                  "results": [
                    {
                      "workerIndex": 6,
                      "parallelIndex": 3,
                      "status": "failed",
                      "duration": 73,
                      "error": {
                        "message": "Error: Command failed: node dist/bin/cody-beads.js version add --name \"Test Version\" --features \"test features\"\nnode:internal/modules/cjs/loader:1423\n  throw err;\n  ^\n\nError: Cannot find module '/Users/peter/github/opencode-workflow-kit/packages/cody-beads-integration/test-temp-cli/dist/bin/cody-beads.js'\n\u001b[90m    at Module._resolveFilename (node:internal/modules/cjs/loader:1420:15)\u001b[39m\n\u001b[90m    at defaultResolveImpl (node:internal/modules/cjs/loader:1058:19)\u001b[39m\n\u001b[90m    at resolveForCJSWithHooks (node:internal/modules/cjs/loader:1063:22)\u001b[39m\n\u001b[90m    at Module._load (node:internal/modules/cjs/loader:1226:37)\u001b[39m\n\u001b[90m    at TracingChannel.traceSync (node:diagnostics_channel:328:14)\u001b[39m\n\u001b[90m    at wrapModuleLoad (node:internal/modules/cjs/loader:245:24)\u001b[39m\n\u001b[90m    at Module.executeUserEntryPoint [as runMain] (node:internal/modules/run_main:154:5)\u001b[39m\n\u001b[90m    at node:internal/main/run_main_module:33:47\u001b[39m {\n  code: \u001b[32m'MODULE_NOT_FOUND'\u001b[39m,\n  requireStack: []\n}\n\nNode.js v25.1.0\n",
                        "stack": "Error: Command failed: node dist/bin/cody-beads.js version add --name \"Test Version\" --features \"test features\"\nnode:internal/modules/cjs/loader:1423\n  throw err;\n  ^\n\nError: Cannot find module '/Users/peter/github/opencode-workflow-kit/packages/cody-beads-integration/test-temp-cli/dist/bin/cody-beads.js'\n\u001b[90m    at Module._resolveFilename (node:internal/modules/cjs/loader:1420:15)\u001b[39m\n\u001b[90m    at defaultResolveImpl (node:internal/modules/cjs/loader:1058:19)\u001b[39m\n\u001b[90m    at resolveForCJSWithHooks (node:internal/modules/cjs/loader:1063:22)\u001b[39m\n\u001b[90m    at Module._load (node:internal/modules/cjs/loader:1226:37)\u001b[39m\n\u001b[90m    at TracingChannel.traceSync (node:diagnostics_channel:328:14)\u001b[39m\n\u001b[90m    at wrapModuleLoad (node:internal/modules/cjs/loader:245:24)\u001b[39m\n\u001b[90m    at Module.executeUserEntryPoint [as runMain] (node:internal/modules/run_main:154:5)\u001b[39m\n\u001b[90m    at node:internal/main/run_main_module:33:47\u001b[39m {\n  code: \u001b[32m'MODULE_NOT_FOUND'\u001b[39m,\n  requireStack: []\n}\n\nNode.js v25.1.0\n\n    at /Users/peter/github/opencode-workflow-kit/packages/cody-beads-integration/tests/e2e/cli-workflows.spec.ts:125:5",
                        "location": {
                          "file": "/Users/peter/github/opencode-workflow-kit/packages/cody-beads-integration/tests/e2e/cli-workflows.spec.ts",
                          "column": 5,
                          "line": 125
                        },
                        "snippet": "  123 |   test('should version operations work correctly', async () => {\n  124 |     // Test version add\n> 125 |     execSync(`node dist/bin/cody-beads.js version add --name \"Test Version\" --features \"test features\"`, {\n      |     ^\n  126 |       cwd: testDir,\n  127 |       encoding: 'utf8'\n  128 |     });"
                      },
                      "errors": [
                        {
                          "location": {
                            "file": "/Users/peter/github/opencode-workflow-kit/packages/cody-beads-integration/tests/e2e/cli-workflows.spec.ts",
                            "column": 5,
                            "line": 125
                          },
                          "message": "Error: Command failed: node dist/bin/cody-beads.js version add --name \"Test Version\" --features \"test features\"\nnode:internal/modules/cjs/loader:1423\n  throw err;\n  ^\n\nError: Cannot find module '/Users/peter/github/opencode-workflow-kit/packages/cody-beads-integration/test-temp-cli/dist/bin/cody-beads.js'\n\u001b[90m    at Module._resolveFilename (node:internal/modules/cjs/loader:1420:15)\u001b[39m\n\u001b[90m    at defaultResolveImpl (node:internal/modules/cjs/loader:1058:19)\u001b[39m\n\u001b[90m    at resolveForCJSWithHooks (node:internal/modules/cjs/loader:1063:22)\u001b[39m\n\u001b[90m    at Module._load (node:internal/modules/cjs/loader:1226:37)\u001b[39m\n\u001b[90m    at TracingChannel.traceSync (node:diagnostics_channel:328:14)\u001b[39m\n\u001b[90m    at wrapModuleLoad (node:internal/modules/cjs/loader:245:24)\u001b[39m\n\u001b[90m    at Module.executeUserEntryPoint [as runMain] (node:internal/modules/run_main:154:5)\u001b[39m\n\u001b[90m    at node:internal/main/run_main_module:33:47\u001b[39m {\n  code: \u001b[32m'MODULE_NOT_FOUND'\u001b[39m,\n  requireStack: []\n}\n\nNode.js v25.1.0\n\n\n  123 |   test('should version operations work correctly', async () => {\n  124 |     // Test version add\n> 125 |     execSync(`node dist/bin/cody-beads.js version add --name \"Test Version\" --features \"test features\"`, {\n      |     ^\n  126 |       cwd: testDir,\n  127 |       encoding: 'utf8'\n  128 |     });\n    at /Users/peter/github/opencode-workflow-kit/packages/cody-beads-integration/tests/e2e/cli-workflows.spec.ts:125:5"
                        }
                      ],
                      "stdout": [],
                      "stderr": [
                        {
                          "text": "node:internal/modules/cjs/loader:1423\n  throw err;\n  ^\n\nError: Cannot find module '/Users/peter/github/opencode-workflow-kit/packages/cody-beads-integration/test-temp-cli/dist/bin/cody-beads.js'\n\u001b[90m    at Module._resolveFilename (node:internal/modules/cjs/loader:1420:15)\u001b[39m\n\u001b[90m    at defaultResolveImpl (node:internal/modules/cjs/loader:1058:19)\u001b[39m\n\u001b[90m    at resolveForCJSWithHooks (node:internal/modules/cjs/loader:1063:22)\u001b[39m\n\u001b[90m    at Module._load (node:internal/modules/cjs/loader:1226:37)\u001b[39m\n\u001b[90m    at TracingChannel.traceSync (node:diagnostics_channel:328:14)\u001b[39m\n\u001b[90m    at wrapModuleLoad (node:internal/modules/cjs/loader:245:24)\u001b[39m\n\u001b[90m    at Module.executeUserEntryPoint [as runMain] (node:internal/modules/run_main:154:5)\u001b[39m\n\u001b[90m    at node:internal/main/run_main_module:33:47\u001b[39m {\n  code: \u001b[32m'MODULE_NOT_FOUND'\u001b[39m,\n  requireStack: []\n}\n\nNode.js v25.1.0\n"
                        }
                      ],
                      "retry": 0,
                      "startTime": "2025-12-01T20:15:01.988Z",
                      "annotations": [],
                      "attachments": [],
                      "errorLocation": {
                        "file": "/Users/peter/github/opencode-workflow-kit/packages/cody-beads-integration/tests/e2e/cli-workflows.spec.ts",
                        "column": 5,
                        "line": 125
                      }
                    }
                  ],
                  "status": "unexpected"
                }
              ],
              "id": "5e4dfb9a968a2c998c24-ef95772e162a37e5497e",
              "file": "cli-workflows.spec.ts",
              "line": 123,
              "column": 3
            },
            {
              "title": "should show help information",
              "ok": false,
              "tags": [],
              "tests": [
                {
                  "timeout": 60000,
                  "annotations": [],
                  "expectedStatus": "passed",
                  "projectId": "firefox",
                  "projectName": "firefox",
                  "results": [
                    {
                      "workerIndex": 9,
                      "parallelIndex": 3,
                      "status": "failed",
                      "duration": 12974,
                      "error": {
                        "message": "Error: Command failed: npm run build && node dist/bin/cody-beads.js --help\nnode:internal/bootstrap/switches/does_own_process_state:142\n    cachedCwd = rawMethods.cwd();\n                           ^\n\nError: ENOENT: no such file or directory, uv_cwd\n\u001b[90m    at process.wrappedCwd [as cwd] (node:internal/bootstrap/switches/does_own_process_state:142:28)\u001b[39m\n\u001b[90m    at node:path:1236:24\u001b[39m\n\u001b[90m    at Object.resolve (node:path:1270:19)\u001b[39m\n\u001b[90m    at resolveMainPath (node:internal/modules/run_main:35:36)\u001b[39m\n\u001b[90m    at Module.executeUserEntryPoint [as runMain] (node:internal/modules/run_main:146:20)\u001b[39m\n\u001b[90m    at node:internal/main/run_main_module:33:47\u001b[39m {\n  errno: \u001b[33m-2\u001b[39m,\n  code: \u001b[32m'ENOENT'\u001b[39m,\n  syscall: \u001b[32m'uv_cwd'\u001b[39m\n}\n\nNode.js v25.1.0\n",
                        "stack": "Error: Command failed: npm run build && node dist/bin/cody-beads.js --help\nnode:internal/bootstrap/switches/does_own_process_state:142\n    cachedCwd = rawMethods.cwd();\n                           ^\n\nError: ENOENT: no such file or directory, uv_cwd\n\u001b[90m    at process.wrappedCwd [as cwd] (node:internal/bootstrap/switches/does_own_process_state:142:28)\u001b[39m\n\u001b[90m    at node:path:1236:24\u001b[39m\n\u001b[90m    at Object.resolve (node:path:1270:19)\u001b[39m\n\u001b[90m    at resolveMainPath (node:internal/modules/run_main:35:36)\u001b[39m\n\u001b[90m    at Module.executeUserEntryPoint [as runMain] (node:internal/modules/run_main:146:20)\u001b[39m\n\u001b[90m    at node:internal/main/run_main_module:33:47\u001b[39m {\n  errno: \u001b[33m-2\u001b[39m,\n  code: \u001b[32m'ENOENT'\u001b[39m,\n  syscall: \u001b[32m'uv_cwd'\u001b[39m\n}\n\nNode.js v25.1.0\n\n    at /Users/peter/github/opencode-workflow-kit/packages/cody-beads-integration/tests/e2e/cli-workflows.spec.ts:29:20",
                        "location": {
                          "file": "/Users/peter/github/opencode-workflow-kit/packages/cody-beads-integration/tests/e2e/cli-workflows.spec.ts",
                          "column": 20,
                          "line": 29
                        },
                        "snippet": "  27 |     // Navigate to CLI help page (if you have a web interface)\n  28 |     // or use execSync for actual CLI commands\n> 29 |     const result = execSync('npm run build && node dist/bin/cody-beads.js --help', {\n     |                    ^\n  30 |       cwd: testDir,\n  31 |       encoding: 'utf8'\n  32 |     });"
                      },
                      "errors": [
                        {
                          "location": {
                            "file": "/Users/peter/github/opencode-workflow-kit/packages/cody-beads-integration/tests/e2e/cli-workflows.spec.ts",
                            "column": 20,
                            "line": 29
                          },
                          "message": "Error: Command failed: npm run build && node dist/bin/cody-beads.js --help\nnode:internal/bootstrap/switches/does_own_process_state:142\n    cachedCwd = rawMethods.cwd();\n                           ^\n\nError: ENOENT: no such file or directory, uv_cwd\n\u001b[90m    at process.wrappedCwd [as cwd] (node:internal/bootstrap/switches/does_own_process_state:142:28)\u001b[39m\n\u001b[90m    at node:path:1236:24\u001b[39m\n\u001b[90m    at Object.resolve (node:path:1270:19)\u001b[39m\n\u001b[90m    at resolveMainPath (node:internal/modules/run_main:35:36)\u001b[39m\n\u001b[90m    at Module.executeUserEntryPoint [as runMain] (node:internal/modules/run_main:146:20)\u001b[39m\n\u001b[90m    at node:internal/main/run_main_module:33:47\u001b[39m {\n  errno: \u001b[33m-2\u001b[39m,\n  code: \u001b[32m'ENOENT'\u001b[39m,\n  syscall: \u001b[32m'uv_cwd'\u001b[39m\n}\n\nNode.js v25.1.0\n\n\n  27 |     // Navigate to CLI help page (if you have a web interface)\n  28 |     // or use execSync for actual CLI commands\n> 29 |     const result = execSync('npm run build && node dist/bin/cody-beads.js --help', {\n     |                    ^\n  30 |       cwd: testDir,\n  31 |       encoding: 'utf8'\n  32 |     });\n    at /Users/peter/github/opencode-workflow-kit/packages/cody-beads-integration/tests/e2e/cli-workflows.spec.ts:29:20"
                        }
                      ],
                      "stdout": [],
                      "stderr": [
                        {
                          "text": "node:internal/bootstrap/switches/does_own_process_state:142\n    cachedCwd = rawMethods.cwd();\n                           ^\n\nError: ENOENT: no such file or directory, uv_cwd\n\u001b[90m    at process.wrappedCwd [as cwd] (node:internal/bootstrap/switches/does_own_process_state:142:28)\u001b[39m\n\u001b[90m    at node:path:1236:24\u001b[39m\n\u001b[90m    at Object.resolve (node:path:1270:19)\u001b[39m\n\u001b[90m    at resolveMainPath (node:internal/modules/run_main:35:36)\u001b[39m\n\u001b[90m    at Module.executeUserEntryPoint [as runMain] (node:internal/modules/run_main:146:20)\u001b[39m\n\u001b[90m    at node:internal/main/run_main_module:33:47\u001b[39m {\n  errno: \u001b[33m-2\u001b[39m,\n  code: \u001b[32m'ENOENT'\u001b[39m,\n  syscall: \u001b[32m'uv_cwd'\u001b[39m\n}\n\nNode.js v25.1.0\n"
                        }
                      ],
                      "retry": 0,
                      "startTime": "2025-12-01T20:15:02.680Z",
                      "annotations": [],
                      "attachments": [
                        {
                          "name": "screenshot",
                          "contentType": "image/png",
                          "path": "/Users/peter/github/opencode-workflow-kit/packages/cody-beads-integration/test-results/cli-workflows-CLI-Workflows-should-show-help-information-firefox/test-failed-1.png"
                        },
                        {
                          "name": "video",
                          "contentType": "video/webm",
                          "path": "/Users/peter/github/opencode-workflow-kit/packages/cody-beads-integration/test-results/cli-workflows-CLI-Workflows-should-show-help-information-firefox/video.webm"
                        }
                      ],
                      "errorLocation": {
                        "file": "/Users/peter/github/opencode-workflow-kit/packages/cody-beads-integration/tests/e2e/cli-workflows.spec.ts",
                        "column": 20,
                        "line": 29
                      }
                    }
                  ],
                  "status": "unexpected"
                }
              ],
              "id": "5e4dfb9a968a2c998c24-c55fefa33e8c007c8ca4",
              "file": "cli-workflows.spec.ts",
              "line": 26,
              "column": 3
            },
            {
              "title": "should initialize configuration interactively",
              "ok": false,
              "tags": [],
              "tests": [
                {
                  "timeout": 60000,
                  "annotations": [],
                  "expectedStatus": "passed",
                  "projectId": "firefox",
                  "projectName": "firefox",
                  "results": [
                    {
                      "workerIndex": 10,
                      "parallelIndex": 2,
                      "status": "failed",
                      "duration": 2410,
                      "error": {
                        "message": "Error: Command failed: echo -e \"test-owner\\ntest-repo\\ntest-token\\n\" | node dist/bin/cody-beads.js config setup\nnode:internal/modules/cjs/loader:1423\n  throw err;\n  ^\n\nError: Cannot find module '/Users/peter/github/opencode-workflow-kit/packages/cody-beads-integration/test-temp-cli/dist/bin/cody-beads.js'\n\u001b[90m    at Module._resolveFilename (node:internal/modules/cjs/loader:1420:15)\u001b[39m\n\u001b[90m    at defaultResolveImpl (node:internal/modules/cjs/loader:1058:19)\u001b[39m\n\u001b[90m    at resolveForCJSWithHooks (node:internal/modules/cjs/loader:1063:22)\u001b[39m\n\u001b[90m    at Module._load (node:internal/modules/cjs/loader:1226:37)\u001b[39m\n\u001b[90m    at TracingChannel.traceSync (node:diagnostics_channel:328:14)\u001b[39m\n\u001b[90m    at wrapModuleLoad (node:internal/modules/cjs/loader:245:24)\u001b[39m\n\u001b[90m    at Module.executeUserEntryPoint [as runMain] (node:internal/modules/run_main:154:5)\u001b[39m\n\u001b[90m    at node:internal/main/run_main_module:33:47\u001b[39m {\n  code: \u001b[32m'MODULE_NOT_FOUND'\u001b[39m,\n  requireStack: []\n}\n\nNode.js v25.1.0\n",
                        "stack": "Error: Command failed: echo -e \"test-owner\\ntest-repo\\ntest-token\\n\" | node dist/bin/cody-beads.js config setup\nnode:internal/modules/cjs/loader:1423\n  throw err;\n  ^\n\nError: Cannot find module '/Users/peter/github/opencode-workflow-kit/packages/cody-beads-integration/test-temp-cli/dist/bin/cody-beads.js'\n\u001b[90m    at Module._resolveFilename (node:internal/modules/cjs/loader:1420:15)\u001b[39m\n\u001b[90m    at defaultResolveImpl (node:internal/modules/cjs/loader:1058:19)\u001b[39m\n\u001b[90m    at resolveForCJSWithHooks (node:internal/modules/cjs/loader:1063:22)\u001b[39m\n\u001b[90m    at Module._load (node:internal/modules/cjs/loader:1226:37)\u001b[39m\n\u001b[90m    at TracingChannel.traceSync (node:diagnostics_channel:328:14)\u001b[39m\n\u001b[90m    at wrapModuleLoad (node:internal/modules/cjs/loader:245:24)\u001b[39m\n\u001b[90m    at Module.executeUserEntryPoint [as runMain] (node:internal/modules/run_main:154:5)\u001b[39m\n\u001b[90m    at node:internal/main/run_main_module:33:47\u001b[39m {\n  code: \u001b[32m'MODULE_NOT_FOUND'\u001b[39m,\n  requireStack: []\n}\n\nNode.js v25.1.0\n\n    at /Users/peter/github/opencode-workflow-kit/packages/cody-beads-integration/tests/e2e/cli-workflows.spec.ts:48:20",
                        "location": {
                          "file": "/Users/peter/github/opencode-workflow-kit/packages/cody-beads-integration/tests/e2e/cli-workflows.spec.ts",
                          "column": 20,
                          "line": 48
                        },
                        "snippet": "  46 |\n  47 |     // Mock interactive responses\n> 48 |     const result = execSync(`echo -e \"test-owner\\\\ntest-repo\\\\ntest-token\\\\n\" | node dist/bin/cody-beads.js config setup`, {\n     |                    ^\n  49 |       cwd: testDir,\n  50 |       encoding: 'utf8'\n  51 |     });"
                      },
                      "errors": [
                        {
                          "location": {
                            "file": "/Users/peter/github/opencode-workflow-kit/packages/cody-beads-integration/tests/e2e/cli-workflows.spec.ts",
                            "column": 20,
                            "line": 48
                          },
                          "message": "Error: Command failed: echo -e \"test-owner\\ntest-repo\\ntest-token\\n\" | node dist/bin/cody-beads.js config setup\nnode:internal/modules/cjs/loader:1423\n  throw err;\n  ^\n\nError: Cannot find module '/Users/peter/github/opencode-workflow-kit/packages/cody-beads-integration/test-temp-cli/dist/bin/cody-beads.js'\n\u001b[90m    at Module._resolveFilename (node:internal/modules/cjs/loader:1420:15)\u001b[39m\n\u001b[90m    at defaultResolveImpl (node:internal/modules/cjs/loader:1058:19)\u001b[39m\n\u001b[90m    at resolveForCJSWithHooks (node:internal/modules/cjs/loader:1063:22)\u001b[39m\n\u001b[90m    at Module._load (node:internal/modules/cjs/loader:1226:37)\u001b[39m\n\u001b[90m    at TracingChannel.traceSync (node:diagnostics_channel:328:14)\u001b[39m\n\u001b[90m    at wrapModuleLoad (node:internal/modules/cjs/loader:245:24)\u001b[39m\n\u001b[90m    at Module.executeUserEntryPoint [as runMain] (node:internal/modules/run_main:154:5)\u001b[39m\n\u001b[90m    at node:internal/main/run_main_module:33:47\u001b[39m {\n  code: \u001b[32m'MODULE_NOT_FOUND'\u001b[39m,\n  requireStack: []\n}\n\nNode.js v25.1.0\n\n\n  46 |\n  47 |     // Mock interactive responses\n> 48 |     const result = execSync(`echo -e \"test-owner\\\\ntest-repo\\\\ntest-token\\\\n\" | node dist/bin/cody-beads.js config setup`, {\n     |                    ^\n  49 |       cwd: testDir,\n  50 |       encoding: 'utf8'\n  51 |     });\n    at /Users/peter/github/opencode-workflow-kit/packages/cody-beads-integration/tests/e2e/cli-workflows.spec.ts:48:20"
                        }
                      ],
                      "stdout": [],
                      "stderr": [
                        {
                          "text": "node:internal/modules/cjs/loader:1423\n  throw err;\n  ^\n\nError: Cannot find module '/Users/peter/github/opencode-workflow-kit/packages/cody-beads-integration/test-temp-cli/dist/bin/cody-beads.js'\n\u001b[90m    at Module._resolveFilename (node:internal/modules/cjs/loader:1420:15)\u001b[39m\n\u001b[90m    at defaultResolveImpl (node:internal/modules/cjs/loader:1058:19)\u001b[39m\n\u001b[90m    at resolveForCJSWithHooks (node:internal/modules/cjs/loader:1063:22)\u001b[39m\n\u001b[90m    at Module._load (node:internal/modules/cjs/loader:1226:37)\u001b[39m\n\u001b[90m    at TracingChannel.traceSync (node:diagnostics_channel:328:14)\u001b[39m\n\u001b[90m    at wrapModuleLoad (node:internal/modules/cjs/loader:245:24)\u001b[39m\n\u001b[90m    at Module.executeUserEntryPoint [as runMain] (node:internal/modules/run_main:154:5)\u001b[39m\n\u001b[90m    at node:internal/main/run_main_module:33:47\u001b[39m {\n  code: \u001b[32m'MODULE_NOT_FOUND'\u001b[39m,\n  requireStack: []\n}\n\nNode.js v25.1.0\n"
                        }
                      ],
                      "retry": 0,
                      "startTime": "2025-12-01T20:15:03.304Z",
                      "annotations": [],
                      "attachments": [
                        {
                          "name": "screenshot",
                          "contentType": "image/png",
                          "path": "/Users/peter/github/opencode-workflow-kit/packages/cody-beads-integration/test-results/cli-workflows-CLI-Workflow-18cb8-configuration-interactively-firefox/test-failed-1.png"
                        },
                        {
                          "name": "video",
                          "contentType": "video/webm",
                          "path": "/Users/peter/github/opencode-workflow-kit/packages/cody-beads-integration/test-results/cli-workflows-CLI-Workflow-18cb8-configuration-interactively-firefox/video.webm"
                        }
                      ],
                      "errorLocation": {
                        "file": "/Users/peter/github/opencode-workflow-kit/packages/cody-beads-integration/tests/e2e/cli-workflows.spec.ts",
                        "column": 20,
                        "line": 48
                      }
                    }
                  ],
                  "status": "unexpected"
                }
              ],
              "id": "5e4dfb9a968a2c998c24-1366341cfca5c8ade69d",
              "file": "cli-workflows.spec.ts",
              "line": 41,
              "column": 3
            },
            {
              "title": "should list available templates",
              "ok": false,
              "tags": [],
              "tests": [
                {
                  "timeout": 60000,
                  "annotations": [],
                  "expectedStatus": "passed",
                  "projectId": "firefox",
                  "projectName": "firefox",
                  "results": [
                    {
                      "workerIndex": 11,
                      "parallelIndex": 1,
                      "status": "failed",
                      "duration": 126,
                      "error": {
                        "message": "Error: Command failed: node dist/bin/cody-beads.js template list\nnode:internal/modules/cjs/loader:1423\n  throw err;\n  ^\n\nError: Cannot find module '/Users/peter/github/opencode-workflow-kit/packages/cody-beads-integration/test-temp-cli/dist/bin/cody-beads.js'\n\u001b[90m    at Module._resolveFilename (node:internal/modules/cjs/loader:1420:15)\u001b[39m\n\u001b[90m    at defaultResolveImpl (node:internal/modules/cjs/loader:1058:19)\u001b[39m\n\u001b[90m    at resolveForCJSWithHooks (node:internal/modules/cjs/loader:1063:22)\u001b[39m\n\u001b[90m    at Module._load (node:internal/modules/cjs/loader:1226:37)\u001b[39m\n\u001b[90m    at TracingChannel.traceSync (node:diagnostics_channel:328:14)\u001b[39m\n\u001b[90m    at wrapModuleLoad (node:internal/modules/cjs/loader:245:24)\u001b[39m\n\u001b[90m    at Module.executeUserEntryPoint [as runMain] (node:internal/modules/run_main:154:5)\u001b[39m\n\u001b[90m    at node:internal/main/run_main_module:33:47\u001b[39m {\n  code: \u001b[32m'MODULE_NOT_FOUND'\u001b[39m,\n  requireStack: []\n}\n\nNode.js v25.1.0\n",
                        "stack": "Error: Command failed: node dist/bin/cody-beads.js template list\nnode:internal/modules/cjs/loader:1423\n  throw err;\n  ^\n\nError: Cannot find module '/Users/peter/github/opencode-workflow-kit/packages/cody-beads-integration/test-temp-cli/dist/bin/cody-beads.js'\n\u001b[90m    at Module._resolveFilename (node:internal/modules/cjs/loader:1420:15)\u001b[39m\n\u001b[90m    at defaultResolveImpl (node:internal/modules/cjs/loader:1058:19)\u001b[39m\n\u001b[90m    at resolveForCJSWithHooks (node:internal/modules/cjs/loader:1063:22)\u001b[39m\n\u001b[90m    at Module._load (node:internal/modules/cjs/loader:1226:37)\u001b[39m\n\u001b[90m    at TracingChannel.traceSync (node:diagnostics_channel:328:14)\u001b[39m\n\u001b[90m    at wrapModuleLoad (node:internal/modules/cjs/loader:245:24)\u001b[39m\n\u001b[90m    at Module.executeUserEntryPoint [as runMain] (node:internal/modules/run_main:154:5)\u001b[39m\n\u001b[90m    at node:internal/main/run_main_module:33:47\u001b[39m {\n  code: \u001b[32m'MODULE_NOT_FOUND'\u001b[39m,\n  requireStack: []\n}\n\nNode.js v25.1.0\n\n    at /Users/peter/github/opencode-workflow-kit/packages/cody-beads-integration/tests/e2e/cli-workflows.spec.ts:58:20",
                        "location": {
                          "file": "/Users/peter/github/opencode-workflow-kit/packages/cody-beads-integration/tests/e2e/cli-workflows.spec.ts",
                          "column": 20,
                          "line": 58
                        },
                        "snippet": "  56 |\n  57 |   test('should list available templates', async () => {\n> 58 |     const result = execSync('node dist/bin/cody-beads.js template list', {\n     |                    ^\n  59 |       cwd: testDir,\n  60 |       encoding: 'utf8'\n  61 |     });"
                      },
                      "errors": [
                        {
                          "location": {
                            "file": "/Users/peter/github/opencode-workflow-kit/packages/cody-beads-integration/tests/e2e/cli-workflows.spec.ts",
                            "column": 20,
                            "line": 58
                          },
                          "message": "Error: Command failed: node dist/bin/cody-beads.js template list\nnode:internal/modules/cjs/loader:1423\n  throw err;\n  ^\n\nError: Cannot find module '/Users/peter/github/opencode-workflow-kit/packages/cody-beads-integration/test-temp-cli/dist/bin/cody-beads.js'\n\u001b[90m    at Module._resolveFilename (node:internal/modules/cjs/loader:1420:15)\u001b[39m\n\u001b[90m    at defaultResolveImpl (node:internal/modules/cjs/loader:1058:19)\u001b[39m\n\u001b[90m    at resolveForCJSWithHooks (node:internal/modules/cjs/loader:1063:22)\u001b[39m\n\u001b[90m    at Module._load (node:internal/modules/cjs/loader:1226:37)\u001b[39m\n\u001b[90m    at TracingChannel.traceSync (node:diagnostics_channel:328:14)\u001b[39m\n\u001b[90m    at wrapModuleLoad (node:internal/modules/cjs/loader:245:24)\u001b[39m\n\u001b[90m    at Module.executeUserEntryPoint [as runMain] (node:internal/modules/run_main:154:5)\u001b[39m\n\u001b[90m    at node:internal/main/run_main_module:33:47\u001b[39m {\n  code: \u001b[32m'MODULE_NOT_FOUND'\u001b[39m,\n  requireStack: []\n}\n\nNode.js v25.1.0\n\n\n  56 |\n  57 |   test('should list available templates', async () => {\n> 58 |     const result = execSync('node dist/bin/cody-beads.js template list', {\n     |                    ^\n  59 |       cwd: testDir,\n  60 |       encoding: 'utf8'\n  61 |     });\n    at /Users/peter/github/opencode-workflow-kit/packages/cody-beads-integration/tests/e2e/cli-workflows.spec.ts:58:20"
                        }
                      ],
                      "stdout": [],
                      "stderr": [
                        {
                          "text": "node:internal/modules/cjs/loader:1423\n  throw err;\n  ^\n\nError: Cannot find module '/Users/peter/github/opencode-workflow-kit/packages/cody-beads-integration/test-temp-cli/dist/bin/cody-beads.js'\n\u001b[90m    at Module._resolveFilename (node:internal/modules/cjs/loader:1420:15)\u001b[39m\n\u001b[90m    at defaultResolveImpl (node:internal/modules/cjs/loader:1058:19)\u001b[39m\n\u001b[90m    at resolveForCJSWithHooks (node:internal/modules/cjs/loader:1063:22)\u001b[39m\n\u001b[90m    at Module._load (node:internal/modules/cjs/loader:1226:37)\u001b[39m\n\u001b[90m    at TracingChannel.traceSync (node:diagnostics_channel:328:14)\u001b[39m\n\u001b[90m    at wrapModuleLoad (node:internal/modules/cjs/loader:245:24)\u001b[39m\n\u001b[90m    at Module.executeUserEntryPoint [as runMain] (node:internal/modules/run_main:154:5)\u001b[39m\n\u001b[90m    at node:internal/main/run_main_module:33:47\u001b[39m {\n  code: \u001b[32m'MODULE_NOT_FOUND'\u001b[39m,\n  requireStack: []\n}\n\nNode.js v25.1.0\n"
                        }
                      ],
                      "retry": 0,
                      "startTime": "2025-12-01T20:15:04.194Z",
                      "annotations": [],
                      "attachments": [],
                      "errorLocation": {
                        "file": "/Users/peter/github/opencode-workflow-kit/packages/cody-beads-integration/tests/e2e/cli-workflows.spec.ts",
                        "column": 20,
                        "line": 58
                      }
                    }
                  ],
                  "status": "unexpected"
                }
              ],
              "id": "5e4dfb9a968a2c998c24-3fdee0fc0583887a5def",
              "file": "cli-workflows.spec.ts",
              "line": 57,
              "column": 3
            },
            {
              "title": "should apply template and create project",
              "ok": false,
              "tags": [],
              "tests": [
                {
                  "timeout": 60000,
                  "annotations": [],
                  "expectedStatus": "passed",
                  "projectId": "firefox",
                  "projectName": "firefox",
                  "results": [
                    {
                      "workerIndex": 12,
                      "parallelIndex": 1,
                      "status": "failed",
                      "duration": 94,
                      "error": {
                        "message": "Error: Command failed: node dist/bin/cody-beads.js template apply minimal --name test-project\nnode:internal/modules/cjs/loader:1423\n  throw err;\n  ^\n\nError: Cannot find module '/Users/peter/github/opencode-workflow-kit/packages/cody-beads-integration/test-temp-cli/dist/bin/cody-beads.js'\n\u001b[90m    at Module._resolveFilename (node:internal/modules/cjs/loader:1420:15)\u001b[39m\n\u001b[90m    at defaultResolveImpl (node:internal/modules/cjs/loader:1058:19)\u001b[39m\n\u001b[90m    at resolveForCJSWithHooks (node:internal/modules/cjs/loader:1063:22)\u001b[39m\n\u001b[90m    at Module._load (node:internal/modules/cjs/loader:1226:37)\u001b[39m\n\u001b[90m    at TracingChannel.traceSync (node:diagnostics_channel:328:14)\u001b[39m\n\u001b[90m    at wrapModuleLoad (node:internal/modules/cjs/loader:245:24)\u001b[39m\n\u001b[90m    at Module.executeUserEntryPoint [as runMain] (node:internal/modules/run_main:154:5)\u001b[39m\n\u001b[90m    at node:internal/main/run_main_module:33:47\u001b[39m {\n  code: \u001b[32m'MODULE_NOT_FOUND'\u001b[39m,\n  requireStack: []\n}\n\nNode.js v25.1.0\n",
                        "stack": "Error: Command failed: node dist/bin/cody-beads.js template apply minimal --name test-project\nnode:internal/modules/cjs/loader:1423\n  throw err;\n  ^\n\nError: Cannot find module '/Users/peter/github/opencode-workflow-kit/packages/cody-beads-integration/test-temp-cli/dist/bin/cody-beads.js'\n\u001b[90m    at Module._resolveFilename (node:internal/modules/cjs/loader:1420:15)\u001b[39m\n\u001b[90m    at defaultResolveImpl (node:internal/modules/cjs/loader:1058:19)\u001b[39m\n\u001b[90m    at resolveForCJSWithHooks (node:internal/modules/cjs/loader:1063:22)\u001b[39m\n\u001b[90m    at Module._load (node:internal/modules/cjs/loader:1226:37)\u001b[39m\n\u001b[90m    at TracingChannel.traceSync (node:diagnostics_channel:328:14)\u001b[39m\n\u001b[90m    at wrapModuleLoad (node:internal/modules/cjs/loader:245:24)\u001b[39m\n\u001b[90m    at Module.executeUserEntryPoint [as runMain] (node:internal/modules/run_main:154:5)\u001b[39m\n\u001b[90m    at node:internal/main/run_main_module:33:47\u001b[39m {\n  code: \u001b[32m'MODULE_NOT_FOUND'\u001b[39m,\n  requireStack: []\n}\n\nNode.js v25.1.0\n\n    at /Users/peter/github/opencode-workflow-kit/packages/cody-beads-integration/tests/e2e/cli-workflows.spec.ts:73:5",
                        "location": {
                          "file": "/Users/peter/github/opencode-workflow-kit/packages/cody-beads-integration/tests/e2e/cli-workflows.spec.ts",
                          "column": 5,
                          "line": 73
                        },
                        "snippet": "  71 |     const projectDir = join(testDir, projectName);\n  72 |\n> 73 |     execSync(`node dist/bin/cody-beads.js template apply minimal --name ${projectName}`, {\n     |     ^\n  74 |       cwd: testDir,\n  75 |       encoding: 'utf8'\n  76 |     });"
                      },
                      "errors": [
                        {
                          "location": {
                            "file": "/Users/peter/github/opencode-workflow-kit/packages/cody-beads-integration/tests/e2e/cli-workflows.spec.ts",
                            "column": 5,
                            "line": 73
                          },
                          "message": "Error: Command failed: node dist/bin/cody-beads.js template apply minimal --name test-project\nnode:internal/modules/cjs/loader:1423\n  throw err;\n  ^\n\nError: Cannot find module '/Users/peter/github/opencode-workflow-kit/packages/cody-beads-integration/test-temp-cli/dist/bin/cody-beads.js'\n\u001b[90m    at Module._resolveFilename (node:internal/modules/cjs/loader:1420:15)\u001b[39m\n\u001b[90m    at defaultResolveImpl (node:internal/modules/cjs/loader:1058:19)\u001b[39m\n\u001b[90m    at resolveForCJSWithHooks (node:internal/modules/cjs/loader:1063:22)\u001b[39m\n\u001b[90m    at Module._load (node:internal/modules/cjs/loader:1226:37)\u001b[39m\n\u001b[90m    at TracingChannel.traceSync (node:diagnostics_channel:328:14)\u001b[39m\n\u001b[90m    at wrapModuleLoad (node:internal/modules/cjs/loader:245:24)\u001b[39m\n\u001b[90m    at Module.executeUserEntryPoint [as runMain] (node:internal/modules/run_main:154:5)\u001b[39m\n\u001b[90m    at node:internal/main/run_main_module:33:47\u001b[39m {\n  code: \u001b[32m'MODULE_NOT_FOUND'\u001b[39m,\n  requireStack: []\n}\n\nNode.js v25.1.0\n\n\n  71 |     const projectDir = join(testDir, projectName);\n  72 |\n> 73 |     execSync(`node dist/bin/cody-beads.js template apply minimal --name ${projectName}`, {\n     |     ^\n  74 |       cwd: testDir,\n  75 |       encoding: 'utf8'\n  76 |     });\n    at /Users/peter/github/opencode-workflow-kit/packages/cody-beads-integration/tests/e2e/cli-workflows.spec.ts:73:5"
                        }
                      ],
                      "stdout": [],
                      "stderr": [
                        {
                          "text": "node:internal/modules/cjs/loader:1423\n  throw err;\n  ^\n\nError: Cannot find module '/Users/peter/github/opencode-workflow-kit/packages/cody-beads-integration/test-temp-cli/dist/bin/cody-beads.js'\n\u001b[90m    at Module._resolveFilename (node:internal/modules/cjs/loader:1420:15)\u001b[39m\n\u001b[90m    at defaultResolveImpl (node:internal/modules/cjs/loader:1058:19)\u001b[39m\n\u001b[90m    at resolveForCJSWithHooks (node:internal/modules/cjs/loader:1063:22)\u001b[39m\n\u001b[90m    at Module._load (node:internal/modules/cjs/loader:1226:37)\u001b[39m\n\u001b[90m    at TracingChannel.traceSync (node:diagnostics_channel:328:14)\u001b[39m\n\u001b[90m    at wrapModuleLoad (node:internal/modules/cjs/loader:245:24)\u001b[39m\n\u001b[90m    at Module.executeUserEntryPoint [as runMain] (node:internal/modules/run_main:154:5)\u001b[39m\n\u001b[90m    at node:internal/main/run_main_module:33:47\u001b[39m {\n  code: \u001b[32m'MODULE_NOT_FOUND'\u001b[39m,\n  requireStack: []\n}\n\nNode.js v25.1.0\n"
                        }
                      ],
                      "retry": 0,
                      "startTime": "2025-12-01T20:15:04.818Z",
                      "annotations": [],
                      "attachments": [],
                      "errorLocation": {
                        "file": "/Users/peter/github/opencode-workflow-kit/packages/cody-beads-integration/tests/e2e/cli-workflows.spec.ts",
                        "column": 5,
                        "line": 73
                      }
                    }
                  ],
                  "status": "unexpected"
                }
              ],
              "id": "5e4dfb9a968a2c998c24-0a53ca18a8854f5c9887",
              "file": "cli-workflows.spec.ts",
              "line": 69,
              "column": 3
            },
            {
              "title": "should handle sync with dry run",
              "ok": false,
              "tags": [],
              "tests": [
                {
                  "timeout": 60000,
                  "annotations": [],
                  "expectedStatus": "passed",
                  "projectId": "firefox",
                  "projectName": "firefox",
                  "results": [
                    {
                      "workerIndex": 13,
                      "parallelIndex": 1,
                      "status": "failed",
                      "duration": 14,
                      "error": {
                        "message": "ReferenceError: require is not defined",
                        "stack": "ReferenceError: require is not defined\n    at /Users/peter/github/opencode-workflow-kit/packages/cody-beads-integration/tests/e2e/cli-workflows.spec.ts:98:5",
                        "location": {
                          "file": "/Users/peter/github/opencode-workflow-kit/packages/cody-beads-integration/tests/e2e/cli-workflows.spec.ts",
                          "column": 5,
                          "line": 98
                        },
                        "snippet": "   96 |\n   97 |     const configPath = join(testDir, 'cody-beads.config.json');\n>  98 |     require('fs').writeFileSync(configPath, JSON.stringify(config, null, 2));\n      |     ^\n   99 |\n  100 |     const result = execSync('node dist/bin/cody-beads.js sync --dry-run', {\n  101 |       cwd: testDir,"
                      },
                      "errors": [
                        {
                          "location": {
                            "file": "/Users/peter/github/opencode-workflow-kit/packages/cody-beads-integration/tests/e2e/cli-workflows.spec.ts",
                            "column": 5,
                            "line": 98
                          },
                          "message": "ReferenceError: require is not defined\n\n   96 |\n   97 |     const configPath = join(testDir, 'cody-beads.config.json');\n>  98 |     require('fs').writeFileSync(configPath, JSON.stringify(config, null, 2));\n      |     ^\n   99 |\n  100 |     const result = execSync('node dist/bin/cody-beads.js sync --dry-run', {\n  101 |       cwd: testDir,\n    at /Users/peter/github/opencode-workflow-kit/packages/cody-beads-integration/tests/e2e/cli-workflows.spec.ts:98:5"
                        }
                      ],
                      "stdout": [],
                      "stderr": [],
                      "retry": 0,
                      "startTime": "2025-12-01T20:15:05.501Z",
                      "annotations": [],
                      "attachments": [],
                      "errorLocation": {
                        "file": "/Users/peter/github/opencode-workflow-kit/packages/cody-beads-integration/tests/e2e/cli-workflows.spec.ts",
                        "column": 5,
                        "line": 98
                      }
                    }
                  ],
                  "status": "unexpected"
                }
              ],
              "id": "5e4dfb9a968a2c998c24-ab8532328949b75aa6ea",
              "file": "cli-workflows.spec.ts",
              "line": 83,
              "column": 3
            },
            {
              "title": "should show error for invalid configuration",
              "ok": false,
              "tags": [],
              "tests": [
                {
                  "timeout": 60000,
                  "annotations": [],
                  "expectedStatus": "passed",
                  "projectId": "firefox",
                  "projectName": "firefox",
                  "results": [
                    {
                      "workerIndex": 14,
                      "parallelIndex": 1,
                      "status": "failed",
                      "duration": 14,
                      "error": {
                        "message": "ReferenceError: require is not defined",
                        "stack": "ReferenceError: require is not defined\n    at /Users/peter/github/opencode-workflow-kit/packages/cody-beads-integration/tests/e2e/cli-workflows.spec.ts:112:5",
                        "location": {
                          "file": "/Users/peter/github/opencode-workflow-kit/packages/cody-beads-integration/tests/e2e/cli-workflows.spec.ts",
                          "column": 5,
                          "line": 112
                        },
                        "snippet": "  110 |     // Test with invalid configuration\n  111 |     const configPath = join(testDir, 'cody-beads.config.json');\n> 112 |     require('fs').writeFileSync(configPath, '{ invalid json }');\n      |     ^\n  113 |\n  114 |     const result = execSync('node dist/bin/cody-beads.js config test 2>&1 || true', {\n  115 |       cwd: testDir,"
                      },
                      "errors": [
                        {
                          "location": {
                            "file": "/Users/peter/github/opencode-workflow-kit/packages/cody-beads-integration/tests/e2e/cli-workflows.spec.ts",
                            "column": 5,
                            "line": 112
                          },
                          "message": "ReferenceError: require is not defined\n\n  110 |     // Test with invalid configuration\n  111 |     const configPath = join(testDir, 'cody-beads.config.json');\n> 112 |     require('fs').writeFileSync(configPath, '{ invalid json }');\n      |     ^\n  113 |\n  114 |     const result = execSync('node dist/bin/cody-beads.js config test 2>&1 || true', {\n  115 |       cwd: testDir,\n    at /Users/peter/github/opencode-workflow-kit/packages/cody-beads-integration/tests/e2e/cli-workflows.spec.ts:112:5"
                        }
                      ],
                      "stdout": [],
                      "stderr": [],
                      "retry": 0,
                      "startTime": "2025-12-01T20:15:06.071Z",
                      "annotations": [],
                      "attachments": [],
                      "errorLocation": {
                        "file": "/Users/peter/github/opencode-workflow-kit/packages/cody-beads-integration/tests/e2e/cli-workflows.spec.ts",
                        "column": 5,
                        "line": 112
                      }
                    }
                  ],
                  "status": "unexpected"
                }
              ],
              "id": "5e4dfb9a968a2c998c24-5d4a731982c337b60ff3",
              "file": "cli-workflows.spec.ts",
              "line": 109,
              "column": 3
            },
            {
              "title": "should version operations work correctly",
              "ok": false,
              "tags": [],
              "tests": [
                {
                  "timeout": 60000,
                  "annotations": [],
                  "expectedStatus": "passed",
                  "projectId": "firefox",
                  "projectName": "firefox",
                  "results": [
                    {
                      "workerIndex": 15,
                      "parallelIndex": 1,
                      "status": "failed",
                      "duration": 110,
                      "error": {
                        "message": "Error: Command failed: node dist/bin/cody-beads.js version add --name \"Test Version\" --features \"test features\"\nnode:internal/modules/cjs/loader:1423\n  throw err;\n  ^\n\nError: Cannot find module '/Users/peter/github/opencode-workflow-kit/packages/cody-beads-integration/test-temp-cli/dist/bin/cody-beads.js'\n\u001b[90m    at Module._resolveFilename (node:internal/modules/cjs/loader:1420:15)\u001b[39m\n\u001b[90m    at defaultResolveImpl (node:internal/modules/cjs/loader:1058:19)\u001b[39m\n\u001b[90m    at resolveForCJSWithHooks (node:internal/modules/cjs/loader:1063:22)\u001b[39m\n\u001b[90m    at Module._load (node:internal/modules/cjs/loader:1226:37)\u001b[39m\n\u001b[90m    at TracingChannel.traceSync (node:diagnostics_channel:328:14)\u001b[39m\n\u001b[90m    at wrapModuleLoad (node:internal/modules/cjs/loader:245:24)\u001b[39m\n\u001b[90m    at Module.executeUserEntryPoint [as runMain] (node:internal/modules/run_main:154:5)\u001b[39m\n\u001b[90m    at node:internal/main/run_main_module:33:47\u001b[39m {\n  code: \u001b[32m'MODULE_NOT_FOUND'\u001b[39m,\n  requireStack: []\n}\n\nNode.js v25.1.0\n",
                        "stack": "Error: Command failed: node dist/bin/cody-beads.js version add --name \"Test Version\" --features \"test features\"\nnode:internal/modules/cjs/loader:1423\n  throw err;\n  ^\n\nError: Cannot find module '/Users/peter/github/opencode-workflow-kit/packages/cody-beads-integration/test-temp-cli/dist/bin/cody-beads.js'\n\u001b[90m    at Module._resolveFilename (node:internal/modules/cjs/loader:1420:15)\u001b[39m\n\u001b[90m    at defaultResolveImpl (node:internal/modules/cjs/loader:1058:19)\u001b[39m\n\u001b[90m    at resolveForCJSWithHooks (node:internal/modules/cjs/loader:1063:22)\u001b[39m\n\u001b[90m    at Module._load (node:internal/modules/cjs/loader:1226:37)\u001b[39m\n\u001b[90m    at TracingChannel.traceSync (node:diagnostics_channel:328:14)\u001b[39m\n\u001b[90m    at wrapModuleLoad (node:internal/modules/cjs/loader:245:24)\u001b[39m\n\u001b[90m    at Module.executeUserEntryPoint [as runMain] (node:internal/modules/run_main:154:5)\u001b[39m\n\u001b[90m    at node:internal/main/run_main_module:33:47\u001b[39m {\n  code: \u001b[32m'MODULE_NOT_FOUND'\u001b[39m,\n  requireStack: []\n}\n\nNode.js v25.1.0\n\n    at /Users/peter/github/opencode-workflow-kit/packages/cody-beads-integration/tests/e2e/cli-workflows.spec.ts:125:5",
                        "location": {
                          "file": "/Users/peter/github/opencode-workflow-kit/packages/cody-beads-integration/tests/e2e/cli-workflows.spec.ts",
                          "column": 5,
                          "line": 125
                        },
                        "snippet": "  123 |   test('should version operations work correctly', async () => {\n  124 |     // Test version add\n> 125 |     execSync(`node dist/bin/cody-beads.js version add --name \"Test Version\" --features \"test features\"`, {\n      |     ^\n  126 |       cwd: testDir,\n  127 |       encoding: 'utf8'\n  128 |     });"
                      },
                      "errors": [
                        {
                          "location": {
                            "file": "/Users/peter/github/opencode-workflow-kit/packages/cody-beads-integration/tests/e2e/cli-workflows.spec.ts",
                            "column": 5,
                            "line": 125
                          },
                          "message": "Error: Command failed: node dist/bin/cody-beads.js version add --name \"Test Version\" --features \"test features\"\nnode:internal/modules/cjs/loader:1423\n  throw err;\n  ^\n\nError: Cannot find module '/Users/peter/github/opencode-workflow-kit/packages/cody-beads-integration/test-temp-cli/dist/bin/cody-beads.js'\n\u001b[90m    at Module._resolveFilename (node:internal/modules/cjs/loader:1420:15)\u001b[39m\n\u001b[90m    at defaultResolveImpl (node:internal/modules/cjs/loader:1058:19)\u001b[39m\n\u001b[90m    at resolveForCJSWithHooks (node:internal/modules/cjs/loader:1063:22)\u001b[39m\n\u001b[90m    at Module._load (node:internal/modules/cjs/loader:1226:37)\u001b[39m\n\u001b[90m    at TracingChannel.traceSync (node:diagnostics_channel:328:14)\u001b[39m\n\u001b[90m    at wrapModuleLoad (node:internal/modules/cjs/loader:245:24)\u001b[39m\n\u001b[90m    at Module.executeUserEntryPoint [as runMain] (node:internal/modules/run_main:154:5)\u001b[39m\n\u001b[90m    at node:internal/main/run_main_module:33:47\u001b[39m {\n  code: \u001b[32m'MODULE_NOT_FOUND'\u001b[39m,\n  requireStack: []\n}\n\nNode.js v25.1.0\n\n\n  123 |   test('should version operations work correctly', async () => {\n  124 |     // Test version add\n> 125 |     execSync(`node dist/bin/cody-beads.js version add --name \"Test Version\" --features \"test features\"`, {\n      |     ^\n  126 |       cwd: testDir,\n  127 |       encoding: 'utf8'\n  128 |     });\n    at /Users/peter/github/opencode-workflow-kit/packages/cody-beads-integration/tests/e2e/cli-workflows.spec.ts:125:5"
                        }
                      ],
                      "stdout": [],
                      "stderr": [
                        {
                          "text": "node:internal/modules/cjs/loader:1423\n  throw err;\n  ^\n\nError: Cannot find module '/Users/peter/github/opencode-workflow-kit/packages/cody-beads-integration/test-temp-cli/dist/bin/cody-beads.js'\n\u001b[90m    at Module._resolveFilename (node:internal/modules/cjs/loader:1420:15)\u001b[39m\n\u001b[90m    at defaultResolveImpl (node:internal/modules/cjs/loader:1058:19)\u001b[39m\n\u001b[90m    at resolveForCJSWithHooks (node:internal/modules/cjs/loader:1063:22)\u001b[39m\n\u001b[90m    at Module._load (node:internal/modules/cjs/loader:1226:37)\u001b[39m\n\u001b[90m    at TracingChannel.traceSync (node:diagnostics_channel:328:14)\u001b[39m\n\u001b[90m    at wrapModuleLoad (node:internal/modules/cjs/loader:245:24)\u001b[39m\n\u001b[90m    at Module.executeUserEntryPoint [as runMain] (node:internal/modules/run_main:154:5)\u001b[39m\n\u001b[90m    at node:internal/main/run_main_module:33:47\u001b[39m {\n  code: \u001b[32m'MODULE_NOT_FOUND'\u001b[39m,\n  requireStack: []\n}\n\nNode.js v25.1.0\n"
                        }
                      ],
                      "retry": 0,
                      "startTime": "2025-12-01T20:15:06.763Z",
                      "annotations": [],
                      "attachments": [],
                      "errorLocation": {
                        "file": "/Users/peter/github/opencode-workflow-kit/packages/cody-beads-integration/tests/e2e/cli-workflows.spec.ts",
                        "column": 5,
                        "line": 125
                      }
                    }
                  ],
                  "status": "unexpected"
                }
              ],
              "id": "5e4dfb9a968a2c998c24-52834e2cf7c2bbc2c3f0",
              "file": "cli-workflows.spec.ts",
              "line": 123,
              "column": 3
            },
            {
              "title": "should show help information",
              "ok": false,
              "tags": [],
              "tests": [
                {
                  "timeout": 60000,
                  "annotations": [],
                  "expectedStatus": "passed",
                  "projectId": "webkit",
                  "projectName": "webkit",
                  "results": [
                    {
                      "workerIndex": 18,
                      "parallelIndex": 1,
                      "status": "failed",
                      "duration": 7575,
                      "error": {
                        "message": "Error: Command failed: npm run build && node dist/bin/cody-beads.js --help\nshell-init: error retrieving current directory: getcwd: cannot access parent directories: No such file or directory\n/Users/peter/.nvm/versions/node/v25.1.0/lib/node_modules/npm/lib/cli/validate-engines.js:29\n    throw err\n    ^\n\nError: ENOENT: no such file or directory, uv_cwd\n\u001b[90m    at process.wrappedCwd (node:internal/bootstrap/switches/does_own_process_state:142:28)\u001b[39m\n    at process.cwd (/Users/peter/.nvm/versions/node/v25.1.0/lib/node_modules/\u001b[4mnpm\u001b[24m/node_modules/\u001b[4mgraceful-fs\u001b[24m/polyfills.js:10:19)\n    at new Config (/Users/peter/.nvm/versions/node/v25.1.0/lib/node_modules/\u001b[4mnpm\u001b[24m/node_modules/\u001b[4m@npmcli/config\u001b[24m/lib/index.js:79:19)\n    at new Npm (/Users/peter/.nvm/versions/node/v25.1.0/lib/node_modules/\u001b[4mnpm\u001b[24m/lib/npm.js:67:19)\n    at module.exports (/Users/peter/.nvm/versions/node/v25.1.0/lib/node_modules/\u001b[4mnpm\u001b[24m/lib/cli/entry.js:14:15)\n    at module.exports (/Users/peter/.nvm/versions/node/v25.1.0/lib/node_modules/\u001b[4mnpm\u001b[24m/lib/cli/validate-engines.js:37:10)\n    at module.exports (/Users/peter/.nvm/versions/node/v25.1.0/lib/node_modules/\u001b[4mnpm\u001b[24m/lib/cli.js:12:31)\n    at Object.<anonymous> (/Users/peter/.nvm/versions/node/v25.1.0/lib/node_modules/\u001b[4mnpm\u001b[24m/bin/npm-cli.js:2:25)\n\u001b[90m    at Module._compile (node:internal/modules/cjs/loader:1760:14)\u001b[39m\n\u001b[90m    at Object..js (node:internal/modules/cjs/loader:1892:10)\u001b[39m {\n  errno: \u001b[33m-2\u001b[39m,\n  code: \u001b[32m'ENOENT'\u001b[39m,\n  syscall: \u001b[32m'uv_cwd'\u001b[39m\n}\n\nNode.js v25.1.0\n",
                        "stack": "Error: Command failed: npm run build && node dist/bin/cody-beads.js --help\nshell-init: error retrieving current directory: getcwd: cannot access parent directories: No such file or directory\n/Users/peter/.nvm/versions/node/v25.1.0/lib/node_modules/npm/lib/cli/validate-engines.js:29\n    throw err\n    ^\n\nError: ENOENT: no such file or directory, uv_cwd\n\u001b[90m    at process.wrappedCwd (node:internal/bootstrap/switches/does_own_process_state:142:28)\u001b[39m\n    at process.cwd (/Users/peter/.nvm/versions/node/v25.1.0/lib/node_modules/\u001b[4mnpm\u001b[24m/node_modules/\u001b[4mgraceful-fs\u001b[24m/polyfills.js:10:19)\n    at new Config (/Users/peter/.nvm/versions/node/v25.1.0/lib/node_modules/\u001b[4mnpm\u001b[24m/node_modules/\u001b[4m@npmcli/config\u001b[24m/lib/index.js:79:19)\n    at new Npm (/Users/peter/.nvm/versions/node/v25.1.0/lib/node_modules/\u001b[4mnpm\u001b[24m/lib/npm.js:67:19)\n    at module.exports (/Users/peter/.nvm/versions/node/v25.1.0/lib/node_modules/\u001b[4mnpm\u001b[24m/lib/cli/entry.js:14:15)\n    at module.exports (/Users/peter/.nvm/versions/node/v25.1.0/lib/node_modules/\u001b[4mnpm\u001b[24m/lib/cli/validate-engines.js:37:10)\n    at module.exports (/Users/peter/.nvm/versions/node/v25.1.0/lib/node_modules/\u001b[4mnpm\u001b[24m/lib/cli.js:12:31)\n    at Object.<anonymous> (/Users/peter/.nvm/versions/node/v25.1.0/lib/node_modules/\u001b[4mnpm\u001b[24m/bin/npm-cli.js:2:25)\n\u001b[90m    at Module._compile (node:internal/modules/cjs/loader:1760:14)\u001b[39m\n\u001b[90m    at Object..js (node:internal/modules/cjs/loader:1892:10)\u001b[39m {\n  errno: \u001b[33m-2\u001b[39m,\n  code: \u001b[32m'ENOENT'\u001b[39m,\n  syscall: \u001b[32m'uv_cwd'\u001b[39m\n}\n\nNode.js v25.1.0\n\n    at process.cwd (/Users/peter/.nvm/versions/node/v25.1.0/lib/node_modules/\u001b[4mnpm\u001b[24m/node_modules/\u001b[4mgraceful-fs\u001b[24m/polyfills.js:10:19)\n    at Config (/Users/peter/.nvm/versions/node/v25.1.0/lib/node_modules/\u001b[4mnpm\u001b[24m/node_modules/\u001b[4m@npmcli/config\u001b[24m/lib/index.js:79:19)\n    at Npm (/Users/peter/.nvm/versions/node/v25.1.0/lib/node_modules/\u001b[4mnpm\u001b[24m/lib/npm.js:67:19)\n    at module.exports (/Users/peter/.nvm/versions/node/v25.1.0/lib/node_modules/\u001b[4mnpm\u001b[24m/lib/cli/entry.js:14:15)\n    at module.exports (/Users/peter/.nvm/versions/node/v25.1.0/lib/node_modules/\u001b[4mnpm\u001b[24m/lib/cli/validate-engines.js:37:10)\n    at module.exports (/Users/peter/.nvm/versions/node/v25.1.0/lib/node_modules/\u001b[4mnpm\u001b[24m/lib/cli.js:12:31)\n    at Object.<anonymous> (/Users/peter/.nvm/versions/node/v25.1.0/lib/node_modules/\u001b[4mnpm\u001b[24m/bin/npm-cli.js:2:25)\n    at /Users/peter/github/opencode-workflow-kit/packages/cody-beads-integration/tests/e2e/cli-workflows.spec.ts:29:20",
                        "location": {
                          "file": "/Users/peter/github/opencode-workflow-kit/packages/cody-beads-integration/tests/e2e/cli-workflows.spec.ts",
                          "column": 20,
                          "line": 29
                        },
                        "snippet": "  27 |     // Navigate to CLI help page (if you have a web interface)\n  28 |     // or use execSync for actual CLI commands\n> 29 |     const result = execSync('npm run build && node dist/bin/cody-beads.js --help', {\n     |                    ^\n  30 |       cwd: testDir,\n  31 |       encoding: 'utf8'\n  32 |     });"
                      },
                      "errors": [
                        {
                          "location": {
                            "file": "/Users/peter/github/opencode-workflow-kit/packages/cody-beads-integration/tests/e2e/cli-workflows.spec.ts",
                            "column": 20,
                            "line": 29
                          },
                          "message": "Error: Command failed: npm run build && node dist/bin/cody-beads.js --help\nshell-init: error retrieving current directory: getcwd: cannot access parent directories: No such file or directory\n/Users/peter/.nvm/versions/node/v25.1.0/lib/node_modules/npm/lib/cli/validate-engines.js:29\n    throw err\n    ^\n\nError: ENOENT: no such file or directory, uv_cwd\n\u001b[90m    at process.wrappedCwd (node:internal/bootstrap/switches/does_own_process_state:142:28)\u001b[39m\n\n  27 |     // Navigate to CLI help page (if you have a web interface)\n  28 |     // or use execSync for actual CLI commands\n> 29 |     const result = execSync('npm run build && node dist/bin/cody-beads.js --help', {\n     |                    ^\n  30 |       cwd: testDir,\n  31 |       encoding: 'utf8'\n  32 |     });\n    at process.cwd (/Users/peter/.nvm/versions/node/v25.1.0/lib/node_modules/\u001b[4mnpm\u001b[24m/node_modules/\u001b[4mgraceful-fs\u001b[24m/polyfills.js:10:19)\n    at new Config (/Users/peter/.nvm/versions/node/v25.1.0/lib/node_modules/\u001b[4mnpm\u001b[24m/node_modules/\u001b[4m@npmcli/config\u001b[24m/lib/index.js:79:19)\n    at new Npm (/Users/peter/.nvm/versions/node/v25.1.0/lib/node_modules/\u001b[4mnpm\u001b[24m/lib/npm.js:67:19)\n    at module.exports (/Users/peter/.nvm/versions/node/v25.1.0/lib/node_modules/\u001b[4mnpm\u001b[24m/lib/cli/entry.js:14:15)\n    at module.exports (/Users/peter/.nvm/versions/node/v25.1.0/lib/node_modules/\u001b[4mnpm\u001b[24m/lib/cli/validate-engines.js:37:10)\n    at module.exports (/Users/peter/.nvm/versions/node/v25.1.0/lib/node_modules/\u001b[4mnpm\u001b[24m/lib/cli.js:12:31)\n    at Object.<anonymous> (/Users/peter/.nvm/versions/node/v25.1.0/lib/node_modules/\u001b[4mnpm\u001b[24m/bin/npm-cli.js:2:25)\n\u001b[90m    at Module._compile (node:internal/modules/cjs/loader:1760:14)\u001b[39m\n\u001b[90m    at Object..js (node:internal/modules/cjs/loader:1892:10)\u001b[39m {\n  errno: \u001b[33m-2\u001b[39m,\n  code: \u001b[32m'ENOENT'\u001b[39m,\n  syscall: \u001b[32m'uv_cwd'\u001b[39m\n}\n\nNode.js v25.1.0\n\n    at process.cwd (/Users/peter/.nvm/versions/node/v25.1.0/lib/node_modules/\u001b[4mnpm\u001b[24m/node_modules/\u001b[4mgraceful-fs\u001b[24m/polyfills.js:10:19)\n    at Config (/Users/peter/.nvm/versions/node/v25.1.0/lib/node_modules/\u001b[4mnpm\u001b[24m/node_modules/\u001b[4m@npmcli/config\u001b[24m/lib/index.js:79:19)\n    at Npm (/Users/peter/.nvm/versions/node/v25.1.0/lib/node_modules/\u001b[4mnpm\u001b[24m/lib/npm.js:67:19)\n    at module.exports (/Users/peter/.nvm/versions/node/v25.1.0/lib/node_modules/\u001b[4mnpm\u001b[24m/lib/cli/entry.js:14:15)\n    at module.exports (/Users/peter/.nvm/versions/node/v25.1.0/lib/node_modules/\u001b[4mnpm\u001b[24m/lib/cli/validate-engines.js:37:10)\n    at module.exports (/Users/peter/.nvm/versions/node/v25.1.0/lib/node_modules/\u001b[4mnpm\u001b[24m/lib/cli.js:12:31)\n    at Object.<anonymous> (/Users/peter/.nvm/versions/node/v25.1.0/lib/node_modules/\u001b[4mnpm\u001b[24m/bin/npm-cli.js:2:25)\n    at /Users/peter/github/opencode-workflow-kit/packages/cody-beads-integration/tests/e2e/cli-workflows.spec.ts:29:20"
                        }
                      ],
                      "stdout": [],
                      "stderr": [
                        {
                          "text": "shell-init: error retrieving current directory: getcwd: cannot access parent directories: No such file or directory\n/Users/peter/.nvm/versions/node/v25.1.0/lib/node_modules/npm/lib/cli/validate-engines.js:29\n    throw err\n    ^\n\nError: ENOENT: no such file or directory, uv_cwd\n\u001b[90m    at process.wrappedCwd (node:internal/bootstrap/switches/does_own_process_state:142:28)\u001b[39m\n    at process.cwd (/Users/peter/.nvm/versions/node/v25.1.0/lib/node_modules/\u001b[4mnpm\u001b[24m/node_modules/\u001b[4mgraceful-fs\u001b[24m/polyfills.js:10:19)\n    at new Config (/Users/peter/.nvm/versions/node/v25.1.0/lib/node_modules/\u001b[4mnpm\u001b[24m/node_modules/\u001b[4m@npmcli/config\u001b[24m/lib/index.js:79:19)\n    at new Npm (/Users/peter/.nvm/versions/node/v25.1.0/lib/node_modules/\u001b[4mnpm\u001b[24m/lib/npm.js:67:19)\n    at module.exports (/Users/peter/.nvm/versions/node/v25.1.0/lib/node_modules/\u001b[4mnpm\u001b[24m/lib/cli/entry.js:14:15)\n    at module.exports (/Users/peter/.nvm/versions/node/v25.1.0/lib/node_modules/\u001b[4mnpm\u001b[24m/lib/cli/validate-engines.js:37:10)\n    at module.exports (/Users/peter/.nvm/versions/node/v25.1.0/lib/node_modules/\u001b[4mnpm\u001b[24m/lib/cli.js:12:31)\n    at Object.<anonymous> (/Users/peter/.nvm/versions/node/v25.1.0/lib/node_modules/\u001b[4mnpm\u001b[24m/bin/npm-cli.js:2:25)\n\u001b[90m    at Module._compile (node:internal/modules/cjs/loader:1760:14)\u001b[39m\n\u001b[90m    at Object..js (node:internal/modules/cjs/loader:1892:10)\u001b[39m {\n  errno: \u001b[33m-2\u001b[39m,\n  code: \u001b[32m'ENOENT'\u001b[39m,\n  syscall: \u001b[32m'uv_cwd'\u001b[39m\n}\n\nNode.js v25.1.0\n"
                        }
                      ],
                      "retry": 0,
                      "startTime": "2025-12-01T20:15:07.749Z",
                      "annotations": [],
                      "attachments": [
                        {
                          "name": "screenshot",
                          "contentType": "image/png",
                          "path": "/Users/peter/github/opencode-workflow-kit/packages/cody-beads-integration/test-results/cli-workflows-CLI-Workflows-should-show-help-information-webkit/test-failed-1.png"
                        },
                        {
                          "name": "video",
                          "contentType": "video/webm",
                          "path": "/Users/peter/github/opencode-workflow-kit/packages/cody-beads-integration/test-results/cli-workflows-CLI-Workflows-should-show-help-information-webkit/video.webm"
                        }
                      ],
                      "errorLocation": {
                        "file": "/Users/peter/github/opencode-workflow-kit/packages/cody-beads-integration/tests/e2e/cli-workflows.spec.ts",
                        "column": 20,
                        "line": 29
                      }
                    }
                  ],
                  "status": "unexpected"
                }
              ],
              "id": "5e4dfb9a968a2c998c24-b5a97465b77322d19f49",
              "file": "cli-workflows.spec.ts",
              "line": 26,
              "column": 3
            },
            {
              "title": "should initialize configuration interactively",
              "ok": false,
              "tags": [],
              "tests": [
                {
                  "timeout": 60000,
                  "annotations": [],
                  "expectedStatus": "passed",
                  "projectId": "webkit",
                  "projectName": "webkit",
                  "results": [
                    {
                      "workerIndex": 19,
                      "parallelIndex": 0,
                      "status": "failed",
                      "duration": 6198,
                      "error": {
                        "message": "Error: spawnSync /bin/sh ENOENT",
                        "stack": "Error: spawnSync /bin/sh ENOENT\n    at /Users/peter/github/opencode-workflow-kit/packages/cody-beads-integration/tests/e2e/cli-workflows.spec.ts:48:20",
                        "location": {
                          "file": "/Users/peter/github/opencode-workflow-kit/packages/cody-beads-integration/tests/e2e/cli-workflows.spec.ts",
                          "column": 20,
                          "line": 48
                        },
                        "snippet": "  46 |\n  47 |     // Mock interactive responses\n> 48 |     const result = execSync(`echo -e \"test-owner\\\\ntest-repo\\\\ntest-token\\\\n\" | node dist/bin/cody-beads.js config setup`, {\n     |                    ^\n  49 |       cwd: testDir,\n  50 |       encoding: 'utf8'\n  51 |     });"
                      },
                      "errors": [
                        {
                          "location": {
                            "file": "/Users/peter/github/opencode-workflow-kit/packages/cody-beads-integration/tests/e2e/cli-workflows.spec.ts",
                            "column": 20,
                            "line": 48
                          },
                          "message": "Error: spawnSync /bin/sh ENOENT\n\n  46 |\n  47 |     // Mock interactive responses\n> 48 |     const result = execSync(`echo -e \"test-owner\\\\ntest-repo\\\\ntest-token\\\\n\" | node dist/bin/cody-beads.js config setup`, {\n     |                    ^\n  49 |       cwd: testDir,\n  50 |       encoding: 'utf8'\n  51 |     });\n    at /Users/peter/github/opencode-workflow-kit/packages/cody-beads-integration/tests/e2e/cli-workflows.spec.ts:48:20"
                        }
                      ],
                      "stdout": [],
                      "stderr": [],
                      "retry": 0,
                      "startTime": "2025-12-01T20:15:09.986Z",
                      "annotations": [],
                      "attachments": [
                        {
                          "name": "screenshot",
                          "contentType": "image/png",
                          "path": "/Users/peter/github/opencode-workflow-kit/packages/cody-beads-integration/test-results/cli-workflows-CLI-Workflow-18cb8-configuration-interactively-webkit/test-failed-1.png"
                        },
                        {
                          "name": "video",
                          "contentType": "video/webm",
                          "path": "/Users/peter/github/opencode-workflow-kit/packages/cody-beads-integration/test-results/cli-workflows-CLI-Workflow-18cb8-configuration-interactively-webkit/video.webm"
                        }
                      ],
                      "errorLocation": {
                        "file": "/Users/peter/github/opencode-workflow-kit/packages/cody-beads-integration/tests/e2e/cli-workflows.spec.ts",
                        "column": 20,
                        "line": 48
                      }
                    }
                  ],
                  "status": "unexpected"
                }
              ],
              "id": "5e4dfb9a968a2c998c24-b9cf775f662c8a6de57e",
              "file": "cli-workflows.spec.ts",
              "line": 41,
              "column": 3
            },
            {
              "title": "should list available templates",
              "ok": false,
              "tags": [],
              "tests": [
                {
                  "timeout": 60000,
                  "annotations": [],
                  "expectedStatus": "passed",
                  "projectId": "webkit",
                  "projectName": "webkit",
                  "results": [
                    {
                      "workerIndex": 20,
                      "parallelIndex": 2,
                      "status": "failed",
                      "duration": 649,
                      "error": {
                        "message": "Error: Command failed: node dist/bin/cody-beads.js template list\nnode:internal/modules/cjs/loader:1423\n  throw err;\n  ^\n\nError: Cannot find module '/Users/peter/github/opencode-workflow-kit/packages/cody-beads-integration/test-temp-cli/dist/bin/cody-beads.js'\n\u001b[90m    at Module._resolveFilename (node:internal/modules/cjs/loader:1420:15)\u001b[39m\n\u001b[90m    at defaultResolveImpl (node:internal/modules/cjs/loader:1058:19)\u001b[39m\n\u001b[90m    at resolveForCJSWithHooks (node:internal/modules/cjs/loader:1063:22)\u001b[39m\n\u001b[90m    at Module._load (node:internal/modules/cjs/loader:1226:37)\u001b[39m\n\u001b[90m    at TracingChannel.traceSync (node:diagnostics_channel:328:14)\u001b[39m\n\u001b[90m    at wrapModuleLoad (node:internal/modules/cjs/loader:245:24)\u001b[39m\n\u001b[90m    at Module.executeUserEntryPoint [as runMain] (node:internal/modules/run_main:154:5)\u001b[39m\n\u001b[90m    at node:internal/main/run_main_module:33:47\u001b[39m {\n  code: \u001b[32m'MODULE_NOT_FOUND'\u001b[39m,\n  requireStack: []\n}\n\nNode.js v25.1.0\n",
                        "stack": "Error: Command failed: node dist/bin/cody-beads.js template list\nnode:internal/modules/cjs/loader:1423\n  throw err;\n  ^\n\nError: Cannot find module '/Users/peter/github/opencode-workflow-kit/packages/cody-beads-integration/test-temp-cli/dist/bin/cody-beads.js'\n\u001b[90m    at Module._resolveFilename (node:internal/modules/cjs/loader:1420:15)\u001b[39m\n\u001b[90m    at defaultResolveImpl (node:internal/modules/cjs/loader:1058:19)\u001b[39m\n\u001b[90m    at resolveForCJSWithHooks (node:internal/modules/cjs/loader:1063:22)\u001b[39m\n\u001b[90m    at Module._load (node:internal/modules/cjs/loader:1226:37)\u001b[39m\n\u001b[90m    at TracingChannel.traceSync (node:diagnostics_channel:328:14)\u001b[39m\n\u001b[90m    at wrapModuleLoad (node:internal/modules/cjs/loader:245:24)\u001b[39m\n\u001b[90m    at Module.executeUserEntryPoint [as runMain] (node:internal/modules/run_main:154:5)\u001b[39m\n\u001b[90m    at node:internal/main/run_main_module:33:47\u001b[39m {\n  code: \u001b[32m'MODULE_NOT_FOUND'\u001b[39m,\n  requireStack: []\n}\n\nNode.js v25.1.0\n\n    at /Users/peter/github/opencode-workflow-kit/packages/cody-beads-integration/tests/e2e/cli-workflows.spec.ts:58:20",
                        "location": {
                          "file": "/Users/peter/github/opencode-workflow-kit/packages/cody-beads-integration/tests/e2e/cli-workflows.spec.ts",
                          "column": 20,
                          "line": 58
                        },
                        "snippet": "  56 |\n  57 |   test('should list available templates', async () => {\n> 58 |     const result = execSync('node dist/bin/cody-beads.js template list', {\n     |                    ^\n  59 |       cwd: testDir,\n  60 |       encoding: 'utf8'\n  61 |     });"
                      },
                      "errors": [
                        {
                          "location": {
                            "file": "/Users/peter/github/opencode-workflow-kit/packages/cody-beads-integration/tests/e2e/cli-workflows.spec.ts",
                            "column": 20,
                            "line": 58
                          },
                          "message": "Error: Command failed: node dist/bin/cody-beads.js template list\nnode:internal/modules/cjs/loader:1423\n  throw err;\n  ^\n\nError: Cannot find module '/Users/peter/github/opencode-workflow-kit/packages/cody-beads-integration/test-temp-cli/dist/bin/cody-beads.js'\n\u001b[90m    at Module._resolveFilename (node:internal/modules/cjs/loader:1420:15)\u001b[39m\n\u001b[90m    at defaultResolveImpl (node:internal/modules/cjs/loader:1058:19)\u001b[39m\n\u001b[90m    at resolveForCJSWithHooks (node:internal/modules/cjs/loader:1063:22)\u001b[39m\n\u001b[90m    at Module._load (node:internal/modules/cjs/loader:1226:37)\u001b[39m\n\u001b[90m    at TracingChannel.traceSync (node:diagnostics_channel:328:14)\u001b[39m\n\u001b[90m    at wrapModuleLoad (node:internal/modules/cjs/loader:245:24)\u001b[39m\n\u001b[90m    at Module.executeUserEntryPoint [as runMain] (node:internal/modules/run_main:154:5)\u001b[39m\n\u001b[90m    at node:internal/main/run_main_module:33:47\u001b[39m {\n  code: \u001b[32m'MODULE_NOT_FOUND'\u001b[39m,\n  requireStack: []\n}\n\nNode.js v25.1.0\n\n\n  56 |\n  57 |   test('should list available templates', async () => {\n> 58 |     const result = execSync('node dist/bin/cody-beads.js template list', {\n     |                    ^\n  59 |       cwd: testDir,\n  60 |       encoding: 'utf8'\n  61 |     });\n    at /Users/peter/github/opencode-workflow-kit/packages/cody-beads-integration/tests/e2e/cli-workflows.spec.ts:58:20"
                        }
                      ],
                      "stdout": [],
                      "stderr": [
                        {
                          "text": "node:internal/modules/cjs/loader:1423\n  throw err;\n  ^\n\nError: Cannot find module '/Users/peter/github/opencode-workflow-kit/packages/cody-beads-integration/test-temp-cli/dist/bin/cody-beads.js'\n\u001b[90m    at Module._resolveFilename (node:internal/modules/cjs/loader:1420:15)\u001b[39m\n\u001b[90m    at defaultResolveImpl (node:internal/modules/cjs/loader:1058:19)\u001b[39m\n\u001b[90m    at resolveForCJSWithHooks (node:internal/modules/cjs/loader:1063:22)\u001b[39m\n\u001b[90m    at Module._load (node:internal/modules/cjs/loader:1226:37)\u001b[39m\n\u001b[90m    at TracingChannel.traceSync (node:diagnostics_channel:328:14)\u001b[39m\n\u001b[90m    at wrapModuleLoad (node:internal/modules/cjs/loader:245:24)\u001b[39m\n\u001b[90m    at Module.executeUserEntryPoint [as runMain] (node:internal/modules/run_main:154:5)\u001b[39m\n\u001b[90m    at node:internal/main/run_main_module:33:47\u001b[39m {\n  code: \u001b[32m'MODULE_NOT_FOUND'\u001b[39m,\n  requireStack: []\n}\n\nNode.js v25.1.0\n"
                        }
                      ],
                      "retry": 0,
                      "startTime": "2025-12-01T20:15:13.694Z",
                      "annotations": [],
                      "attachments": [],
                      "errorLocation": {
                        "file": "/Users/peter/github/opencode-workflow-kit/packages/cody-beads-integration/tests/e2e/cli-workflows.spec.ts",
                        "column": 20,
                        "line": 58
                      }
                    }
                  ],
                  "status": "unexpected"
                }
              ],
              "id": "5e4dfb9a968a2c998c24-dfe21b031c534047573d",
              "file": "cli-workflows.spec.ts",
              "line": 57,
              "column": 3
            },
            {
              "title": "should apply template and create project",
              "ok": false,
              "tags": [],
              "tests": [
                {
                  "timeout": 60000,
                  "annotations": [],
                  "expectedStatus": "passed",
                  "projectId": "webkit",
                  "projectName": "webkit",
                  "results": [
                    {
                      "workerIndex": 21,
                      "parallelIndex": 2,
                      "status": "failed",
                      "duration": 120,
                      "error": {
                        "message": "Error: Command failed: node dist/bin/cody-beads.js template apply minimal --name test-project\nnode:internal/modules/cjs/loader:1423\n  throw err;\n  ^\n\nError: Cannot find module '/Users/peter/github/opencode-workflow-kit/packages/cody-beads-integration/test-temp-cli/dist/bin/cody-beads.js'\n\u001b[90m    at Module._resolveFilename (node:internal/modules/cjs/loader:1420:15)\u001b[39m\n\u001b[90m    at defaultResolveImpl (node:internal/modules/cjs/loader:1058:19)\u001b[39m\n\u001b[90m    at resolveForCJSWithHooks (node:internal/modules/cjs/loader:1063:22)\u001b[39m\n\u001b[90m    at Module._load (node:internal/modules/cjs/loader:1226:37)\u001b[39m\n\u001b[90m    at TracingChannel.traceSync (node:diagnostics_channel:328:14)\u001b[39m\n\u001b[90m    at wrapModuleLoad (node:internal/modules/cjs/loader:245:24)\u001b[39m\n\u001b[90m    at Module.executeUserEntryPoint [as runMain] (node:internal/modules/run_main:154:5)\u001b[39m\n\u001b[90m    at node:internal/main/run_main_module:33:47\u001b[39m {\n  code: \u001b[32m'MODULE_NOT_FOUND'\u001b[39m,\n  requireStack: []\n}\n\nNode.js v25.1.0\n",
                        "stack": "Error: Command failed: node dist/bin/cody-beads.js template apply minimal --name test-project\nnode:internal/modules/cjs/loader:1423\n  throw err;\n  ^\n\nError: Cannot find module '/Users/peter/github/opencode-workflow-kit/packages/cody-beads-integration/test-temp-cli/dist/bin/cody-beads.js'\n\u001b[90m    at Module._resolveFilename (node:internal/modules/cjs/loader:1420:15)\u001b[39m\n\u001b[90m    at defaultResolveImpl (node:internal/modules/cjs/loader:1058:19)\u001b[39m\n\u001b[90m    at resolveForCJSWithHooks (node:internal/modules/cjs/loader:1063:22)\u001b[39m\n\u001b[90m    at Module._load (node:internal/modules/cjs/loader:1226:37)\u001b[39m\n\u001b[90m    at TracingChannel.traceSync (node:diagnostics_channel:328:14)\u001b[39m\n\u001b[90m    at wrapModuleLoad (node:internal/modules/cjs/loader:245:24)\u001b[39m\n\u001b[90m    at Module.executeUserEntryPoint [as runMain] (node:internal/modules/run_main:154:5)\u001b[39m\n\u001b[90m    at node:internal/main/run_main_module:33:47\u001b[39m {\n  code: \u001b[32m'MODULE_NOT_FOUND'\u001b[39m,\n  requireStack: []\n}\n\nNode.js v25.1.0\n\n    at /Users/peter/github/opencode-workflow-kit/packages/cody-beads-integration/tests/e2e/cli-workflows.spec.ts:73:5",
                        "location": {
                          "file": "/Users/peter/github/opencode-workflow-kit/packages/cody-beads-integration/tests/e2e/cli-workflows.spec.ts",
                          "column": 5,
                          "line": 73
                        },
                        "snippet": "  71 |     const projectDir = join(testDir, projectName);\n  72 |\n> 73 |     execSync(`node dist/bin/cody-beads.js template apply minimal --name ${projectName}`, {\n     |     ^\n  74 |       cwd: testDir,\n  75 |       encoding: 'utf8'\n  76 |     });"
                      },
                      "errors": [
                        {
                          "location": {
                            "file": "/Users/peter/github/opencode-workflow-kit/packages/cody-beads-integration/tests/e2e/cli-workflows.spec.ts",
                            "column": 5,
                            "line": 73
                          },
                          "message": "Error: Command failed: node dist/bin/cody-beads.js template apply minimal --name test-project\nnode:internal/modules/cjs/loader:1423\n  throw err;\n  ^\n\nError: Cannot find module '/Users/peter/github/opencode-workflow-kit/packages/cody-beads-integration/test-temp-cli/dist/bin/cody-beads.js'\n\u001b[90m    at Module._resolveFilename (node:internal/modules/cjs/loader:1420:15)\u001b[39m\n\u001b[90m    at defaultResolveImpl (node:internal/modules/cjs/loader:1058:19)\u001b[39m\n\u001b[90m    at resolveForCJSWithHooks (node:internal/modules/cjs/loader:1063:22)\u001b[39m\n\u001b[90m    at Module._load (node:internal/modules/cjs/loader:1226:37)\u001b[39m\n\u001b[90m    at TracingChannel.traceSync (node:diagnostics_channel:328:14)\u001b[39m\n\u001b[90m    at wrapModuleLoad (node:internal/modules/cjs/loader:245:24)\u001b[39m\n\u001b[90m    at Module.executeUserEntryPoint [as runMain] (node:internal/modules/run_main:154:5)\u001b[39m\n\u001b[90m    at node:internal/main/run_main_module:33:47\u001b[39m {\n  code: \u001b[32m'MODULE_NOT_FOUND'\u001b[39m,\n  requireStack: []\n}\n\nNode.js v25.1.0\n\n\n  71 |     const projectDir = join(testDir, projectName);\n  72 |\n> 73 |     execSync(`node dist/bin/cody-beads.js template apply minimal --name ${projectName}`, {\n     |     ^\n  74 |       cwd: testDir,\n  75 |       encoding: 'utf8'\n  76 |     });\n    at /Users/peter/github/opencode-workflow-kit/packages/cody-beads-integration/tests/e2e/cli-workflows.spec.ts:73:5"
                        }
                      ],
                      "stdout": [],
                      "stderr": [
                        {
                          "text": "node:internal/modules/cjs/loader:1423\n  throw err;\n  ^\n\nError: Cannot find module '/Users/peter/github/opencode-workflow-kit/packages/cody-beads-integration/test-temp-cli/dist/bin/cody-beads.js'\n\u001b[90m    at Module._resolveFilename (node:internal/modules/cjs/loader:1420:15)\u001b[39m\n\u001b[90m    at defaultResolveImpl (node:internal/modules/cjs/loader:1058:19)\u001b[39m\n\u001b[90m    at resolveForCJSWithHooks (node:internal/modules/cjs/loader:1063:22)\u001b[39m\n\u001b[90m    at Module._load (node:internal/modules/cjs/loader:1226:37)\u001b[39m\n\u001b[90m    at TracingChannel.traceSync (node:diagnostics_channel:328:14)\u001b[39m\n\u001b[90m    at wrapModuleLoad (node:internal/modules/cjs/loader:245:24)\u001b[39m\n\u001b[90m    at Module.executeUserEntryPoint [as runMain] (node:internal/modules/run_main:154:5)\u001b[39m\n\u001b[90m    at node:internal/main/run_main_module:33:47\u001b[39m {\n  code: \u001b[32m'MODULE_NOT_FOUND'\u001b[39m,\n  requireStack: []\n}\n\nNode.js v25.1.0\n"
                        }
                      ],
                      "retry": 0,
                      "startTime": "2025-12-01T20:15:18.366Z",
                      "annotations": [],
                      "attachments": [],
                      "errorLocation": {
                        "file": "/Users/peter/github/opencode-workflow-kit/packages/cody-beads-integration/tests/e2e/cli-workflows.spec.ts",
                        "column": 5,
                        "line": 73
                      }
                    }
                  ],
                  "status": "unexpected"
                }
              ],
              "id": "5e4dfb9a968a2c998c24-f4e731b40c98a73a2f40",
              "file": "cli-workflows.spec.ts",
              "line": 69,
              "column": 3
            },
            {
              "title": "should handle sync with dry run",
              "ok": false,
              "tags": [],
              "tests": [
                {
                  "timeout": 60000,
                  "annotations": [],
                  "expectedStatus": "passed",
                  "projectId": "webkit",
                  "projectName": "webkit",
                  "results": [
                    {
                      "workerIndex": 22,
                      "parallelIndex": 0,
                      "status": "failed",
                      "duration": 38,
                      "error": {
                        "message": "ReferenceError: require is not defined",
                        "stack": "ReferenceError: require is not defined\n    at /Users/peter/github/opencode-workflow-kit/packages/cody-beads-integration/tests/e2e/cli-workflows.spec.ts:98:5",
                        "location": {
                          "file": "/Users/peter/github/opencode-workflow-kit/packages/cody-beads-integration/tests/e2e/cli-workflows.spec.ts",
                          "column": 5,
                          "line": 98
                        },
                        "snippet": "   96 |\n   97 |     const configPath = join(testDir, 'cody-beads.config.json');\n>  98 |     require('fs').writeFileSync(configPath, JSON.stringify(config, null, 2));\n      |     ^\n   99 |\n  100 |     const result = execSync('node dist/bin/cody-beads.js sync --dry-run', {\n  101 |       cwd: testDir,"
                      },
                      "errors": [
                        {
                          "location": {
                            "file": "/Users/peter/github/opencode-workflow-kit/packages/cody-beads-integration/tests/e2e/cli-workflows.spec.ts",
                            "column": 5,
                            "line": 98
                          },
                          "message": "ReferenceError: require is not defined\n\n   96 |\n   97 |     const configPath = join(testDir, 'cody-beads.config.json');\n>  98 |     require('fs').writeFileSync(configPath, JSON.stringify(config, null, 2));\n      |     ^\n   99 |\n  100 |     const result = execSync('node dist/bin/cody-beads.js sync --dry-run', {\n  101 |       cwd: testDir,\n    at /Users/peter/github/opencode-workflow-kit/packages/cody-beads-integration/tests/e2e/cli-workflows.spec.ts:98:5"
                        }
                      ],
                      "stdout": [],
                      "stderr": [],
                      "retry": 0,
                      "startTime": "2025-12-01T20:15:18.798Z",
                      "annotations": [],
                      "attachments": [],
                      "errorLocation": {
                        "file": "/Users/peter/github/opencode-workflow-kit/packages/cody-beads-integration/tests/e2e/cli-workflows.spec.ts",
                        "column": 5,
                        "line": 98
                      }
                    }
                  ],
                  "status": "unexpected"
                }
              ],
              "id": "5e4dfb9a968a2c998c24-cac2283bd7b6c6a8ede9",
              "file": "cli-workflows.spec.ts",
              "line": 83,
              "column": 3
            },
            {
              "title": "should show error for invalid configuration",
              "ok": false,
              "tags": [],
              "tests": [
                {
                  "timeout": 60000,
                  "annotations": [],
                  "expectedStatus": "passed",
                  "projectId": "webkit",
                  "projectName": "webkit",
                  "results": [
                    {
                      "workerIndex": 23,
                      "parallelIndex": 1,
                      "status": "failed",
                      "duration": 39,
                      "error": {
                        "message": "ReferenceError: require is not defined",
                        "stack": "ReferenceError: require is not defined\n    at /Users/peter/github/opencode-workflow-kit/packages/cody-beads-integration/tests/e2e/cli-workflows.spec.ts:112:5",
                        "location": {
                          "file": "/Users/peter/github/opencode-workflow-kit/packages/cody-beads-integration/tests/e2e/cli-workflows.spec.ts",
                          "column": 5,
                          "line": 112
                        },
                        "snippet": "  110 |     // Test with invalid configuration\n  111 |     const configPath = join(testDir, 'cody-beads.config.json');\n> 112 |     require('fs').writeFileSync(configPath, '{ invalid json }');\n      |     ^\n  113 |\n  114 |     const result = execSync('node dist/bin/cody-beads.js config test 2>&1 || true', {\n  115 |       cwd: testDir,"
                      },
                      "errors": [
                        {
                          "location": {
                            "file": "/Users/peter/github/opencode-workflow-kit/packages/cody-beads-integration/tests/e2e/cli-workflows.spec.ts",
                            "column": 5,
                            "line": 112
                          },
                          "message": "ReferenceError: require is not defined\n\n  110 |     // Test with invalid configuration\n  111 |     const configPath = join(testDir, 'cody-beads.config.json');\n> 112 |     require('fs').writeFileSync(configPath, '{ invalid json }');\n      |     ^\n  113 |\n  114 |     const result = execSync('node dist/bin/cody-beads.js config test 2>&1 || true', {\n  115 |       cwd: testDir,\n    at /Users/peter/github/opencode-workflow-kit/packages/cody-beads-integration/tests/e2e/cli-workflows.spec.ts:112:5"
                        }
                      ],
                      "stdout": [],
                      "stderr": [],
                      "retry": 0,
                      "startTime": "2025-12-01T20:15:18.807Z",
                      "annotations": [],
                      "attachments": [],
                      "errorLocation": {
                        "file": "/Users/peter/github/opencode-workflow-kit/packages/cody-beads-integration/tests/e2e/cli-workflows.spec.ts",
                        "column": 5,
                        "line": 112
                      }
                    }
                  ],
                  "status": "unexpected"
                }
              ],
              "id": "5e4dfb9a968a2c998c24-3329f5f0aaded50196e5",
              "file": "cli-workflows.spec.ts",
              "line": 109,
              "column": 3
            },
            {
              "title": "should version operations work correctly",
              "ok": false,
              "tags": [],
              "tests": [
                {
                  "timeout": 60000,
                  "annotations": [],
                  "expectedStatus": "passed",
                  "projectId": "webkit",
                  "projectName": "webkit",
                  "results": [
                    {
                      "workerIndex": 24,
                      "parallelIndex": 2,
                      "status": "failed",
                      "duration": 69,
                      "error": {
                        "message": "Error: Command failed: node dist/bin/cody-beads.js version add --name \"Test Version\" --features \"test features\"\nnode:internal/modules/cjs/loader:1423\n  throw err;\n  ^\n\nError: Cannot find module '/Users/peter/github/opencode-workflow-kit/packages/cody-beads-integration/test-temp-cli/dist/bin/cody-beads.js'\n\u001b[90m    at Module._resolveFilename (node:internal/modules/cjs/loader:1420:15)\u001b[39m\n\u001b[90m    at defaultResolveImpl (node:internal/modules/cjs/loader:1058:19)\u001b[39m\n\u001b[90m    at resolveForCJSWithHooks (node:internal/modules/cjs/loader:1063:22)\u001b[39m\n\u001b[90m    at Module._load (node:internal/modules/cjs/loader:1226:37)\u001b[39m\n\u001b[90m    at TracingChannel.traceSync (node:diagnostics_channel:328:14)\u001b[39m\n\u001b[90m    at wrapModuleLoad (node:internal/modules/cjs/loader:245:24)\u001b[39m\n\u001b[90m    at Module.executeUserEntryPoint [as runMain] (node:internal/modules/run_main:154:5)\u001b[39m\n\u001b[90m    at node:internal/main/run_main_module:33:47\u001b[39m {\n  code: \u001b[32m'MODULE_NOT_FOUND'\u001b[39m,\n  requireStack: []\n}\n\nNode.js v25.1.0\n",
                        "stack": "Error: Command failed: node dist/bin/cody-beads.js version add --name \"Test Version\" --features \"test features\"\nnode:internal/modules/cjs/loader:1423\n  throw err;\n  ^\n\nError: Cannot find module '/Users/peter/github/opencode-workflow-kit/packages/cody-beads-integration/test-temp-cli/dist/bin/cody-beads.js'\n\u001b[90m    at Module._resolveFilename (node:internal/modules/cjs/loader:1420:15)\u001b[39m\n\u001b[90m    at defaultResolveImpl (node:internal/modules/cjs/loader:1058:19)\u001b[39m\n\u001b[90m    at resolveForCJSWithHooks (node:internal/modules/cjs/loader:1063:22)\u001b[39m\n\u001b[90m    at Module._load (node:internal/modules/cjs/loader:1226:37)\u001b[39m\n\u001b[90m    at TracingChannel.traceSync (node:diagnostics_channel:328:14)\u001b[39m\n\u001b[90m    at wrapModuleLoad (node:internal/modules/cjs/loader:245:24)\u001b[39m\n\u001b[90m    at Module.executeUserEntryPoint [as runMain] (node:internal/modules/run_main:154:5)\u001b[39m\n\u001b[90m    at node:internal/main/run_main_module:33:47\u001b[39m {\n  code: \u001b[32m'MODULE_NOT_FOUND'\u001b[39m,\n  requireStack: []\n}\n\nNode.js v25.1.0\n\n    at /Users/peter/github/opencode-workflow-kit/packages/cody-beads-integration/tests/e2e/cli-workflows.spec.ts:125:5",
                        "location": {
                          "file": "/Users/peter/github/opencode-workflow-kit/packages/cody-beads-integration/tests/e2e/cli-workflows.spec.ts",
                          "column": 5,
                          "line": 125
                        },
                        "snippet": "  123 |   test('should version operations work correctly', async () => {\n  124 |     // Test version add\n> 125 |     execSync(`node dist/bin/cody-beads.js version add --name \"Test Version\" --features \"test features\"`, {\n      |     ^\n  126 |       cwd: testDir,\n  127 |       encoding: 'utf8'\n  128 |     });"
                      },
                      "errors": [
                        {
                          "location": {
                            "file": "/Users/peter/github/opencode-workflow-kit/packages/cody-beads-integration/tests/e2e/cli-workflows.spec.ts",
                            "column": 5,
                            "line": 125
                          },
                          "message": "Error: Command failed: node dist/bin/cody-beads.js version add --name \"Test Version\" --features \"test features\"\nnode:internal/modules/cjs/loader:1423\n  throw err;\n  ^\n\nError: Cannot find module '/Users/peter/github/opencode-workflow-kit/packages/cody-beads-integration/test-temp-cli/dist/bin/cody-beads.js'\n\u001b[90m    at Module._resolveFilename (node:internal/modules/cjs/loader:1420:15)\u001b[39m\n\u001b[90m    at defaultResolveImpl (node:internal/modules/cjs/loader:1058:19)\u001b[39m\n\u001b[90m    at resolveForCJSWithHooks (node:internal/modules/cjs/loader:1063:22)\u001b[39m\n\u001b[90m    at Module._load (node:internal/modules/cjs/loader:1226:37)\u001b[39m\n\u001b[90m    at TracingChannel.traceSync (node:diagnostics_channel:328:14)\u001b[39m\n\u001b[90m    at wrapModuleLoad (node:internal/modules/cjs/loader:245:24)\u001b[39m\n\u001b[90m    at Module.executeUserEntryPoint [as runMain] (node:internal/modules/run_main:154:5)\u001b[39m\n\u001b[90m    at node:internal/main/run_main_module:33:47\u001b[39m {\n  code: \u001b[32m'MODULE_NOT_FOUND'\u001b[39m,\n  requireStack: []\n}\n\nNode.js v25.1.0\n\n\n  123 |   test('should version operations work correctly', async () => {\n  124 |     // Test version add\n> 125 |     execSync(`node dist/bin/cody-beads.js version add --name \"Test Version\" --features \"test features\"`, {\n      |     ^\n  126 |       cwd: testDir,\n  127 |       encoding: 'utf8'\n  128 |     });\n    at /Users/peter/github/opencode-workflow-kit/packages/cody-beads-integration/tests/e2e/cli-workflows.spec.ts:125:5"
                        }
                      ],
                      "stdout": [],
                      "stderr": [
                        {
                          "text": "node:internal/modules/cjs/loader:1423\n  throw err;\n  ^\n\nError: Cannot find module '/Users/peter/github/opencode-workflow-kit/packages/cody-beads-integration/test-temp-cli/dist/bin/cody-beads.js'\n\u001b[90m    at Module._resolveFilename (node:internal/modules/cjs/loader:1420:15)\u001b[39m\n\u001b[90m    at defaultResolveImpl (node:internal/modules/cjs/loader:1058:19)\u001b[39m\n\u001b[90m    at resolveForCJSWithHooks (node:internal/modules/cjs/loader:1063:22)\u001b[39m\n\u001b[90m    at Module._load (node:internal/modules/cjs/loader:1226:37)\u001b[39m\n\u001b[90m    at TracingChannel.traceSync (node:diagnostics_channel:328:14)\u001b[39m\n\u001b[90m    at wrapModuleLoad (node:internal/modules/cjs/loader:245:24)\u001b[39m\n\u001b[90m    at Module.executeUserEntryPoint [as runMain] (node:internal/modules/run_main:154:5)\u001b[39m\n\u001b[90m    at node:internal/main/run_main_module:33:47\u001b[39m {\n  code: \u001b[32m'MODULE_NOT_FOUND'\u001b[39m,\n  requireStack: []\n}\n\nNode.js v25.1.0\n"
                        }
                      ],
                      "retry": 0,
                      "startTime": "2025-12-01T20:15:19.095Z",
                      "annotations": [],
                      "attachments": [],
                      "errorLocation": {
                        "file": "/Users/peter/github/opencode-workflow-kit/packages/cody-beads-integration/tests/e2e/cli-workflows.spec.ts",
                        "column": 5,
                        "line": 125
                      }
                    }
                  ],
                  "status": "unexpected"
                }
              ],
              "id": "5e4dfb9a968a2c998c24-03ed60483f71381598f3",
              "file": "cli-workflows.spec.ts",
              "line": 123,
              "column": 3
            },
            {
              "title": "should show help information",
              "ok": false,
              "tags": [],
              "tests": [
                {
                  "timeout": 60000,
                  "annotations": [],
                  "expectedStatus": "passed",
                  "projectId": "Mobile Chrome",
                  "projectName": "Mobile Chrome",
                  "results": [
                    {
                      "workerIndex": 27,
                      "parallelIndex": 2,
                      "status": "failed",
                      "duration": 500,
                      "error": {
                        "message": "Error: spawnSync /bin/sh ENOENT",
                        "stack": "Error: spawnSync /bin/sh ENOENT\n    at /Users/peter/github/opencode-workflow-kit/packages/cody-beads-integration/tests/e2e/cli-workflows.spec.ts:29:20",
                        "location": {
                          "file": "/Users/peter/github/opencode-workflow-kit/packages/cody-beads-integration/tests/e2e/cli-workflows.spec.ts",
                          "column": 20,
                          "line": 29
                        },
                        "snippet": "  27 |     // Navigate to CLI help page (if you have a web interface)\n  28 |     // or use execSync for actual CLI commands\n> 29 |     const result = execSync('npm run build && node dist/bin/cody-beads.js --help', {\n     |                    ^\n  30 |       cwd: testDir,\n  31 |       encoding: 'utf8'\n  32 |     });"
                      },
                      "errors": [
                        {
                          "location": {
                            "file": "/Users/peter/github/opencode-workflow-kit/packages/cody-beads-integration/tests/e2e/cli-workflows.spec.ts",
                            "column": 20,
                            "line": 29
                          },
                          "message": "Error: spawnSync /bin/sh ENOENT\n\n  27 |     // Navigate to CLI help page (if you have a web interface)\n  28 |     // or use execSync for actual CLI commands\n> 29 |     const result = execSync('npm run build && node dist/bin/cody-beads.js --help', {\n     |                    ^\n  30 |       cwd: testDir,\n  31 |       encoding: 'utf8'\n  32 |     });\n    at /Users/peter/github/opencode-workflow-kit/packages/cody-beads-integration/tests/e2e/cli-workflows.spec.ts:29:20"
                        }
                      ],
                      "stdout": [],
                      "stderr": [],
                      "retry": 0,
                      "startTime": "2025-12-01T20:15:19.696Z",
                      "annotations": [],
                      "attachments": [
                        {
                          "name": "screenshot",
                          "contentType": "image/png",
                          "path": "/Users/peter/github/opencode-workflow-kit/packages/cody-beads-integration/test-results/cli-workflows-CLI-Workflows-should-show-help-information-Mobile-Chrome/test-failed-1.png"
                        },
                        {
                          "name": "video",
                          "contentType": "video/webm",
                          "path": "/Users/peter/github/opencode-workflow-kit/packages/cody-beads-integration/test-results/cli-workflows-CLI-Workflows-should-show-help-information-Mobile-Chrome/video.webm"
                        }
                      ],
                      "errorLocation": {
                        "file": "/Users/peter/github/opencode-workflow-kit/packages/cody-beads-integration/tests/e2e/cli-workflows.spec.ts",
                        "column": 20,
                        "line": 29
                      }
                    }
                  ],
                  "status": "unexpected"
                }
              ],
              "id": "5e4dfb9a968a2c998c24-20e9cda97fad22b4053e",
              "file": "cli-workflows.spec.ts",
              "line": 26,
              "column": 3
            },
            {
              "title": "should initialize configuration interactively",
              "ok": false,
              "tags": [],
              "tests": [
                {
                  "timeout": 60000,
                  "annotations": [],
                  "expectedStatus": "passed",
                  "projectId": "Mobile Chrome",
                  "projectName": "Mobile Chrome",
                  "results": [
                    {
                      "workerIndex": 28,
                      "parallelIndex": 0,
                      "status": "failed",
                      "duration": 505,
                      "error": {
                        "message": "Error: spawnSync /bin/sh ENOENT",
                        "stack": "Error: spawnSync /bin/sh ENOENT\n    at /Users/peter/github/opencode-workflow-kit/packages/cody-beads-integration/tests/e2e/cli-workflows.spec.ts:48:20",
                        "location": {
                          "file": "/Users/peter/github/opencode-workflow-kit/packages/cody-beads-integration/tests/e2e/cli-workflows.spec.ts",
                          "column": 20,
                          "line": 48
                        },
                        "snippet": "  46 |\n  47 |     // Mock interactive responses\n> 48 |     const result = execSync(`echo -e \"test-owner\\\\ntest-repo\\\\ntest-token\\\\n\" | node dist/bin/cody-beads.js config setup`, {\n     |                    ^\n  49 |       cwd: testDir,\n  50 |       encoding: 'utf8'\n  51 |     });"
                      },
                      "errors": [
                        {
                          "location": {
                            "file": "/Users/peter/github/opencode-workflow-kit/packages/cody-beads-integration/tests/e2e/cli-workflows.spec.ts",
                            "column": 20,
                            "line": 48
                          },
                          "message": "Error: spawnSync /bin/sh ENOENT\n\n  46 |\n  47 |     // Mock interactive responses\n> 48 |     const result = execSync(`echo -e \"test-owner\\\\ntest-repo\\\\ntest-token\\\\n\" | node dist/bin/cody-beads.js config setup`, {\n     |                    ^\n  49 |       cwd: testDir,\n  50 |       encoding: 'utf8'\n  51 |     });\n    at /Users/peter/github/opencode-workflow-kit/packages/cody-beads-integration/tests/e2e/cli-workflows.spec.ts:48:20"
                        }
                      ],
                      "stdout": [],
                      "stderr": [],
                      "retry": 0,
                      "startTime": "2025-12-01T20:15:19.919Z",
                      "annotations": [],
                      "attachments": [
                        {
                          "name": "screenshot",
                          "contentType": "image/png",
                          "path": "/Users/peter/github/opencode-workflow-kit/packages/cody-beads-integration/test-results/cli-workflows-CLI-Workflow-18cb8-configuration-interactively-Mobile-Chrome/test-failed-1.png"
                        },
                        {
                          "name": "video",
                          "contentType": "video/webm",
                          "path": "/Users/peter/github/opencode-workflow-kit/packages/cody-beads-integration/test-results/cli-workflows-CLI-Workflow-18cb8-configuration-interactively-Mobile-Chrome/video.webm"
                        }
                      ],
                      "errorLocation": {
                        "file": "/Users/peter/github/opencode-workflow-kit/packages/cody-beads-integration/tests/e2e/cli-workflows.spec.ts",
                        "column": 20,
                        "line": 48
                      }
                    }
                  ],
                  "status": "unexpected"
                }
              ],
              "id": "5e4dfb9a968a2c998c24-c95b3435303a1dfa47a1",
              "file": "cli-workflows.spec.ts",
              "line": 41,
              "column": 3
            },
            {
              "title": "should list available templates",
              "ok": false,
              "tags": [],
              "tests": [
                {
                  "timeout": 60000,
                  "annotations": [],
                  "expectedStatus": "passed",
                  "projectId": "Mobile Chrome",
                  "projectName": "Mobile Chrome",
                  "results": [
                    {
                      "workerIndex": 29,
                      "parallelIndex": 1,
                      "status": "failed",
                      "duration": 63,
                      "error": {
                        "message": "Error: Command failed: node dist/bin/cody-beads.js template list\nnode:internal/modules/cjs/loader:1423\n  throw err;\n  ^\n\nError: Cannot find module '/Users/peter/github/opencode-workflow-kit/packages/cody-beads-integration/test-temp-cli/dist/bin/cody-beads.js'\n\u001b[90m    at Module._resolveFilename (node:internal/modules/cjs/loader:1420:15)\u001b[39m\n\u001b[90m    at defaultResolveImpl (node:internal/modules/cjs/loader:1058:19)\u001b[39m\n\u001b[90m    at resolveForCJSWithHooks (node:internal/modules/cjs/loader:1063:22)\u001b[39m\n\u001b[90m    at Module._load (node:internal/modules/cjs/loader:1226:37)\u001b[39m\n\u001b[90m    at TracingChannel.traceSync (node:diagnostics_channel:328:14)\u001b[39m\n\u001b[90m    at wrapModuleLoad (node:internal/modules/cjs/loader:245:24)\u001b[39m\n\u001b[90m    at Module.executeUserEntryPoint [as runMain] (node:internal/modules/run_main:154:5)\u001b[39m\n\u001b[90m    at node:internal/main/run_main_module:33:47\u001b[39m {\n  code: \u001b[32m'MODULE_NOT_FOUND'\u001b[39m,\n  requireStack: []\n}\n\nNode.js v25.1.0\n",
                        "stack": "Error: Command failed: node dist/bin/cody-beads.js template list\nnode:internal/modules/cjs/loader:1423\n  throw err;\n  ^\n\nError: Cannot find module '/Users/peter/github/opencode-workflow-kit/packages/cody-beads-integration/test-temp-cli/dist/bin/cody-beads.js'\n\u001b[90m    at Module._resolveFilename (node:internal/modules/cjs/loader:1420:15)\u001b[39m\n\u001b[90m    at defaultResolveImpl (node:internal/modules/cjs/loader:1058:19)\u001b[39m\n\u001b[90m    at resolveForCJSWithHooks (node:internal/modules/cjs/loader:1063:22)\u001b[39m\n\u001b[90m    at Module._load (node:internal/modules/cjs/loader:1226:37)\u001b[39m\n\u001b[90m    at TracingChannel.traceSync (node:diagnostics_channel:328:14)\u001b[39m\n\u001b[90m    at wrapModuleLoad (node:internal/modules/cjs/loader:245:24)\u001b[39m\n\u001b[90m    at Module.executeUserEntryPoint [as runMain] (node:internal/modules/run_main:154:5)\u001b[39m\n\u001b[90m    at node:internal/main/run_main_module:33:47\u001b[39m {\n  code: \u001b[32m'MODULE_NOT_FOUND'\u001b[39m,\n  requireStack: []\n}\n\nNode.js v25.1.0\n\n    at /Users/peter/github/opencode-workflow-kit/packages/cody-beads-integration/tests/e2e/cli-workflows.spec.ts:58:20",
                        "location": {
                          "file": "/Users/peter/github/opencode-workflow-kit/packages/cody-beads-integration/tests/e2e/cli-workflows.spec.ts",
                          "column": 20,
                          "line": 58
                        },
                        "snippet": "  56 |\n  57 |   test('should list available templates', async () => {\n> 58 |     const result = execSync('node dist/bin/cody-beads.js template list', {\n     |                    ^\n  59 |       cwd: testDir,\n  60 |       encoding: 'utf8'\n  61 |     });"
                      },
                      "errors": [
                        {
                          "location": {
                            "file": "/Users/peter/github/opencode-workflow-kit/packages/cody-beads-integration/tests/e2e/cli-workflows.spec.ts",
                            "column": 20,
                            "line": 58
                          },
                          "message": "Error: Command failed: node dist/bin/cody-beads.js template list\nnode:internal/modules/cjs/loader:1423\n  throw err;\n  ^\n\nError: Cannot find module '/Users/peter/github/opencode-workflow-kit/packages/cody-beads-integration/test-temp-cli/dist/bin/cody-beads.js'\n\u001b[90m    at Module._resolveFilename (node:internal/modules/cjs/loader:1420:15)\u001b[39m\n\u001b[90m    at defaultResolveImpl (node:internal/modules/cjs/loader:1058:19)\u001b[39m\n\u001b[90m    at resolveForCJSWithHooks (node:internal/modules/cjs/loader:1063:22)\u001b[39m\n\u001b[90m    at Module._load (node:internal/modules/cjs/loader:1226:37)\u001b[39m\n\u001b[90m    at TracingChannel.traceSync (node:diagnostics_channel:328:14)\u001b[39m\n\u001b[90m    at wrapModuleLoad (node:internal/modules/cjs/loader:245:24)\u001b[39m\n\u001b[90m    at Module.executeUserEntryPoint [as runMain] (node:internal/modules/run_main:154:5)\u001b[39m\n\u001b[90m    at node:internal/main/run_main_module:33:47\u001b[39m {\n  code: \u001b[32m'MODULE_NOT_FOUND'\u001b[39m,\n  requireStack: []\n}\n\nNode.js v25.1.0\n\n\n  56 |\n  57 |   test('should list available templates', async () => {\n> 58 |     const result = execSync('node dist/bin/cody-beads.js template list', {\n     |                    ^\n  59 |       cwd: testDir,\n  60 |       encoding: 'utf8'\n  61 |     });\n    at /Users/peter/github/opencode-workflow-kit/packages/cody-beads-integration/tests/e2e/cli-workflows.spec.ts:58:20"
                        }
                      ],
                      "stdout": [],
                      "stderr": [
                        {
                          "text": "node:internal/modules/cjs/loader:1423\n  throw err;\n  ^\n\nError: Cannot find module '/Users/peter/github/opencode-workflow-kit/packages/cody-beads-integration/test-temp-cli/dist/bin/cody-beads.js'\n\u001b[90m    at Module._resolveFilename (node:internal/modules/cjs/loader:1420:15)\u001b[39m\n\u001b[90m    at defaultResolveImpl (node:internal/modules/cjs/loader:1058:19)\u001b[39m\n\u001b[90m    at resolveForCJSWithHooks (node:internal/modules/cjs/loader:1063:22)\u001b[39m\n\u001b[90m    at Module._load (node:internal/modules/cjs/loader:1226:37)\u001b[39m\n\u001b[90m    at TracingChannel.traceSync (node:diagnostics_channel:328:14)\u001b[39m\n\u001b[90m    at wrapModuleLoad (node:internal/modules/cjs/loader:245:24)\u001b[39m\n\u001b[90m    at Module.executeUserEntryPoint [as runMain] (node:internal/modules/run_main:154:5)\u001b[39m\n\u001b[90m    at node:internal/main/run_main_module:33:47\u001b[39m {\n  code: \u001b[32m'MODULE_NOT_FOUND'\u001b[39m,\n  requireStack: []\n}\n\nNode.js v25.1.0\n"
                        }
                      ],
                      "retry": 0,
                      "startTime": "2025-12-01T20:15:19.965Z",
                      "annotations": [],
                      "attachments": [],
                      "errorLocation": {
                        "file": "/Users/peter/github/opencode-workflow-kit/packages/cody-beads-integration/tests/e2e/cli-workflows.spec.ts",
                        "column": 20,
                        "line": 58
                      }
                    }
                  ],
                  "status": "unexpected"
                }
              ],
              "id": "5e4dfb9a968a2c998c24-d66d7a421f73ffab06e3",
              "file": "cli-workflows.spec.ts",
              "line": 57,
              "column": 3
            },
            {
              "title": "should apply template and create project",
              "ok": false,
              "tags": [],
              "tests": [
                {
                  "timeout": 60000,
                  "annotations": [],
                  "expectedStatus": "passed",
                  "projectId": "Mobile Chrome",
                  "projectName": "Mobile Chrome",
                  "results": [
                    {
                      "workerIndex": 30,
                      "parallelIndex": 3,
                      "status": "failed",
                      "duration": 66,
                      "error": {
                        "message": "Error: Command failed: node dist/bin/cody-beads.js template apply minimal --name test-project\nnode:internal/modules/cjs/loader:1423\n  throw err;\n  ^\n\nError: Cannot find module '/Users/peter/github/opencode-workflow-kit/packages/cody-beads-integration/test-temp-cli/dist/bin/cody-beads.js'\n\u001b[90m    at Module._resolveFilename (node:internal/modules/cjs/loader:1420:15)\u001b[39m\n\u001b[90m    at defaultResolveImpl (node:internal/modules/cjs/loader:1058:19)\u001b[39m\n\u001b[90m    at resolveForCJSWithHooks (node:internal/modules/cjs/loader:1063:22)\u001b[39m\n\u001b[90m    at Module._load (node:internal/modules/cjs/loader:1226:37)\u001b[39m\n\u001b[90m    at TracingChannel.traceSync (node:diagnostics_channel:328:14)\u001b[39m\n\u001b[90m    at wrapModuleLoad (node:internal/modules/cjs/loader:245:24)\u001b[39m\n\u001b[90m    at Module.executeUserEntryPoint [as runMain] (node:internal/modules/run_main:154:5)\u001b[39m\n\u001b[90m    at node:internal/main/run_main_module:33:47\u001b[39m {\n  code: \u001b[32m'MODULE_NOT_FOUND'\u001b[39m,\n  requireStack: []\n}\n\nNode.js v25.1.0\n",
                        "stack": "Error: Command failed: node dist/bin/cody-beads.js template apply minimal --name test-project\nnode:internal/modules/cjs/loader:1423\n  throw err;\n  ^\n\nError: Cannot find module '/Users/peter/github/opencode-workflow-kit/packages/cody-beads-integration/test-temp-cli/dist/bin/cody-beads.js'\n\u001b[90m    at Module._resolveFilename (node:internal/modules/cjs/loader:1420:15)\u001b[39m\n\u001b[90m    at defaultResolveImpl (node:internal/modules/cjs/loader:1058:19)\u001b[39m\n\u001b[90m    at resolveForCJSWithHooks (node:internal/modules/cjs/loader:1063:22)\u001b[39m\n\u001b[90m    at Module._load (node:internal/modules/cjs/loader:1226:37)\u001b[39m\n\u001b[90m    at TracingChannel.traceSync (node:diagnostics_channel:328:14)\u001b[39m\n\u001b[90m    at wrapModuleLoad (node:internal/modules/cjs/loader:245:24)\u001b[39m\n\u001b[90m    at Module.executeUserEntryPoint [as runMain] (node:internal/modules/run_main:154:5)\u001b[39m\n\u001b[90m    at node:internal/main/run_main_module:33:47\u001b[39m {\n  code: \u001b[32m'MODULE_NOT_FOUND'\u001b[39m,\n  requireStack: []\n}\n\nNode.js v25.1.0\n\n    at /Users/peter/github/opencode-workflow-kit/packages/cody-beads-integration/tests/e2e/cli-workflows.spec.ts:73:5",
                        "location": {
                          "file": "/Users/peter/github/opencode-workflow-kit/packages/cody-beads-integration/tests/e2e/cli-workflows.spec.ts",
                          "column": 5,
                          "line": 73
                        },
                        "snippet": "  71 |     const projectDir = join(testDir, projectName);\n  72 |\n> 73 |     execSync(`node dist/bin/cody-beads.js template apply minimal --name ${projectName}`, {\n     |     ^\n  74 |       cwd: testDir,\n  75 |       encoding: 'utf8'\n  76 |     });"
                      },
                      "errors": [
                        {
                          "location": {
                            "file": "/Users/peter/github/opencode-workflow-kit/packages/cody-beads-integration/tests/e2e/cli-workflows.spec.ts",
                            "column": 5,
                            "line": 73
                          },
                          "message": "Error: Command failed: node dist/bin/cody-beads.js template apply minimal --name test-project\nnode:internal/modules/cjs/loader:1423\n  throw err;\n  ^\n\nError: Cannot find module '/Users/peter/github/opencode-workflow-kit/packages/cody-beads-integration/test-temp-cli/dist/bin/cody-beads.js'\n\u001b[90m    at Module._resolveFilename (node:internal/modules/cjs/loader:1420:15)\u001b[39m\n\u001b[90m    at defaultResolveImpl (node:internal/modules/cjs/loader:1058:19)\u001b[39m\n\u001b[90m    at resolveForCJSWithHooks (node:internal/modules/cjs/loader:1063:22)\u001b[39m\n\u001b[90m    at Module._load (node:internal/modules/cjs/loader:1226:37)\u001b[39m\n\u001b[90m    at TracingChannel.traceSync (node:diagnostics_channel:328:14)\u001b[39m\n\u001b[90m    at wrapModuleLoad (node:internal/modules/cjs/loader:245:24)\u001b[39m\n\u001b[90m    at Module.executeUserEntryPoint [as runMain] (node:internal/modules/run_main:154:5)\u001b[39m\n\u001b[90m    at node:internal/main/run_main_module:33:47\u001b[39m {\n  code: \u001b[32m'MODULE_NOT_FOUND'\u001b[39m,\n  requireStack: []\n}\n\nNode.js v25.1.0\n\n\n  71 |     const projectDir = join(testDir, projectName);\n  72 |\n> 73 |     execSync(`node dist/bin/cody-beads.js template apply minimal --name ${projectName}`, {\n     |     ^\n  74 |       cwd: testDir,\n  75 |       encoding: 'utf8'\n  76 |     });\n    at /Users/peter/github/opencode-workflow-kit/packages/cody-beads-integration/tests/e2e/cli-workflows.spec.ts:73:5"
                        }
                      ],
                      "stdout": [],
                      "stderr": [
                        {
                          "text": "node:internal/modules/cjs/loader:1423\n  throw err;\n  ^\n\nError: Cannot find module '/Users/peter/github/opencode-workflow-kit/packages/cody-beads-integration/test-temp-cli/dist/bin/cody-beads.js'\n\u001b[90m    at Module._resolveFilename (node:internal/modules/cjs/loader:1420:15)\u001b[39m\n\u001b[90m    at defaultResolveImpl (node:internal/modules/cjs/loader:1058:19)\u001b[39m\n\u001b[90m    at resolveForCJSWithHooks (node:internal/modules/cjs/loader:1063:22)\u001b[39m\n\u001b[90m    at Module._load (node:internal/modules/cjs/loader:1226:37)\u001b[39m\n\u001b[90m    at TracingChannel.traceSync (node:diagnostics_channel:328:14)\u001b[39m\n\u001b[90m    at wrapModuleLoad (node:internal/modules/cjs/loader:245:24)\u001b[39m\n\u001b[90m    at Module.executeUserEntryPoint [as runMain] (node:internal/modules/run_main:154:5)\u001b[39m\n\u001b[90m    at node:internal/main/run_main_module:33:47\u001b[39m {\n  code: \u001b[32m'MODULE_NOT_FOUND'\u001b[39m,\n  requireStack: []\n}\n\nNode.js v25.1.0\n"
                        }
                      ],
                      "retry": 0,
                      "startTime": "2025-12-01T20:15:20.120Z",
                      "annotations": [],
                      "attachments": [],
                      "errorLocation": {
                        "file": "/Users/peter/github/opencode-workflow-kit/packages/cody-beads-integration/tests/e2e/cli-workflows.spec.ts",
                        "column": 5,
                        "line": 73
                      }
                    }
                  ],
                  "status": "unexpected"
                }
              ],
              "id": "5e4dfb9a968a2c998c24-7d20c65b1a298d1232eb",
              "file": "cli-workflows.spec.ts",
              "line": 69,
              "column": 3
            },
            {
              "title": "should handle sync with dry run",
              "ok": false,
              "tags": [],
              "tests": [
                {
                  "timeout": 60000,
                  "annotations": [],
                  "expectedStatus": "passed",
                  "projectId": "Mobile Chrome",
                  "projectName": "Mobile Chrome",
                  "results": [
                    {
                      "workerIndex": 31,
                      "parallelIndex": 1,
                      "status": "failed",
                      "duration": 11,
                      "error": {
                        "message": "ReferenceError: require is not defined",
                        "stack": "ReferenceError: require is not defined\n    at /Users/peter/github/opencode-workflow-kit/packages/cody-beads-integration/tests/e2e/cli-workflows.spec.ts:98:5",
                        "location": {
                          "file": "/Users/peter/github/opencode-workflow-kit/packages/cody-beads-integration/tests/e2e/cli-workflows.spec.ts",
                          "column": 5,
                          "line": 98
                        },
                        "snippet": "   96 |\n   97 |     const configPath = join(testDir, 'cody-beads.config.json');\n>  98 |     require('fs').writeFileSync(configPath, JSON.stringify(config, null, 2));\n      |     ^\n   99 |\n  100 |     const result = execSync('node dist/bin/cody-beads.js sync --dry-run', {\n  101 |       cwd: testDir,"
                      },
                      "errors": [
                        {
                          "location": {
                            "file": "/Users/peter/github/opencode-workflow-kit/packages/cody-beads-integration/tests/e2e/cli-workflows.spec.ts",
                            "column": 5,
                            "line": 98
                          },
                          "message": "ReferenceError: require is not defined\n\n   96 |\n   97 |     const configPath = join(testDir, 'cody-beads.config.json');\n>  98 |     require('fs').writeFileSync(configPath, JSON.stringify(config, null, 2));\n      |     ^\n   99 |\n  100 |     const result = execSync('node dist/bin/cody-beads.js sync --dry-run', {\n  101 |       cwd: testDir,\n    at /Users/peter/github/opencode-workflow-kit/packages/cody-beads-integration/tests/e2e/cli-workflows.spec.ts:98:5"
                        }
                      ],
                      "stdout": [],
                      "stderr": [],
                      "retry": 0,
                      "startTime": "2025-12-01T20:15:20.582Z",
                      "annotations": [],
                      "attachments": [],
                      "errorLocation": {
                        "file": "/Users/peter/github/opencode-workflow-kit/packages/cody-beads-integration/tests/e2e/cli-workflows.spec.ts",
                        "column": 5,
                        "line": 98
                      }
                    }
                  ],
                  "status": "unexpected"
                }
              ],
              "id": "5e4dfb9a968a2c998c24-a76956d62813b07fb488",
              "file": "cli-workflows.spec.ts",
              "line": 83,
              "column": 3
            },
            {
              "title": "should show error for invalid configuration",
              "ok": false,
              "tags": [],
              "tests": [
                {
                  "timeout": 60000,
                  "annotations": [],
                  "expectedStatus": "passed",
                  "projectId": "Mobile Chrome",
                  "projectName": "Mobile Chrome",
                  "results": [
                    {
                      "workerIndex": 32,
                      "parallelIndex": 3,
                      "status": "failed",
                      "duration": 10,
                      "error": {
                        "message": "ReferenceError: require is not defined",
                        "stack": "ReferenceError: require is not defined\n    at /Users/peter/github/opencode-workflow-kit/packages/cody-beads-integration/tests/e2e/cli-workflows.spec.ts:112:5",
                        "location": {
                          "file": "/Users/peter/github/opencode-workflow-kit/packages/cody-beads-integration/tests/e2e/cli-workflows.spec.ts",
                          "column": 5,
                          "line": 112
                        },
                        "snippet": "  110 |     // Test with invalid configuration\n  111 |     const configPath = join(testDir, 'cody-beads.config.json');\n> 112 |     require('fs').writeFileSync(configPath, '{ invalid json }');\n      |     ^\n  113 |\n  114 |     const result = execSync('node dist/bin/cody-beads.js config test 2>&1 || true', {\n  115 |       cwd: testDir,"
                      },
                      "errors": [
                        {
                          "location": {
                            "file": "/Users/peter/github/opencode-workflow-kit/packages/cody-beads-integration/tests/e2e/cli-workflows.spec.ts",
                            "column": 5,
                            "line": 112
                          },
                          "message": "ReferenceError: require is not defined\n\n  110 |     // Test with invalid configuration\n  111 |     const configPath = join(testDir, 'cody-beads.config.json');\n> 112 |     require('fs').writeFileSync(configPath, '{ invalid json }');\n      |     ^\n  113 |\n  114 |     const result = execSync('node dist/bin/cody-beads.js config test 2>&1 || true', {\n  115 |       cwd: testDir,\n    at /Users/peter/github/opencode-workflow-kit/packages/cody-beads-integration/tests/e2e/cli-workflows.spec.ts:112:5"
                        }
                      ],
                      "stdout": [],
                      "stderr": [],
                      "retry": 0,
                      "startTime": "2025-12-01T20:15:20.752Z",
                      "annotations": [],
                      "attachments": [],
                      "errorLocation": {
                        "file": "/Users/peter/github/opencode-workflow-kit/packages/cody-beads-integration/tests/e2e/cli-workflows.spec.ts",
                        "column": 5,
                        "line": 112
                      }
                    }
                  ],
                  "status": "unexpected"
                }
              ],
              "id": "5e4dfb9a968a2c998c24-08b6bad912567c8551f2",
              "file": "cli-workflows.spec.ts",
              "line": 109,
              "column": 3
            },
            {
              "title": "should version operations work correctly",
              "ok": false,
              "tags": [],
              "tests": [
                {
                  "timeout": 60000,
                  "annotations": [],
                  "expectedStatus": "passed",
                  "projectId": "Mobile Chrome",
                  "projectName": "Mobile Chrome",
                  "results": [
                    {
                      "workerIndex": 33,
                      "parallelIndex": 1,
                      "status": "failed",
                      "duration": 66,
                      "error": {
                        "message": "Error: Command failed: node dist/bin/cody-beads.js version add --name \"Test Version\" --features \"test features\"\nnode:internal/modules/cjs/loader:1423\n  throw err;\n  ^\n\nError: Cannot find module '/Users/peter/github/opencode-workflow-kit/packages/cody-beads-integration/test-temp-cli/dist/bin/cody-beads.js'\n\u001b[90m    at Module._resolveFilename (node:internal/modules/cjs/loader:1420:15)\u001b[39m\n\u001b[90m    at defaultResolveImpl (node:internal/modules/cjs/loader:1058:19)\u001b[39m\n\u001b[90m    at resolveForCJSWithHooks (node:internal/modules/cjs/loader:1063:22)\u001b[39m\n\u001b[90m    at Module._load (node:internal/modules/cjs/loader:1226:37)\u001b[39m\n\u001b[90m    at TracingChannel.traceSync (node:diagnostics_channel:328:14)\u001b[39m\n\u001b[90m    at wrapModuleLoad (node:internal/modules/cjs/loader:245:24)\u001b[39m\n\u001b[90m    at Module.executeUserEntryPoint [as runMain] (node:internal/modules/run_main:154:5)\u001b[39m\n\u001b[90m    at node:internal/main/run_main_module:33:47\u001b[39m {\n  code: \u001b[32m'MODULE_NOT_FOUND'\u001b[39m,\n  requireStack: []\n}\n\nNode.js v25.1.0\n",
                        "stack": "Error: Command failed: node dist/bin/cody-beads.js version add --name \"Test Version\" --features \"test features\"\nnode:internal/modules/cjs/loader:1423\n  throw err;\n  ^\n\nError: Cannot find module '/Users/peter/github/opencode-workflow-kit/packages/cody-beads-integration/test-temp-cli/dist/bin/cody-beads.js'\n\u001b[90m    at Module._resolveFilename (node:internal/modules/cjs/loader:1420:15)\u001b[39m\n\u001b[90m    at defaultResolveImpl (node:internal/modules/cjs/loader:1058:19)\u001b[39m\n\u001b[90m    at resolveForCJSWithHooks (node:internal/modules/cjs/loader:1063:22)\u001b[39m\n\u001b[90m    at Module._load (node:internal/modules/cjs/loader:1226:37)\u001b[39m\n\u001b[90m    at TracingChannel.traceSync (node:diagnostics_channel:328:14)\u001b[39m\n\u001b[90m    at wrapModuleLoad (node:internal/modules/cjs/loader:245:24)\u001b[39m\n\u001b[90m    at Module.executeUserEntryPoint [as runMain] (node:internal/modules/run_main:154:5)\u001b[39m\n\u001b[90m    at node:internal/main/run_main_module:33:47\u001b[39m {\n  code: \u001b[32m'MODULE_NOT_FOUND'\u001b[39m,\n  requireStack: []\n}\n\nNode.js v25.1.0\n\n    at /Users/peter/github/opencode-workflow-kit/packages/cody-beads-integration/tests/e2e/cli-workflows.spec.ts:125:5",
                        "location": {
                          "file": "/Users/peter/github/opencode-workflow-kit/packages/cody-beads-integration/tests/e2e/cli-workflows.spec.ts",
                          "column": 5,
                          "line": 125
                        },
                        "snippet": "  123 |   test('should version operations work correctly', async () => {\n  124 |     // Test version add\n> 125 |     execSync(`node dist/bin/cody-beads.js version add --name \"Test Version\" --features \"test features\"`, {\n      |     ^\n  126 |       cwd: testDir,\n  127 |       encoding: 'utf8'\n  128 |     });"
                      },
                      "errors": [
                        {
                          "location": {
                            "file": "/Users/peter/github/opencode-workflow-kit/packages/cody-beads-integration/tests/e2e/cli-workflows.spec.ts",
                            "column": 5,
                            "line": 125
                          },
                          "message": "Error: Command failed: node dist/bin/cody-beads.js version add --name \"Test Version\" --features \"test features\"\nnode:internal/modules/cjs/loader:1423\n  throw err;\n  ^\n\nError: Cannot find module '/Users/peter/github/opencode-workflow-kit/packages/cody-beads-integration/test-temp-cli/dist/bin/cody-beads.js'\n\u001b[90m    at Module._resolveFilename (node:internal/modules/cjs/loader:1420:15)\u001b[39m\n\u001b[90m    at defaultResolveImpl (node:internal/modules/cjs/loader:1058:19)\u001b[39m\n\u001b[90m    at resolveForCJSWithHooks (node:internal/modules/cjs/loader:1063:22)\u001b[39m\n\u001b[90m    at Module._load (node:internal/modules/cjs/loader:1226:37)\u001b[39m\n\u001b[90m    at TracingChannel.traceSync (node:diagnostics_channel:328:14)\u001b[39m\n\u001b[90m    at wrapModuleLoad (node:internal/modules/cjs/loader:245:24)\u001b[39m\n\u001b[90m    at Module.executeUserEntryPoint [as runMain] (node:internal/modules/run_main:154:5)\u001b[39m\n\u001b[90m    at node:internal/main/run_main_module:33:47\u001b[39m {\n  code: \u001b[32m'MODULE_NOT_FOUND'\u001b[39m,\n  requireStack: []\n}\n\nNode.js v25.1.0\n\n\n  123 |   test('should version operations work correctly', async () => {\n  124 |     // Test version add\n> 125 |     execSync(`node dist/bin/cody-beads.js version add --name \"Test Version\" --features \"test features\"`, {\n      |     ^\n  126 |       cwd: testDir,\n  127 |       encoding: 'utf8'\n  128 |     });\n    at /Users/peter/github/opencode-workflow-kit/packages/cody-beads-integration/tests/e2e/cli-workflows.spec.ts:125:5"
                        }
                      ],
                      "stdout": [],
                      "stderr": [
                        {
                          "text": "node:internal/modules/cjs/loader:1423\n  throw err;\n  ^\n\nError: Cannot find module '/Users/peter/github/opencode-workflow-kit/packages/cody-beads-integration/test-temp-cli/dist/bin/cody-beads.js'\n\u001b[90m    at Module._resolveFilename (node:internal/modules/cjs/loader:1420:15)\u001b[39m\n\u001b[90m    at defaultResolveImpl (node:internal/modules/cjs/loader:1058:19)\u001b[39m\n\u001b[90m    at resolveForCJSWithHooks (node:internal/modules/cjs/loader:1063:22)\u001b[39m\n\u001b[90m    at Module._load (node:internal/modules/cjs/loader:1226:37)\u001b[39m\n\u001b[90m    at TracingChannel.traceSync (node:diagnostics_channel:328:14)\u001b[39m\n\u001b[90m    at wrapModuleLoad (node:internal/modules/cjs/loader:245:24)\u001b[39m\n\u001b[90m    at Module.executeUserEntryPoint [as runMain] (node:internal/modules/run_main:154:5)\u001b[39m\n\u001b[90m    at node:internal/main/run_main_module:33:47\u001b[39m {\n  code: \u001b[32m'MODULE_NOT_FOUND'\u001b[39m,\n  requireStack: []\n}\n\nNode.js v25.1.0\n"
                        }
                      ],
                      "retry": 0,
                      "startTime": "2025-12-01T20:15:21.161Z",
                      "annotations": [],
                      "attachments": [],
                      "errorLocation": {
                        "file": "/Users/peter/github/opencode-workflow-kit/packages/cody-beads-integration/tests/e2e/cli-workflows.spec.ts",
                        "column": 5,
                        "line": 125
                      }
                    }
                  ],
                  "status": "unexpected"
                }
              ],
              "id": "5e4dfb9a968a2c998c24-d95b9b2ec4c76e8ea618",
              "file": "cli-workflows.spec.ts",
              "line": 123,
              "column": 3
            },
            {
              "title": "should show help information",
              "ok": false,
              "tags": [],
              "tests": [
                {
                  "timeout": 60000,
                  "annotations": [],
                  "expectedStatus": "passed",
                  "projectId": "Mobile Safari",
                  "projectName": "Mobile Safari",
                  "results": [
                    {
                      "workerIndex": 36,
                      "parallelIndex": 2,
                      "status": "failed",
                      "duration": 2335,
                      "error": {
                        "message": "Error: spawnSync /bin/sh ENOENT",
                        "stack": "Error: spawnSync /bin/sh ENOENT\n    at /Users/peter/github/opencode-workflow-kit/packages/cody-beads-integration/tests/e2e/cli-workflows.spec.ts:29:20",
                        "location": {
                          "file": "/Users/peter/github/opencode-workflow-kit/packages/cody-beads-integration/tests/e2e/cli-workflows.spec.ts",
                          "column": 20,
                          "line": 29
                        },
                        "snippet": "  27 |     // Navigate to CLI help page (if you have a web interface)\n  28 |     // or use execSync for actual CLI commands\n> 29 |     const result = execSync('npm run build && node dist/bin/cody-beads.js --help', {\n     |                    ^\n  30 |       cwd: testDir,\n  31 |       encoding: 'utf8'\n  32 |     });"
                      },
                      "errors": [
                        {
                          "location": {
                            "file": "/Users/peter/github/opencode-workflow-kit/packages/cody-beads-integration/tests/e2e/cli-workflows.spec.ts",
                            "column": 20,
                            "line": 29
                          },
                          "message": "Error: spawnSync /bin/sh ENOENT\n\n  27 |     // Navigate to CLI help page (if you have a web interface)\n  28 |     // or use execSync for actual CLI commands\n> 29 |     const result = execSync('npm run build && node dist/bin/cody-beads.js --help', {\n     |                    ^\n  30 |       cwd: testDir,\n  31 |       encoding: 'utf8'\n  32 |     });\n    at /Users/peter/github/opencode-workflow-kit/packages/cody-beads-integration/tests/e2e/cli-workflows.spec.ts:29:20"
                        }
                      ],
                      "stdout": [],
                      "stderr": [],
                      "retry": 0,
                      "startTime": "2025-12-01T20:15:21.614Z",
                      "annotations": [],
                      "attachments": [
                        {
                          "name": "screenshot",
                          "contentType": "image/png",
                          "path": "/Users/peter/github/opencode-workflow-kit/packages/cody-beads-integration/test-results/cli-workflows-CLI-Workflows-should-show-help-information-Mobile-Safari/test-failed-1.png"
                        },
                        {
                          "name": "video",
                          "contentType": "video/webm",
                          "path": "/Users/peter/github/opencode-workflow-kit/packages/cody-beads-integration/test-results/cli-workflows-CLI-Workflows-should-show-help-information-Mobile-Safari/video.webm"
                        }
                      ],
                      "errorLocation": {
                        "file": "/Users/peter/github/opencode-workflow-kit/packages/cody-beads-integration/tests/e2e/cli-workflows.spec.ts",
                        "column": 20,
                        "line": 29
                      }
                    }
                  ],
                  "status": "unexpected"
                }
              ],
              "id": "5e4dfb9a968a2c998c24-408f74cccb6a5b9281b4",
              "file": "cli-workflows.spec.ts",
              "line": 26,
              "column": 3
            },
            {
              "title": "should initialize configuration interactively",
              "ok": false,
              "tags": [],
              "tests": [
                {
                  "timeout": 60000,
                  "annotations": [],
                  "expectedStatus": "passed",
                  "projectId": "Mobile Safari",
                  "projectName": "Mobile Safari",
                  "results": [
                    {
                      "workerIndex": 37,
                      "parallelIndex": 1,
                      "status": "failed",
                      "duration": 2321,
                      "error": {
                        "message": "Error: spawnSync /bin/sh ENOENT",
                        "stack": "Error: spawnSync /bin/sh ENOENT\n    at /Users/peter/github/opencode-workflow-kit/packages/cody-beads-integration/tests/e2e/cli-workflows.spec.ts:48:20",
                        "location": {
                          "file": "/Users/peter/github/opencode-workflow-kit/packages/cody-beads-integration/tests/e2e/cli-workflows.spec.ts",
                          "column": 20,
                          "line": 48
                        },
                        "snippet": "  46 |\n  47 |     // Mock interactive responses\n> 48 |     const result = execSync(`echo -e \"test-owner\\\\ntest-repo\\\\ntest-token\\\\n\" | node dist/bin/cody-beads.js config setup`, {\n     |                    ^\n  49 |       cwd: testDir,\n  50 |       encoding: 'utf8'\n  51 |     });"
                      },
                      "errors": [
                        {
                          "location": {
                            "file": "/Users/peter/github/opencode-workflow-kit/packages/cody-beads-integration/tests/e2e/cli-workflows.spec.ts",
                            "column": 20,
                            "line": 48
                          },
                          "message": "Error: spawnSync /bin/sh ENOENT\n\n  46 |\n  47 |     // Mock interactive responses\n> 48 |     const result = execSync(`echo -e \"test-owner\\\\ntest-repo\\\\ntest-token\\\\n\" | node dist/bin/cody-beads.js config setup`, {\n     |                    ^\n  49 |       cwd: testDir,\n  50 |       encoding: 'utf8'\n  51 |     });\n    at /Users/peter/github/opencode-workflow-kit/packages/cody-beads-integration/tests/e2e/cli-workflows.spec.ts:48:20"
                        }
                      ],
                      "stdout": [],
                      "stderr": [],
                      "retry": 0,
                      "startTime": "2025-12-01T20:15:21.765Z",
                      "annotations": [],
                      "attachments": [
                        {
                          "name": "screenshot",
                          "contentType": "image/png",
                          "path": "/Users/peter/github/opencode-workflow-kit/packages/cody-beads-integration/test-results/cli-workflows-CLI-Workflow-18cb8-configuration-interactively-Mobile-Safari/test-failed-1.png"
                        },
                        {
                          "name": "video",
                          "contentType": "video/webm",
                          "path": "/Users/peter/github/opencode-workflow-kit/packages/cody-beads-integration/test-results/cli-workflows-CLI-Workflow-18cb8-configuration-interactively-Mobile-Safari/video.webm"
                        }
                      ],
                      "errorLocation": {
                        "file": "/Users/peter/github/opencode-workflow-kit/packages/cody-beads-integration/tests/e2e/cli-workflows.spec.ts",
                        "column": 20,
                        "line": 48
                      }
                    }
                  ],
                  "status": "unexpected"
                }
              ],
              "id": "5e4dfb9a968a2c998c24-c04c43fb0d8963de43b0",
              "file": "cli-workflows.spec.ts",
              "line": 41,
              "column": 3
            },
            {
              "title": "should list available templates",
              "ok": false,
              "tags": [],
              "tests": [
                {
                  "timeout": 60000,
                  "annotations": [],
                  "expectedStatus": "passed",
                  "projectId": "Mobile Safari",
                  "projectName": "Mobile Safari",
                  "results": [
                    {
                      "workerIndex": 38,
                      "parallelIndex": 3,
                      "status": "failed",
                      "duration": 58,
                      "error": {
                        "message": "Error: Command failed: node dist/bin/cody-beads.js template list\nnode:internal/modules/cjs/loader:1423\n  throw err;\n  ^\n\nError: Cannot find module '/Users/peter/github/opencode-workflow-kit/packages/cody-beads-integration/test-temp-cli/dist/bin/cody-beads.js'\n\u001b[90m    at Module._resolveFilename (node:internal/modules/cjs/loader:1420:15)\u001b[39m\n\u001b[90m    at defaultResolveImpl (node:internal/modules/cjs/loader:1058:19)\u001b[39m\n\u001b[90m    at resolveForCJSWithHooks (node:internal/modules/cjs/loader:1063:22)\u001b[39m\n\u001b[90m    at Module._load (node:internal/modules/cjs/loader:1226:37)\u001b[39m\n\u001b[90m    at TracingChannel.traceSync (node:diagnostics_channel:328:14)\u001b[39m\n\u001b[90m    at wrapModuleLoad (node:internal/modules/cjs/loader:245:24)\u001b[39m\n\u001b[90m    at Module.executeUserEntryPoint [as runMain] (node:internal/modules/run_main:154:5)\u001b[39m\n\u001b[90m    at node:internal/main/run_main_module:33:47\u001b[39m {\n  code: \u001b[32m'MODULE_NOT_FOUND'\u001b[39m,\n  requireStack: []\n}\n\nNode.js v25.1.0\n",
                        "stack": "Error: Command failed: node dist/bin/cody-beads.js template list\nnode:internal/modules/cjs/loader:1423\n  throw err;\n  ^\n\nError: Cannot find module '/Users/peter/github/opencode-workflow-kit/packages/cody-beads-integration/test-temp-cli/dist/bin/cody-beads.js'\n\u001b[90m    at Module._resolveFilename (node:internal/modules/cjs/loader:1420:15)\u001b[39m\n\u001b[90m    at defaultResolveImpl (node:internal/modules/cjs/loader:1058:19)\u001b[39m\n\u001b[90m    at resolveForCJSWithHooks (node:internal/modules/cjs/loader:1063:22)\u001b[39m\n\u001b[90m    at Module._load (node:internal/modules/cjs/loader:1226:37)\u001b[39m\n\u001b[90m    at TracingChannel.traceSync (node:diagnostics_channel:328:14)\u001b[39m\n\u001b[90m    at wrapModuleLoad (node:internal/modules/cjs/loader:245:24)\u001b[39m\n\u001b[90m    at Module.executeUserEntryPoint [as runMain] (node:internal/modules/run_main:154:5)\u001b[39m\n\u001b[90m    at node:internal/main/run_main_module:33:47\u001b[39m {\n  code: \u001b[32m'MODULE_NOT_FOUND'\u001b[39m,\n  requireStack: []\n}\n\nNode.js v25.1.0\n\n    at /Users/peter/github/opencode-workflow-kit/packages/cody-beads-integration/tests/e2e/cli-workflows.spec.ts:58:20",
                        "location": {
                          "file": "/Users/peter/github/opencode-workflow-kit/packages/cody-beads-integration/tests/e2e/cli-workflows.spec.ts",
                          "column": 20,
                          "line": 58
                        },
                        "snippet": "  56 |\n  57 |   test('should list available templates', async () => {\n> 58 |     const result = execSync('node dist/bin/cody-beads.js template list', {\n     |                    ^\n  59 |       cwd: testDir,\n  60 |       encoding: 'utf8'\n  61 |     });"
                      },
                      "errors": [
                        {
                          "location": {
                            "file": "/Users/peter/github/opencode-workflow-kit/packages/cody-beads-integration/tests/e2e/cli-workflows.spec.ts",
                            "column": 20,
                            "line": 58
                          },
                          "message": "Error: Command failed: node dist/bin/cody-beads.js template list\nnode:internal/modules/cjs/loader:1423\n  throw err;\n  ^\n\nError: Cannot find module '/Users/peter/github/opencode-workflow-kit/packages/cody-beads-integration/test-temp-cli/dist/bin/cody-beads.js'\n\u001b[90m    at Module._resolveFilename (node:internal/modules/cjs/loader:1420:15)\u001b[39m\n\u001b[90m    at defaultResolveImpl (node:internal/modules/cjs/loader:1058:19)\u001b[39m\n\u001b[90m    at resolveForCJSWithHooks (node:internal/modules/cjs/loader:1063:22)\u001b[39m\n\u001b[90m    at Module._load (node:internal/modules/cjs/loader:1226:37)\u001b[39m\n\u001b[90m    at TracingChannel.traceSync (node:diagnostics_channel:328:14)\u001b[39m\n\u001b[90m    at wrapModuleLoad (node:internal/modules/cjs/loader:245:24)\u001b[39m\n\u001b[90m    at Module.executeUserEntryPoint [as runMain] (node:internal/modules/run_main:154:5)\u001b[39m\n\u001b[90m    at node:internal/main/run_main_module:33:47\u001b[39m {\n  code: \u001b[32m'MODULE_NOT_FOUND'\u001b[39m,\n  requireStack: []\n}\n\nNode.js v25.1.0\n\n\n  56 |\n  57 |   test('should list available templates', async () => {\n> 58 |     const result = execSync('node dist/bin/cody-beads.js template list', {\n     |                    ^\n  59 |       cwd: testDir,\n  60 |       encoding: 'utf8'\n  61 |     });\n    at /Users/peter/github/opencode-workflow-kit/packages/cody-beads-integration/tests/e2e/cli-workflows.spec.ts:58:20"
                        }
                      ],
                      "stdout": [],
                      "stderr": [
                        {
                          "text": "node:internal/modules/cjs/loader:1423\n  throw err;\n  ^\n\nError: Cannot find module '/Users/peter/github/opencode-workflow-kit/packages/cody-beads-integration/test-temp-cli/dist/bin/cody-beads.js'\n\u001b[90m    at Module._resolveFilename (node:internal/modules/cjs/loader:1420:15)\u001b[39m\n\u001b[90m    at defaultResolveImpl (node:internal/modules/cjs/loader:1058:19)\u001b[39m\n\u001b[90m    at resolveForCJSWithHooks (node:internal/modules/cjs/loader:1063:22)\u001b[39m\n\u001b[90m    at Module._load (node:internal/modules/cjs/loader:1226:37)\u001b[39m\n\u001b[90m    at TracingChannel.traceSync (node:diagnostics_channel:328:14)\u001b[39m\n\u001b[90m    at wrapModuleLoad (node:internal/modules/cjs/loader:245:24)\u001b[39m\n\u001b[90m    at Module.executeUserEntryPoint [as runMain] (node:internal/modules/run_main:154:5)\u001b[39m\n\u001b[90m    at node:internal/main/run_main_module:33:47\u001b[39m {\n  code: \u001b[32m'MODULE_NOT_FOUND'\u001b[39m,\n  requireStack: []\n}\n\nNode.js v25.1.0\n"
                        }
                      ],
                      "retry": 0,
                      "startTime": "2025-12-01T20:15:21.815Z",
                      "annotations": [],
                      "attachments": [],
                      "errorLocation": {
                        "file": "/Users/peter/github/opencode-workflow-kit/packages/cody-beads-integration/tests/e2e/cli-workflows.spec.ts",
                        "column": 20,
                        "line": 58
                      }
                    }
                  ],
                  "status": "unexpected"
                }
              ],
              "id": "5e4dfb9a968a2c998c24-523fb85921391c3a7bdc",
              "file": "cli-workflows.spec.ts",
              "line": 57,
              "column": 3
            },
            {
              "title": "should apply template and create project",
              "ok": false,
              "tags": [],
              "tests": [
                {
                  "timeout": 60000,
                  "annotations": [],
                  "expectedStatus": "passed",
                  "projectId": "Mobile Safari",
                  "projectName": "Mobile Safari",
                  "results": [
                    {
                      "workerIndex": 39,
                      "parallelIndex": 0,
                      "status": "failed",
                      "duration": 66,
                      "error": {
                        "message": "Error: Command failed: node dist/bin/cody-beads.js template apply minimal --name test-project\nnode:internal/modules/cjs/loader:1423\n  throw err;\n  ^\n\nError: Cannot find module '/Users/peter/github/opencode-workflow-kit/packages/cody-beads-integration/test-temp-cli/dist/bin/cody-beads.js'\n\u001b[90m    at Module._resolveFilename (node:internal/modules/cjs/loader:1420:15)\u001b[39m\n\u001b[90m    at defaultResolveImpl (node:internal/modules/cjs/loader:1058:19)\u001b[39m\n\u001b[90m    at resolveForCJSWithHooks (node:internal/modules/cjs/loader:1063:22)\u001b[39m\n\u001b[90m    at Module._load (node:internal/modules/cjs/loader:1226:37)\u001b[39m\n\u001b[90m    at TracingChannel.traceSync (node:diagnostics_channel:328:14)\u001b[39m\n\u001b[90m    at wrapModuleLoad (node:internal/modules/cjs/loader:245:24)\u001b[39m\n\u001b[90m    at Module.executeUserEntryPoint [as runMain] (node:internal/modules/run_main:154:5)\u001b[39m\n\u001b[90m    at node:internal/main/run_main_module:33:47\u001b[39m {\n  code: \u001b[32m'MODULE_NOT_FOUND'\u001b[39m,\n  requireStack: []\n}\n\nNode.js v25.1.0\n",
                        "stack": "Error: Command failed: node dist/bin/cody-beads.js template apply minimal --name test-project\nnode:internal/modules/cjs/loader:1423\n  throw err;\n  ^\n\nError: Cannot find module '/Users/peter/github/opencode-workflow-kit/packages/cody-beads-integration/test-temp-cli/dist/bin/cody-beads.js'\n\u001b[90m    at Module._resolveFilename (node:internal/modules/cjs/loader:1420:15)\u001b[39m\n\u001b[90m    at defaultResolveImpl (node:internal/modules/cjs/loader:1058:19)\u001b[39m\n\u001b[90m    at resolveForCJSWithHooks (node:internal/modules/cjs/loader:1063:22)\u001b[39m\n\u001b[90m    at Module._load (node:internal/modules/cjs/loader:1226:37)\u001b[39m\n\u001b[90m    at TracingChannel.traceSync (node:diagnostics_channel:328:14)\u001b[39m\n\u001b[90m    at wrapModuleLoad (node:internal/modules/cjs/loader:245:24)\u001b[39m\n\u001b[90m    at Module.executeUserEntryPoint [as runMain] (node:internal/modules/run_main:154:5)\u001b[39m\n\u001b[90m    at node:internal/main/run_main_module:33:47\u001b[39m {\n  code: \u001b[32m'MODULE_NOT_FOUND'\u001b[39m,\n  requireStack: []\n}\n\nNode.js v25.1.0\n\n    at /Users/peter/github/opencode-workflow-kit/packages/cody-beads-integration/tests/e2e/cli-workflows.spec.ts:73:5",
                        "location": {
                          "file": "/Users/peter/github/opencode-workflow-kit/packages/cody-beads-integration/tests/e2e/cli-workflows.spec.ts",
                          "column": 5,
                          "line": 73
                        },
                        "snippet": "  71 |     const projectDir = join(testDir, projectName);\n  72 |\n> 73 |     execSync(`node dist/bin/cody-beads.js template apply minimal --name ${projectName}`, {\n     |     ^\n  74 |       cwd: testDir,\n  75 |       encoding: 'utf8'\n  76 |     });"
                      },
                      "errors": [
                        {
                          "location": {
                            "file": "/Users/peter/github/opencode-workflow-kit/packages/cody-beads-integration/tests/e2e/cli-workflows.spec.ts",
                            "column": 5,
                            "line": 73
                          },
                          "message": "Error: Command failed: node dist/bin/cody-beads.js template apply minimal --name test-project\nnode:internal/modules/cjs/loader:1423\n  throw err;\n  ^\n\nError: Cannot find module '/Users/peter/github/opencode-workflow-kit/packages/cody-beads-integration/test-temp-cli/dist/bin/cody-beads.js'\n\u001b[90m    at Module._resolveFilename (node:internal/modules/cjs/loader:1420:15)\u001b[39m\n\u001b[90m    at defaultResolveImpl (node:internal/modules/cjs/loader:1058:19)\u001b[39m\n\u001b[90m    at resolveForCJSWithHooks (node:internal/modules/cjs/loader:1063:22)\u001b[39m\n\u001b[90m    at Module._load (node:internal/modules/cjs/loader:1226:37)\u001b[39m\n\u001b[90m    at TracingChannel.traceSync (node:diagnostics_channel:328:14)\u001b[39m\n\u001b[90m    at wrapModuleLoad (node:internal/modules/cjs/loader:245:24)\u001b[39m\n\u001b[90m    at Module.executeUserEntryPoint [as runMain] (node:internal/modules/run_main:154:5)\u001b[39m\n\u001b[90m    at node:internal/main/run_main_module:33:47\u001b[39m {\n  code: \u001b[32m'MODULE_NOT_FOUND'\u001b[39m,\n  requireStack: []\n}\n\nNode.js v25.1.0\n\n\n  71 |     const projectDir = join(testDir, projectName);\n  72 |\n> 73 |     execSync(`node dist/bin/cody-beads.js template apply minimal --name ${projectName}`, {\n     |     ^\n  74 |       cwd: testDir,\n  75 |       encoding: 'utf8'\n  76 |     });\n    at /Users/peter/github/opencode-workflow-kit/packages/cody-beads-integration/tests/e2e/cli-workflows.spec.ts:73:5"
                        }
                      ],
                      "stdout": [],
                      "stderr": [
                        {
                          "text": "node:internal/modules/cjs/loader:1423\n  throw err;\n  ^\n\nError: Cannot find module '/Users/peter/github/opencode-workflow-kit/packages/cody-beads-integration/test-temp-cli/dist/bin/cody-beads.js'\n\u001b[90m    at Module._resolveFilename (node:internal/modules/cjs/loader:1420:15)\u001b[39m\n\u001b[90m    at defaultResolveImpl (node:internal/modules/cjs/loader:1058:19)\u001b[39m\n\u001b[90m    at resolveForCJSWithHooks (node:internal/modules/cjs/loader:1063:22)\u001b[39m\n\u001b[90m    at Module._load (node:internal/modules/cjs/loader:1226:37)\u001b[39m\n\u001b[90m    at TracingChannel.traceSync (node:diagnostics_channel:328:14)\u001b[39m\n\u001b[90m    at wrapModuleLoad (node:internal/modules/cjs/loader:245:24)\u001b[39m\n\u001b[90m    at Module.executeUserEntryPoint [as runMain] (node:internal/modules/run_main:154:5)\u001b[39m\n\u001b[90m    at node:internal/main/run_main_module:33:47\u001b[39m {\n  code: \u001b[32m'MODULE_NOT_FOUND'\u001b[39m,\n  requireStack: []\n}\n\nNode.js v25.1.0\n"
                        }
                      ],
                      "retry": 0,
                      "startTime": "2025-12-01T20:15:22.086Z",
                      "annotations": [],
                      "attachments": [],
                      "errorLocation": {
                        "file": "/Users/peter/github/opencode-workflow-kit/packages/cody-beads-integration/tests/e2e/cli-workflows.spec.ts",
                        "column": 5,
                        "line": 73
                      }
                    }
                  ],
                  "status": "unexpected"
                }
              ],
              "id": "5e4dfb9a968a2c998c24-8b02321570405601895e",
              "file": "cli-workflows.spec.ts",
              "line": 69,
              "column": 3
            },
            {
              "title": "should handle sync with dry run",
              "ok": false,
              "tags": [],
              "tests": [
                {
                  "timeout": 60000,
                  "annotations": [],
                  "expectedStatus": "passed",
                  "projectId": "Mobile Safari",
                  "projectName": "Mobile Safari",
                  "results": [
                    {
                      "workerIndex": 40,
                      "parallelIndex": 3,
                      "status": "failed",
                      "duration": 9,
                      "error": {
                        "message": "ReferenceError: require is not defined",
                        "stack": "ReferenceError: require is not defined\n    at /Users/peter/github/opencode-workflow-kit/packages/cody-beads-integration/tests/e2e/cli-workflows.spec.ts:98:5",
                        "location": {
                          "file": "/Users/peter/github/opencode-workflow-kit/packages/cody-beads-integration/tests/e2e/cli-workflows.spec.ts",
                          "column": 5,
                          "line": 98
                        },
                        "snippet": "   96 |\n   97 |     const configPath = join(testDir, 'cody-beads.config.json');\n>  98 |     require('fs').writeFileSync(configPath, JSON.stringify(config, null, 2));\n      |     ^\n   99 |\n  100 |     const result = execSync('node dist/bin/cody-beads.js sync --dry-run', {\n  101 |       cwd: testDir,"
                      },
                      "errors": [
                        {
                          "location": {
                            "file": "/Users/peter/github/opencode-workflow-kit/packages/cody-beads-integration/tests/e2e/cli-workflows.spec.ts",
                            "column": 5,
                            "line": 98
                          },
                          "message": "ReferenceError: require is not defined\n\n   96 |\n   97 |     const configPath = join(testDir, 'cody-beads.config.json');\n>  98 |     require('fs').writeFileSync(configPath, JSON.stringify(config, null, 2));\n      |     ^\n   99 |\n  100 |     const result = execSync('node dist/bin/cody-beads.js sync --dry-run', {\n  101 |       cwd: testDir,\n    at /Users/peter/github/opencode-workflow-kit/packages/cody-beads-integration/tests/e2e/cli-workflows.spec.ts:98:5"
                        }
                      ],
                      "stdout": [],
                      "stderr": [],
                      "retry": 0,
                      "startTime": "2025-12-01T20:15:22.312Z",
                      "annotations": [],
                      "attachments": [],
                      "errorLocation": {
                        "file": "/Users/peter/github/opencode-workflow-kit/packages/cody-beads-integration/tests/e2e/cli-workflows.spec.ts",
                        "column": 5,
                        "line": 98
                      }
                    }
                  ],
                  "status": "unexpected"
                }
              ],
              "id": "5e4dfb9a968a2c998c24-6080f76100f22123da9c",
              "file": "cli-workflows.spec.ts",
              "line": 83,
              "column": 3
            },
            {
              "title": "should show error for invalid configuration",
              "ok": false,
              "tags": [],
              "tests": [
                {
                  "timeout": 60000,
                  "annotations": [],
                  "expectedStatus": "passed",
                  "projectId": "Mobile Safari",
                  "projectName": "Mobile Safari",
                  "results": [
                    {
                      "workerIndex": 41,
                      "parallelIndex": 0,
                      "status": "failed",
                      "duration": 15,
                      "error": {
                        "message": "ReferenceError: require is not defined",
                        "stack": "ReferenceError: require is not defined\n    at /Users/peter/github/opencode-workflow-kit/packages/cody-beads-integration/tests/e2e/cli-workflows.spec.ts:112:5",
                        "location": {
                          "file": "/Users/peter/github/opencode-workflow-kit/packages/cody-beads-integration/tests/e2e/cli-workflows.spec.ts",
                          "column": 5,
                          "line": 112
                        },
                        "snippet": "  110 |     // Test with invalid configuration\n  111 |     const configPath = join(testDir, 'cody-beads.config.json');\n> 112 |     require('fs').writeFileSync(configPath, '{ invalid json }');\n      |     ^\n  113 |\n  114 |     const result = execSync('node dist/bin/cody-beads.js config test 2>&1 || true', {\n  115 |       cwd: testDir,"
                      },
                      "errors": [
                        {
                          "location": {
                            "file": "/Users/peter/github/opencode-workflow-kit/packages/cody-beads-integration/tests/e2e/cli-workflows.spec.ts",
                            "column": 5,
                            "line": 112
                          },
                          "message": "ReferenceError: require is not defined\n\n  110 |     // Test with invalid configuration\n  111 |     const configPath = join(testDir, 'cody-beads.config.json');\n> 112 |     require('fs').writeFileSync(configPath, '{ invalid json }');\n      |     ^\n  113 |\n  114 |     const result = execSync('node dist/bin/cody-beads.js config test 2>&1 || true', {\n  115 |       cwd: testDir,\n    at /Users/peter/github/opencode-workflow-kit/packages/cody-beads-integration/tests/e2e/cli-workflows.spec.ts:112:5"
                        }
                      ],
                      "stdout": [],
                      "stderr": [],
                      "retry": 0,
                      "startTime": "2025-12-01T20:15:22.571Z",
                      "annotations": [],
                      "attachments": [],
                      "errorLocation": {
                        "file": "/Users/peter/github/opencode-workflow-kit/packages/cody-beads-integration/tests/e2e/cli-workflows.spec.ts",
                        "column": 5,
                        "line": 112
                      }
                    }
                  ],
                  "status": "unexpected"
                }
              ],
              "id": "5e4dfb9a968a2c998c24-1d5e6d033eccfa5c59ce",
              "file": "cli-workflows.spec.ts",
              "line": 109,
              "column": 3
            },
            {
              "title": "should version operations work correctly",
              "ok": false,
              "tags": [],
              "tests": [
                {
                  "timeout": 60000,
                  "annotations": [],
                  "expectedStatus": "passed",
                  "projectId": "Mobile Safari",
                  "projectName": "Mobile Safari",
                  "results": [
                    {
                      "workerIndex": 42,
                      "parallelIndex": 3,
                      "status": "failed",
                      "duration": 83,
                      "error": {
                        "message": "Error: Command failed: node dist/bin/cody-beads.js version add --name \"Test Version\" --features \"test features\"\nnode:internal/modules/cjs/loader:1423\n  throw err;\n  ^\n\nError: Cannot find module '/Users/peter/github/opencode-workflow-kit/packages/cody-beads-integration/test-temp-cli/dist/bin/cody-beads.js'\n\u001b[90m    at Module._resolveFilename (node:internal/modules/cjs/loader:1420:15)\u001b[39m\n\u001b[90m    at defaultResolveImpl (node:internal/modules/cjs/loader:1058:19)\u001b[39m\n\u001b[90m    at resolveForCJSWithHooks (node:internal/modules/cjs/loader:1063:22)\u001b[39m\n\u001b[90m    at Module._load (node:internal/modules/cjs/loader:1226:37)\u001b[39m\n\u001b[90m    at TracingChannel.traceSync (node:diagnostics_channel:328:14)\u001b[39m\n\u001b[90m    at wrapModuleLoad (node:internal/modules/cjs/loader:245:24)\u001b[39m\n\u001b[90m    at Module.executeUserEntryPoint [as runMain] (node:internal/modules/run_main:154:5)\u001b[39m\n\u001b[90m    at node:internal/main/run_main_module:33:47\u001b[39m {\n  code: \u001b[32m'MODULE_NOT_FOUND'\u001b[39m,\n  requireStack: []\n}\n\nNode.js v25.1.0\n",
                        "stack": "Error: Command failed: node dist/bin/cody-beads.js version add --name \"Test Version\" --features \"test features\"\nnode:internal/modules/cjs/loader:1423\n  throw err;\n  ^\n\nError: Cannot find module '/Users/peter/github/opencode-workflow-kit/packages/cody-beads-integration/test-temp-cli/dist/bin/cody-beads.js'\n\u001b[90m    at Module._resolveFilename (node:internal/modules/cjs/loader:1420:15)\u001b[39m\n\u001b[90m    at defaultResolveImpl (node:internal/modules/cjs/loader:1058:19)\u001b[39m\n\u001b[90m    at resolveForCJSWithHooks (node:internal/modules/cjs/loader:1063:22)\u001b[39m\n\u001b[90m    at Module._load (node:internal/modules/cjs/loader:1226:37)\u001b[39m\n\u001b[90m    at TracingChannel.traceSync (node:diagnostics_channel:328:14)\u001b[39m\n\u001b[90m    at wrapModuleLoad (node:internal/modules/cjs/loader:245:24)\u001b[39m\n\u001b[90m    at Module.executeUserEntryPoint [as runMain] (node:internal/modules/run_main:154:5)\u001b[39m\n\u001b[90m    at node:internal/main/run_main_module:33:47\u001b[39m {\n  code: \u001b[32m'MODULE_NOT_FOUND'\u001b[39m,\n  requireStack: []\n}\n\nNode.js v25.1.0\n\n    at /Users/peter/github/opencode-workflow-kit/packages/cody-beads-integration/tests/e2e/cli-workflows.spec.ts:125:5",
                        "location": {
                          "file": "/Users/peter/github/opencode-workflow-kit/packages/cody-beads-integration/tests/e2e/cli-workflows.spec.ts",
                          "column": 5,
                          "line": 125
                        },
                        "snippet": "  123 |   test('should version operations work correctly', async () => {\n  124 |     // Test version add\n> 125 |     execSync(`node dist/bin/cody-beads.js version add --name \"Test Version\" --features \"test features\"`, {\n      |     ^\n  126 |       cwd: testDir,\n  127 |       encoding: 'utf8'\n  128 |     });"
                      },
                      "errors": [
                        {
                          "location": {
                            "file": "/Users/peter/github/opencode-workflow-kit/packages/cody-beads-integration/tests/e2e/cli-workflows.spec.ts",
                            "column": 5,
                            "line": 125
                          },
                          "message": "Error: Command failed: node dist/bin/cody-beads.js version add --name \"Test Version\" --features \"test features\"\nnode:internal/modules/cjs/loader:1423\n  throw err;\n  ^\n\nError: Cannot find module '/Users/peter/github/opencode-workflow-kit/packages/cody-beads-integration/test-temp-cli/dist/bin/cody-beads.js'\n\u001b[90m    at Module._resolveFilename (node:internal/modules/cjs/loader:1420:15)\u001b[39m\n\u001b[90m    at defaultResolveImpl (node:internal/modules/cjs/loader:1058:19)\u001b[39m\n\u001b[90m    at resolveForCJSWithHooks (node:internal/modules/cjs/loader:1063:22)\u001b[39m\n\u001b[90m    at Module._load (node:internal/modules/cjs/loader:1226:37)\u001b[39m\n\u001b[90m    at TracingChannel.traceSync (node:diagnostics_channel:328:14)\u001b[39m\n\u001b[90m    at wrapModuleLoad (node:internal/modules/cjs/loader:245:24)\u001b[39m\n\u001b[90m    at Module.executeUserEntryPoint [as runMain] (node:internal/modules/run_main:154:5)\u001b[39m\n\u001b[90m    at node:internal/main/run_main_module:33:47\u001b[39m {\n  code: \u001b[32m'MODULE_NOT_FOUND'\u001b[39m,\n  requireStack: []\n}\n\nNode.js v25.1.0\n\n\n  123 |   test('should version operations work correctly', async () => {\n  124 |     // Test version add\n> 125 |     execSync(`node dist/bin/cody-beads.js version add --name \"Test Version\" --features \"test features\"`, {\n      |     ^\n  126 |       cwd: testDir,\n  127 |       encoding: 'utf8'\n  128 |     });\n    at /Users/peter/github/opencode-workflow-kit/packages/cody-beads-integration/tests/e2e/cli-workflows.spec.ts:125:5"
                        }
                      ],
                      "stdout": [],
                      "stderr": [
                        {
                          "text": "node:internal/modules/cjs/loader:1423\n  throw err;\n  ^\n\nError: Cannot find module '/Users/peter/github/opencode-workflow-kit/packages/cody-beads-integration/test-temp-cli/dist/bin/cody-beads.js'\n\u001b[90m    at Module._resolveFilename (node:internal/modules/cjs/loader:1420:15)\u001b[39m\n\u001b[90m    at defaultResolveImpl (node:internal/modules/cjs/loader:1058:19)\u001b[39m\n\u001b[90m    at resolveForCJSWithHooks (node:internal/modules/cjs/loader:1063:22)\u001b[39m\n\u001b[90m    at Module._load (node:internal/modules/cjs/loader:1226:37)\u001b[39m\n\u001b[90m    at TracingChannel.traceSync (node:diagnostics_channel:328:14)\u001b[39m\n\u001b[90m    at wrapModuleLoad (node:internal/modules/cjs/loader:245:24)\u001b[39m\n\u001b[90m    at Module.executeUserEntryPoint [as runMain] (node:internal/modules/run_main:154:5)\u001b[39m\n\u001b[90m    at node:internal/main/run_main_module:33:47\u001b[39m {\n  code: \u001b[32m'MODULE_NOT_FOUND'\u001b[39m,\n  requireStack: []\n}\n\nNode.js v25.1.0\n"
                        }
                      ],
                      "retry": 0,
                      "startTime": "2025-12-01T20:15:23.051Z",
                      "annotations": [],
                      "attachments": [],
                      "errorLocation": {
                        "file": "/Users/peter/github/opencode-workflow-kit/packages/cody-beads-integration/tests/e2e/cli-workflows.spec.ts",
                        "column": 5,
                        "line": 125
                      }
                    }
                  ],
                  "status": "unexpected"
                }
              ],
              "id": "5e4dfb9a968a2c998c24-a355d7b7ec82eeffd7bf",
              "file": "cli-workflows.spec.ts",
              "line": 123,
              "column": 3
            }
          ]
        },
        {
          "title": "Error Handling",
          "file": "cli-workflows.spec.ts",
          "line": 144,
          "column": 6,
          "specs": [
            {
              "title": "should handle missing configuration gracefully",
              "ok": false,
              "tags": [],
              "tests": [
                {
                  "timeout": 60000,
                  "annotations": [],
                  "expectedStatus": "passed",
                  "projectId": "chromium",
                  "projectName": "chromium",
                  "results": [
                    {
                      "workerIndex": 7,
                      "parallelIndex": 2,
                      "status": "failed",
                      "duration": 3,
                      "error": {
                        "message": "Error: spawnSync /bin/sh ENOENT",
                        "stack": "Error: spawnSync /bin/sh ENOENT\n    at /Users/peter/github/opencode-workflow-kit/packages/cody-beads-integration/tests/e2e/cli-workflows.spec.ts:149:22",
                        "location": {
                          "file": "/Users/peter/github/opencode-workflow-kit/packages/cody-beads-integration/tests/e2e/cli-workflows.spec.ts",
                          "column": 22,
                          "line": 149
                        },
                        "snippet": "  147 |\n  148 |     try {\n> 149 |       const result = execSync('node dist/bin/cody-beads.js sync 2>&1 || true', {\n      |                      ^\n  150 |         cwd: testDir,\n  151 |         encoding: 'utf8'\n  152 |       });"
                      },
                      "errors": [
                        {
                          "location": {
                            "file": "/Users/peter/github/opencode-workflow-kit/packages/cody-beads-integration/tests/e2e/cli-workflows.spec.ts",
                            "column": 22,
                            "line": 149
                          },
                          "message": "Error: spawnSync /bin/sh ENOENT\n\n  147 |\n  148 |     try {\n> 149 |       const result = execSync('node dist/bin/cody-beads.js sync 2>&1 || true', {\n      |                      ^\n  150 |         cwd: testDir,\n  151 |         encoding: 'utf8'\n  152 |       });\n    at /Users/peter/github/opencode-workflow-kit/packages/cody-beads-integration/tests/e2e/cli-workflows.spec.ts:149:22"
                        }
                      ],
                      "stdout": [],
                      "stderr": [],
                      "retry": 0,
                      "startTime": "2025-12-01T20:15:01.991Z",
                      "annotations": [],
                      "attachments": [],
                      "errorLocation": {
                        "file": "/Users/peter/github/opencode-workflow-kit/packages/cody-beads-integration/tests/e2e/cli-workflows.spec.ts",
                        "column": 22,
                        "line": 149
                      }
                    }
                  ],
                  "status": "unexpected"
                }
              ],
              "id": "5e4dfb9a968a2c998c24-e3fe0331bdae2eedb3d8",
              "file": "cli-workflows.spec.ts",
              "line": 145,
              "column": 3
            },
            {
              "title": "should handle network errors gracefully",
              "ok": false,
              "tags": [],
              "tests": [
                {
                  "timeout": 60000,
                  "annotations": [],
                  "expectedStatus": "passed",
                  "projectId": "chromium",
                  "projectName": "chromium",
                  "results": [
                    {
                      "workerIndex": 8,
                      "parallelIndex": 2,
                      "status": "failed",
                      "duration": 212,
                      "error": {
                        "message": "ReferenceError: require is not defined",
                        "stack": "ReferenceError: require is not defined\n    at /Users/peter/github/opencode-workflow-kit/packages/cody-beads-integration/tests/e2e/cli-workflows.spec.ts:188:7",
                        "location": {
                          "file": "/Users/peter/github/opencode-workflow-kit/packages/cody-beads-integration/tests/e2e/cli-workflows.spec.ts",
                          "column": 7,
                          "line": 188
                        },
                        "snippet": "  186 |     try {\n  187 |       const configPath = join(testDir, 'cody-beads.config.json');\n> 188 |       require('fs').writeFileSync(configPath, JSON.stringify(config, null, 2));\n      |       ^\n  189 |\n  190 |       const result = execSync('node dist/bin/cody-beads.js sync --timeout 5000 2>&1 || true', {\n  191 |         cwd: testDir,"
                      },
                      "errors": [
                        {
                          "location": {
                            "file": "/Users/peter/github/opencode-workflow-kit/packages/cody-beads-integration/tests/e2e/cli-workflows.spec.ts",
                            "column": 7,
                            "line": 188
                          },
                          "message": "ReferenceError: require is not defined\n\n  186 |     try {\n  187 |       const configPath = join(testDir, 'cody-beads.config.json');\n> 188 |       require('fs').writeFileSync(configPath, JSON.stringify(config, null, 2));\n      |       ^\n  189 |\n  190 |       const result = execSync('node dist/bin/cody-beads.js sync --timeout 5000 2>&1 || true', {\n  191 |         cwd: testDir,\n    at /Users/peter/github/opencode-workflow-kit/packages/cody-beads-integration/tests/e2e/cli-workflows.spec.ts:188:7"
                        }
                      ],
                      "stdout": [],
                      "stderr": [
                        {
                          "buffer": ""
                        }
                      ],
                      "retry": 0,
                      "startTime": "2025-12-01T20:15:02.505Z",
                      "annotations": [],
                      "attachments": [],
                      "errorLocation": {
                        "file": "/Users/peter/github/opencode-workflow-kit/packages/cody-beads-integration/tests/e2e/cli-workflows.spec.ts",
                        "column": 7,
                        "line": 188
                      }
                    }
                  ],
                  "status": "unexpected"
                }
              ],
              "id": "5e4dfb9a968a2c998c24-aa2f1f39a71ff69a4fc2",
              "file": "cli-workflows.spec.ts",
              "line": 164,
              "column": 3
            },
            {
              "title": "should handle missing configuration gracefully",
              "ok": false,
              "tags": [],
              "tests": [
                {
                  "timeout": 60000,
                  "annotations": [],
                  "expectedStatus": "passed",
                  "projectId": "firefox",
                  "projectName": "firefox",
                  "results": [
                    {
                      "workerIndex": 16,
                      "parallelIndex": 0,
                      "status": "failed",
                      "duration": 5,
                      "error": {
                        "message": "Error: spawnSync /bin/sh ENOENT",
                        "stack": "Error: spawnSync /bin/sh ENOENT\n    at /Users/peter/github/opencode-workflow-kit/packages/cody-beads-integration/tests/e2e/cli-workflows.spec.ts:149:22",
                        "location": {
                          "file": "/Users/peter/github/opencode-workflow-kit/packages/cody-beads-integration/tests/e2e/cli-workflows.spec.ts",
                          "column": 22,
                          "line": 149
                        },
                        "snippet": "  147 |\n  148 |     try {\n> 149 |       const result = execSync('node dist/bin/cody-beads.js sync 2>&1 || true', {\n      |                      ^\n  150 |         cwd: testDir,\n  151 |         encoding: 'utf8'\n  152 |       });"
                      },
                      "errors": [
                        {
                          "location": {
                            "file": "/Users/peter/github/opencode-workflow-kit/packages/cody-beads-integration/tests/e2e/cli-workflows.spec.ts",
                            "column": 22,
                            "line": 149
                          },
                          "message": "Error: spawnSync /bin/sh ENOENT\n\n  147 |\n  148 |     try {\n> 149 |       const result = execSync('node dist/bin/cody-beads.js sync 2>&1 || true', {\n      |                      ^\n  150 |         cwd: testDir,\n  151 |         encoding: 'utf8'\n  152 |       });\n    at /Users/peter/github/opencode-workflow-kit/packages/cody-beads-integration/tests/e2e/cli-workflows.spec.ts:149:22"
                        }
                      ],
                      "stdout": [],
                      "stderr": [],
                      "retry": 0,
                      "startTime": "2025-12-01T20:15:06.873Z",
                      "annotations": [],
                      "attachments": [],
                      "errorLocation": {
                        "file": "/Users/peter/github/opencode-workflow-kit/packages/cody-beads-integration/tests/e2e/cli-workflows.spec.ts",
                        "column": 22,
                        "line": 149
                      }
                    }
                  ],
                  "status": "unexpected"
                }
              ],
              "id": "5e4dfb9a968a2c998c24-513678a5e13100d5004f",
              "file": "cli-workflows.spec.ts",
              "line": 145,
              "column": 3
            },
            {
              "title": "should handle network errors gracefully",
              "ok": false,
              "tags": [],
              "tests": [
                {
                  "timeout": 60000,
                  "annotations": [],
                  "expectedStatus": "passed",
                  "projectId": "firefox",
                  "projectName": "firefox",
                  "results": [
                    {
                      "workerIndex": 17,
                      "parallelIndex": 0,
                      "status": "failed",
                      "duration": 13,
                      "error": {
                        "message": "ReferenceError: require is not defined",
                        "stack": "ReferenceError: require is not defined\n    at /Users/peter/github/opencode-workflow-kit/packages/cody-beads-integration/tests/e2e/cli-workflows.spec.ts:188:7",
                        "location": {
                          "file": "/Users/peter/github/opencode-workflow-kit/packages/cody-beads-integration/tests/e2e/cli-workflows.spec.ts",
                          "column": 7,
                          "line": 188
                        },
                        "snippet": "  186 |     try {\n  187 |       const configPath = join(testDir, 'cody-beads.config.json');\n> 188 |       require('fs').writeFileSync(configPath, JSON.stringify(config, null, 2));\n      |       ^\n  189 |\n  190 |       const result = execSync('node dist/bin/cody-beads.js sync --timeout 5000 2>&1 || true', {\n  191 |         cwd: testDir,"
                      },
                      "errors": [
                        {
                          "location": {
                            "file": "/Users/peter/github/opencode-workflow-kit/packages/cody-beads-integration/tests/e2e/cli-workflows.spec.ts",
                            "column": 7,
                            "line": 188
                          },
                          "message": "ReferenceError: require is not defined\n\n  186 |     try {\n  187 |       const configPath = join(testDir, 'cody-beads.config.json');\n> 188 |       require('fs').writeFileSync(configPath, JSON.stringify(config, null, 2));\n      |       ^\n  189 |\n  190 |       const result = execSync('node dist/bin/cody-beads.js sync --timeout 5000 2>&1 || true', {\n  191 |         cwd: testDir,\n    at /Users/peter/github/opencode-workflow-kit/packages/cody-beads-integration/tests/e2e/cli-workflows.spec.ts:188:7"
                        }
                      ],
                      "stdout": [],
                      "stderr": [
                        {
                          "buffer": ""
                        }
                      ],
                      "retry": 0,
                      "startTime": "2025-12-01T20:15:07.783Z",
                      "annotations": [],
                      "attachments": [],
                      "errorLocation": {
                        "file": "/Users/peter/github/opencode-workflow-kit/packages/cody-beads-integration/tests/e2e/cli-workflows.spec.ts",
                        "column": 7,
                        "line": 188
                      }
                    }
                  ],
                  "status": "unexpected"
                }
              ],
              "id": "5e4dfb9a968a2c998c24-890106d9df7b5dbf578d",
              "file": "cli-workflows.spec.ts",
              "line": 164,
              "column": 3
            },
            {
              "title": "should handle missing configuration gracefully",
              "ok": false,
              "tags": [],
              "tests": [
                {
                  "timeout": 60000,
                  "annotations": [],
                  "expectedStatus": "passed",
                  "projectId": "webkit",
                  "projectName": "webkit",
                  "results": [
                    {
                      "workerIndex": 25,
                      "parallelIndex": 0,
                      "status": "failed",
                      "duration": 4,
                      "error": {
                        "message": "Error: spawnSync /bin/sh ENOENT",
                        "stack": "Error: spawnSync /bin/sh ENOENT\n    at /Users/peter/github/opencode-workflow-kit/packages/cody-beads-integration/tests/e2e/cli-workflows.spec.ts:149:22",
                        "location": {
                          "file": "/Users/peter/github/opencode-workflow-kit/packages/cody-beads-integration/tests/e2e/cli-workflows.spec.ts",
                          "column": 22,
                          "line": 149
                        },
                        "snippet": "  147 |\n  148 |     try {\n> 149 |       const result = execSync('node dist/bin/cody-beads.js sync 2>&1 || true', {\n      |                      ^\n  150 |         cwd: testDir,\n  151 |         encoding: 'utf8'\n  152 |       });"
                      },
                      "errors": [
                        {
                          "location": {
                            "file": "/Users/peter/github/opencode-workflow-kit/packages/cody-beads-integration/tests/e2e/cli-workflows.spec.ts",
                            "column": 22,
                            "line": 149
                          },
                          "message": "Error: spawnSync /bin/sh ENOENT\n\n  147 |\n  148 |     try {\n> 149 |       const result = execSync('node dist/bin/cody-beads.js sync 2>&1 || true', {\n      |                      ^\n  150 |         cwd: testDir,\n  151 |         encoding: 'utf8'\n  152 |       });\n    at /Users/peter/github/opencode-workflow-kit/packages/cody-beads-integration/tests/e2e/cli-workflows.spec.ts:149:22"
                        }
                      ],
                      "stdout": [],
                      "stderr": [],
                      "retry": 0,
                      "startTime": "2025-12-01T20:15:19.404Z",
                      "annotations": [],
                      "attachments": [],
                      "errorLocation": {
                        "file": "/Users/peter/github/opencode-workflow-kit/packages/cody-beads-integration/tests/e2e/cli-workflows.spec.ts",
                        "column": 22,
                        "line": 149
                      }
                    }
                  ],
                  "status": "unexpected"
                }
              ],
              "id": "5e4dfb9a968a2c998c24-93de4fd08c9b06e6a939",
              "file": "cli-workflows.spec.ts",
              "line": 145,
              "column": 3
            },
            {
              "title": "should handle network errors gracefully",
              "ok": false,
              "tags": [],
              "tests": [
                {
                  "timeout": 60000,
                  "annotations": [],
                  "expectedStatus": "passed",
                  "projectId": "webkit",
                  "projectName": "webkit",
                  "results": [
                    {
                      "workerIndex": 26,
                      "parallelIndex": 1,
                      "status": "failed",
                      "duration": 35,
                      "error": {
                        "message": "ReferenceError: require is not defined",
                        "stack": "ReferenceError: require is not defined\n    at /Users/peter/github/opencode-workflow-kit/packages/cody-beads-integration/tests/e2e/cli-workflows.spec.ts:188:7",
                        "location": {
                          "file": "/Users/peter/github/opencode-workflow-kit/packages/cody-beads-integration/tests/e2e/cli-workflows.spec.ts",
                          "column": 7,
                          "line": 188
                        },
                        "snippet": "  186 |     try {\n  187 |       const configPath = join(testDir, 'cody-beads.config.json');\n> 188 |       require('fs').writeFileSync(configPath, JSON.stringify(config, null, 2));\n      |       ^\n  189 |\n  190 |       const result = execSync('node dist/bin/cody-beads.js sync --timeout 5000 2>&1 || true', {\n  191 |         cwd: testDir,"
                      },
                      "errors": [
                        {
                          "location": {
                            "file": "/Users/peter/github/opencode-workflow-kit/packages/cody-beads-integration/tests/e2e/cli-workflows.spec.ts",
                            "column": 7,
                            "line": 188
                          },
                          "message": "ReferenceError: require is not defined\n\n  186 |     try {\n  187 |       const configPath = join(testDir, 'cody-beads.config.json');\n> 188 |       require('fs').writeFileSync(configPath, JSON.stringify(config, null, 2));\n      |       ^\n  189 |\n  190 |       const result = execSync('node dist/bin/cody-beads.js sync --timeout 5000 2>&1 || true', {\n  191 |         cwd: testDir,\n    at /Users/peter/github/opencode-workflow-kit/packages/cody-beads-integration/tests/e2e/cli-workflows.spec.ts:188:7"
                        }
                      ],
                      "stdout": [],
                      "stderr": [
                        {
                          "buffer": ""
                        }
                      ],
                      "retry": 0,
                      "startTime": "2025-12-01T20:15:19.407Z",
                      "annotations": [],
                      "attachments": [],
                      "errorLocation": {
                        "file": "/Users/peter/github/opencode-workflow-kit/packages/cody-beads-integration/tests/e2e/cli-workflows.spec.ts",
                        "column": 7,
                        "line": 188
                      }
                    }
                  ],
                  "status": "unexpected"
                }
              ],
              "id": "5e4dfb9a968a2c998c24-d14bdbe5b20402cb996f",
              "file": "cli-workflows.spec.ts",
              "line": 164,
              "column": 3
            },
            {
              "title": "should handle missing configuration gracefully",
              "ok": false,
              "tags": [],
              "tests": [
                {
                  "timeout": 60000,
                  "annotations": [],
                  "expectedStatus": "passed",
                  "projectId": "Mobile Chrome",
                  "projectName": "Mobile Chrome",
                  "results": [
                    {
                      "workerIndex": 34,
                      "parallelIndex": 3,
                      "status": "failed",
                      "duration": 3,
                      "error": {
                        "message": "Error: spawnSync /bin/sh ENOENT",
                        "stack": "Error: spawnSync /bin/sh ENOENT\n    at /Users/peter/github/opencode-workflow-kit/packages/cody-beads-integration/tests/e2e/cli-workflows.spec.ts:149:22",
                        "location": {
                          "file": "/Users/peter/github/opencode-workflow-kit/packages/cody-beads-integration/tests/e2e/cli-workflows.spec.ts",
                          "column": 22,
                          "line": 149
                        },
                        "snippet": "  147 |\n  148 |     try {\n> 149 |       const result = execSync('node dist/bin/cody-beads.js sync 2>&1 || true', {\n      |                      ^\n  150 |         cwd: testDir,\n  151 |         encoding: 'utf8'\n  152 |       });"
                      },
                      "errors": [
                        {
                          "location": {
                            "file": "/Users/peter/github/opencode-workflow-kit/packages/cody-beads-integration/tests/e2e/cli-workflows.spec.ts",
                            "column": 22,
                            "line": 149
                          },
                          "message": "Error: spawnSync /bin/sh ENOENT\n\n  147 |\n  148 |     try {\n> 149 |       const result = execSync('node dist/bin/cody-beads.js sync 2>&1 || true', {\n      |                      ^\n  150 |         cwd: testDir,\n  151 |         encoding: 'utf8'\n  152 |       });\n    at /Users/peter/github/opencode-workflow-kit/packages/cody-beads-integration/tests/e2e/cli-workflows.spec.ts:149:22"
                        }
                      ],
                      "stdout": [],
                      "stderr": [],
                      "retry": 0,
                      "startTime": "2025-12-01T20:15:21.254Z",
                      "annotations": [],
                      "attachments": [],
                      "errorLocation": {
                        "file": "/Users/peter/github/opencode-workflow-kit/packages/cody-beads-integration/tests/e2e/cli-workflows.spec.ts",
                        "column": 22,
                        "line": 149
                      }
                    }
                  ],
                  "status": "unexpected"
                }
              ],
              "id": "5e4dfb9a968a2c998c24-ee0f447d9dbd378d5210",
              "file": "cli-workflows.spec.ts",
              "line": 145,
              "column": 3
            },
            {
              "title": "should handle network errors gracefully",
              "ok": false,
              "tags": [],
              "tests": [
                {
                  "timeout": 60000,
                  "annotations": [],
                  "expectedStatus": "passed",
                  "projectId": "Mobile Chrome",
                  "projectName": "Mobile Chrome",
                  "results": [
                    {
                      "workerIndex": 35,
                      "parallelIndex": 0,
                      "status": "failed",
                      "duration": 13,
                      "error": {
                        "message": "ReferenceError: require is not defined",
                        "stack": "ReferenceError: require is not defined\n    at /Users/peter/github/opencode-workflow-kit/packages/cody-beads-integration/tests/e2e/cli-workflows.spec.ts:188:7",
                        "location": {
                          "file": "/Users/peter/github/opencode-workflow-kit/packages/cody-beads-integration/tests/e2e/cli-workflows.spec.ts",
                          "column": 7,
                          "line": 188
                        },
                        "snippet": "  186 |     try {\n  187 |       const configPath = join(testDir, 'cody-beads.config.json');\n> 188 |       require('fs').writeFileSync(configPath, JSON.stringify(config, null, 2));\n      |       ^\n  189 |\n  190 |       const result = execSync('node dist/bin/cody-beads.js sync --timeout 5000 2>&1 || true', {\n  191 |         cwd: testDir,"
                      },
                      "errors": [
                        {
                          "location": {
                            "file": "/Users/peter/github/opencode-workflow-kit/packages/cody-beads-integration/tests/e2e/cli-workflows.spec.ts",
                            "column": 7,
                            "line": 188
                          },
                          "message": "ReferenceError: require is not defined\n\n  186 |     try {\n  187 |       const configPath = join(testDir, 'cody-beads.config.json');\n> 188 |       require('fs').writeFileSync(configPath, JSON.stringify(config, null, 2));\n      |       ^\n  189 |\n  190 |       const result = execSync('node dist/bin/cody-beads.js sync --timeout 5000 2>&1 || true', {\n  191 |         cwd: testDir,\n    at /Users/peter/github/opencode-workflow-kit/packages/cody-beads-integration/tests/e2e/cli-workflows.spec.ts:188:7"
                        }
                      ],
                      "stdout": [],
                      "stderr": [
                        {
                          "buffer": ""
                        }
                      ],
                      "retry": 0,
                      "startTime": "2025-12-01T20:15:21.613Z",
                      "annotations": [],
                      "attachments": [],
                      "errorLocation": {
                        "file": "/Users/peter/github/opencode-workflow-kit/packages/cody-beads-integration/tests/e2e/cli-workflows.spec.ts",
                        "column": 7,
                        "line": 188
                      }
                    }
                  ],
                  "status": "unexpected"
                }
              ],
              "id": "5e4dfb9a968a2c998c24-644668a7109b5d01887c",
              "file": "cli-workflows.spec.ts",
              "line": 164,
              "column": 3
            },
            {
              "title": "should handle missing configuration gracefully",
              "ok": false,
              "tags": [],
              "tests": [
                {
                  "timeout": 60000,
                  "annotations": [],
                  "expectedStatus": "passed",
                  "projectId": "Mobile Safari",
                  "projectName": "Mobile Safari",
                  "results": [
                    {
                      "workerIndex": 43,
                      "parallelIndex": 0,
                      "status": "failed",
                      "duration": 13,
                      "error": {
                        "message": "Error: spawnSync /bin/sh ENOENT",
                        "stack": "Error: spawnSync /bin/sh ENOENT\n    at /Users/peter/github/opencode-workflow-kit/packages/cody-beads-integration/tests/e2e/cli-workflows.spec.ts:149:22",
                        "location": {
                          "file": "/Users/peter/github/opencode-workflow-kit/packages/cody-beads-integration/tests/e2e/cli-workflows.spec.ts",
                          "column": 22,
                          "line": 149
                        },
                        "snippet": "  147 |\n  148 |     try {\n> 149 |       const result = execSync('node dist/bin/cody-beads.js sync 2>&1 || true', {\n      |                      ^\n  150 |         cwd: testDir,\n  151 |         encoding: 'utf8'\n  152 |       });"
                      },
                      "errors": [
                        {
                          "location": {
                            "file": "/Users/peter/github/opencode-workflow-kit/packages/cody-beads-integration/tests/e2e/cli-workflows.spec.ts",
                            "column": 22,
                            "line": 149
                          },
                          "message": "Error: spawnSync /bin/sh ENOENT\n\n  147 |\n  148 |     try {\n> 149 |       const result = execSync('node dist/bin/cody-beads.js sync 2>&1 || true', {\n      |                      ^\n  150 |         cwd: testDir,\n  151 |         encoding: 'utf8'\n  152 |       });\n    at /Users/peter/github/opencode-workflow-kit/packages/cody-beads-integration/tests/e2e/cli-workflows.spec.ts:149:22"
                        }
                      ],
                      "stdout": [],
                      "stderr": [],
                      "retry": 0,
                      "startTime": "2025-12-01T20:15:24.809Z",
                      "annotations": [],
                      "attachments": [],
                      "errorLocation": {
                        "file": "/Users/peter/github/opencode-workflow-kit/packages/cody-beads-integration/tests/e2e/cli-workflows.spec.ts",
                        "column": 22,
                        "line": 149
                      }
                    }
                  ],
                  "status": "unexpected"
                }
              ],
              "id": "5e4dfb9a968a2c998c24-d3793306c334a0fac13b",
              "file": "cli-workflows.spec.ts",
              "line": 145,
              "column": 3
            },
            {
              "title": "should handle network errors gracefully",
              "ok": false,
              "tags": [],
              "tests": [
                {
                  "timeout": 60000,
                  "annotations": [],
                  "expectedStatus": "passed",
                  "projectId": "Mobile Safari",
                  "projectName": "Mobile Safari",
                  "results": [
                    {
                      "workerIndex": 44,
                      "parallelIndex": 3,
                      "status": "failed",
                      "duration": 16,
                      "error": {
                        "message": "ReferenceError: require is not defined",
                        "stack": "ReferenceError: require is not defined\n    at /Users/peter/github/opencode-workflow-kit/packages/cody-beads-integration/tests/e2e/cli-workflows.spec.ts:188:7",
                        "location": {
                          "file": "/Users/peter/github/opencode-workflow-kit/packages/cody-beads-integration/tests/e2e/cli-workflows.spec.ts",
                          "column": 7,
                          "line": 188
                        },
                        "snippet": "  186 |     try {\n  187 |       const configPath = join(testDir, 'cody-beads.config.json');\n> 188 |       require('fs').writeFileSync(configPath, JSON.stringify(config, null, 2));\n      |       ^\n  189 |\n  190 |       const result = execSync('node dist/bin/cody-beads.js sync --timeout 5000 2>&1 || true', {\n  191 |         cwd: testDir,"
                      },
                      "errors": [
                        {
                          "location": {
                            "file": "/Users/peter/github/opencode-workflow-kit/packages/cody-beads-integration/tests/e2e/cli-workflows.spec.ts",
                            "column": 7,
                            "line": 188
                          },
                          "message": "ReferenceError: require is not defined\n\n  186 |     try {\n  187 |       const configPath = join(testDir, 'cody-beads.config.json');\n> 188 |       require('fs').writeFileSync(configPath, JSON.stringify(config, null, 2));\n      |       ^\n  189 |\n  190 |       const result = execSync('node dist/bin/cody-beads.js sync --timeout 5000 2>&1 || true', {\n  191 |         cwd: testDir,\n    at /Users/peter/github/opencode-workflow-kit/packages/cody-beads-integration/tests/e2e/cli-workflows.spec.ts:188:7"
                        }
                      ],
                      "stdout": [],
                      "stderr": [
                        {
                          "buffer": ""
                        }
                      ],
                      "retry": 0,
                      "startTime": "2025-12-01T20:15:25.809Z",
                      "annotations": [],
                      "attachments": [],
                      "errorLocation": {
                        "file": "/Users/peter/github/opencode-workflow-kit/packages/cody-beads-integration/tests/e2e/cli-workflows.spec.ts",
                        "column": 7,
                        "line": 188
                      }
                    }
                  ],
                  "status": "unexpected"
                }
              ],
              "id": "5e4dfb9a968a2c998c24-403d51ebb17dd027de13",
              "file": "cli-workflows.spec.ts",
              "line": 164,
              "column": 3
            }
          ]
        }
      ]
    }
  ],
  "errors": [],
  "stats": {
    "startTime": "2025-12-01T20:15:00.068Z",
    "duration": 25791.929,
    "expected": 0,
    "skipped": 0,
    "unexpected": 45,
    "flaky": 0
  }
}