{
  "timestamp": "2025-12-02T10:56:17.978240",
  "test_type": "anticipatory_testing",
  "project_root": "/Users/peter/github/opencode-workflow-kit",
  "suites": {
    "integration_contracts": {
      "tests_run": 0,
      "failures": 0,
      "errors": 0,
      "success_rate": 0,
      "parsed_output": false,
      "suite_name": "integration_contracts",
      "success": true,
      "duration_seconds": 1.2208471298217773,
      "critical": true,
      "stdout": "\ud83e\uddea Running Integration Contract Tests\n==================================================\n\n\ud83d\udcca Test Results:\n  Tests run: 15\n  Failures: 0\n  Errors: 0\n  Success rate: 100.0%\n\n\ud83d\udcc4 Results saved to: test-results/integration-contracts-20251202_105619.json\n",
      "stderr": "test_beads_data_format_contract (__main__.TestBeadsContract)\nTest Beads JSONL follows expected data format. ... ok\ntest_beads_version_contract (__main__.TestBeadsContract)\nTest bd --version follows expected contract. ... ok\ntest_beads_version_failure (__main__.TestBeadsContract)\nTest graceful handling when bd command fails. ... ok\ntest_beads_version_missing (__main__.TestBeadsContract)\nTest graceful handling when bd command missing. ... ok\ntest_cody_agent_config_contract (__main__.TestCodyContract)\nTest Cody agent configurations follow expected format. ... ok\ntest_cody_feature_backlog_contract (__main__.TestCodyContract)\nTest Cody feature-backlog.md follows expected format. ... ok\ntest_cody_structure_contract (__main__.TestCodyContract)\nTest Cody PBT follows expected directory structure. ... ok\ntest_cody_structure_missing (__main__.TestCodyContract)\nTest graceful handling when Cody structure missing. ... ok\ntest_adapter_logging_contract (__main__.TestIntegrationContract)\nTest adapter logging follows expected format. ... ok\ntest_graceful_degradation_contract (__main__.TestIntegrationContract)\nTest graceful degradation when systems unavailable. ... ok\ntest_non_blocking_contract (__main__.TestIntegrationContract)\nTest integration operations never block. ... ok\ntest_system_status_contract (__main__.TestIntegrationContract)\nTest system status follows expected format. ... ok\ntest_beads_jsonl_contract_violation (__main__.TestContractViolations)\nTest detection of Beads JSONL contract violations. ... ok\ntest_cody_backlog_contract_violation (__main__.TestContractViolations)\nTest detection of Cody backlog contract violations. ... ok\ntest_version_compatibility_violation (__main__.TestContractViolations)\nTest detection of version compatibility violations. ... ok\n\n----------------------------------------------------------------------\nRan 15 tests in 1.128s\n\nOK\n"
    },
    "silent_failure_detection": {
      "tests_run": 0,
      "failures": 0,
      "errors": 1,
      "success_rate": 0,
      "parsed_output": false,
      "suite_name": "silent_failure_detection",
      "success": false,
      "duration_seconds": 1.1951911449432373,
      "critical": true,
      "stdout": "\ud83d\udd0d Running Silent Failure Detection Tests\n==================================================\n\n\ud83d\udcca Test Results:\n  Tests run: 17\n  Failures: 4\n  Errors: 9\n  Success rate: 23.5%\n\n\u274c Failures:\n  \u2022 test_cody_structure_missing_detected (__main__.TestSilentFailureDetection): 'WARNING' not found in '[2025-12-02 10:56:19] [INFO] Beads (bd) system detected and available\\n[2025-12-02 10:56:19] [INFO] Cody PBT system not available - will skip Cody operations\\n[2025-12-02 10:56:19] [INFO] Beads (bd) system detected and available\\n[2025-12-02 10:56:19] [INFO] Cody PBT system not available - will skip Cody operations\\n'\n  \u2022 test_json_parsing_errors_detected (__main__.TestSilentFailureDetection): AssertionError('JSON parsing error not detected on line 1: Expecting value: line 1 column 13 (char 12)') is not an instance of (<class 'OSError'>, <class 'OSError'>) : Should handle file errors gracefully: JSON parsing error not detected on line 1: Expecting value: line 1 column 13 (char 12)\n  \u2022 test_missing_beads_command_detected (__main__.TestSilentFailureDetection): 'WARNING' not found in '[2025-12-02 10:56:19] [INFO] Beads (bd) system detected and available\\n[2025-12-02 10:56:19] [INFO] Cody PBT system not available - will skip Cody operations\\n[2025-12-02 10:56:19] [INFO] Beads (bd) system not available - will skip Beads operations\\n[2025-12-02 10:56:19] [INFO] Cody PBT system not available - will skip Cody operations\\n'\n  \u2022 test_automatic_retry_on_transient_failures (__main__.TestFailureRecovery): False is not true : Should succeed after retry\n\n\ud83d\udca5 Errors:\n  \u2022 test_concurrent_access_conflicts_detected (__main__.TestSilentFailureDetection): Traceback (most recent call last):\n  File \"/Users/peter/github/opencode-workflow-kit/scripts/test-silent-failures.py\", line 214, in test_concurrent_access_conflicts_detected\n    from automated_sync import AutomatedSync\nModuleNotFoundError: No module named 'automated_sync'\n  \u2022 test_error_messages_are_clear (__main__.TestFailureVisibility) (scenario='bd_missing'): Traceback (most recent call last):\n  File \"/Users/peter/github/opencode-workflow-kit/scripts/test-silent-failures.py\", line 251, in test_error_messages_are_clear\n    log_content = self._get_log_content()\n  File \"/Users/peter/github/opencode-workflow-kit/scripts/test-silent-failures.py\", line 320, in _get_log_content\n    if self.log_file.exists():\nAttributeError: 'TestFailureVisibility' object has no attribute 'log_file'\n  \u2022 test_error_messages_are_clear (__main__.TestFailureVisibility) (scenario='cody_missing'): Traceback (most recent call last):\n  File \"/Users/peter/github/opencode-workflow-kit/scripts/test-silent-failures.py\", line 257, in test_error_messages_are_clear\n    log_content = self._get_log_content()\n  File \"/Users/peter/github/opencode-workflow-kit/scripts/test-silent-failures.py\", line 320, in _get_log_content\n    if self.log_file.exists():\nAttributeError: 'TestFailureVisibility' object has no attribute 'log_file'\n  \u2022 test_error_messages_include_solutions (__main__.TestFailureVisibility): Traceback (most recent call last):\n  File \"/Users/peter/github/opencode-workflow-kit/scripts/test-silent-failures.py\", line 269, in test_error_messages_include_solutions\n    log_content = self._get_log_content()\n  File \"/Users/peter/github/opencode-workflow-kit/scripts/test-silent-failures.py\", line 320, in _get_log_content\n    if self.log_file.exists():\nAttributeError: 'TestFailureVisibility' object has no attribute 'log_file'\n  \u2022 test_failures_are_logged_persistently (__main__.TestFailureVisibility) (scenario='bd_missing'): Traceback (most recent call last):\n  File \"/Users/peter/github/opencode-workflow-kit/scripts/test-silent-failures.py\", line 307, in test_failures_are_logged_persistently\n    log_content = self._get_log_content()\n  File \"/Users/peter/github/opencode-workflow-kit/scripts/test-silent-failures.py\", line 320, in _get_log_content\n    if self.log_file.exists():\nAttributeError: 'TestFailureVisibility' object has no attribute 'log_file'\n  \u2022 test_failures_are_logged_persistently (__main__.TestFailureVisibility) (scenario='cody_missing'): Traceback (most recent call last):\n  File \"/Users/peter/github/opencode-workflow-kit/scripts/test-silent-failures.py\", line 307, in test_failures_are_logged_persistently\n    log_content = self._get_log_content()\n  File \"/Users/peter/github/opencode-workflow-kit/scripts/test-silent-failures.py\", line 320, in _get_log_content\n    if self.log_file.exists():\nAttributeError: 'TestFailureVisibility' object has no attribute 'log_file'\n  \u2022 test_failures_are_logged_persistently (__main__.TestFailureVisibility) (scenario='git_error'): Traceback (most recent call last):\n  File \"/Users/peter/github/opencode-workflow-kit/scripts/test-silent-failures.py\", line 307, in test_failures_are_logged_persistently\n    log_content = self._get_log_content()\n  File \"/Users/peter/github/opencode-workflow-kit/scripts/test-silent-failures.py\", line 320, in _get_log_content\n    if self.log_file.exists():\nAttributeError: 'TestFailureVisibility' object has no attribute 'log_file'\n  \u2022 test_failures_never_block_operations (__main__.TestFailureVisibility) (method='handle_post_commit'): Traceback (most recent call last):\n  File \"/Users/peter/github/opencode-workflow-kit/scripts/test-silent-failures.py\", line 286, in test_failures_never_block_operations\n    result = method(*args) if args else method()\nTypeError: handle_post_commit() takes 2 positional arguments but 7 were given\n  \u2022 test_failures_never_block_operations (__main__.TestFailureVisibility): Traceback (most recent call last):\n  File \"/Users/peter/github/opencode-workflow-kit/scripts/test-silent-failures.py\", line 283, in test_failures_never_block_operations\n    for method_name, args in test_methods:\nValueError: not enough values to unpack (expected 2, got 1)\n\n\ud83d\udcc4 Results saved to: test-results/silent-failure-detection-20251202_105620.json\n",
      "stderr": "test_beads_command_failure_detected (__main__.TestSilentFailureDetection)\nTest bd command failure is detected and reported. ... ok\ntest_cody_structure_missing_detected (__main__.TestSilentFailureDetection)\nTest missing Cody structure is detected and reported. ... FAIL\ntest_cody_structure_partial_detected (__main__.TestSilentFailureDetection)\nTest partial Cody structure is detected and handled. ... ok\ntest_concurrent_access_conflicts_detected (__main__.TestSilentFailureDetection)\nTest concurrent access conflicts are detected. ... ERROR\ntest_file_permission_errors_detected (__main__.TestSilentFailureDetection)\nTest file permission errors are detected and handled. ... ok\ntest_git_operation_failure_detected (__main__.TestSilentFailureDetection)\nTest git operation failures are detected and handled. ... ok\ntest_hook_execution_failure_detected (__main__.TestSilentFailureDetection)\nTest hook execution failures are detected and logged. ... ok\ntest_json_parsing_errors_detected (__main__.TestSilentFailureDetection)\nTest JSON parsing errors are detected and reported. ... FAIL\ntest_missing_beads_command_detected (__main__.TestSilentFailureDetection)\nTest missing bd command is detected and reported. ... FAIL\ntest_timeout_scenarios_detected (__main__.TestSilentFailureDetection)\nTest timeout scenarios are detected and handled. ... ok\ntest_error_messages_are_clear (__main__.TestFailureVisibility)\nTest error messages are clear and actionable. ... test_error_messages_include_solutions (__main__.TestFailureVisibility)\nTest error messages include actionable solutions. ... ERROR\ntest_failures_are_logged_persistently (__main__.TestFailureVisibility)\nTest failures are logged persistently. ... test_failures_never_block_operations (__main__.TestFailureVisibility)\nTest that failures never block git operations. ... ERROR\ntest_automatic_retry_on_transient_failures (__main__.TestFailureRecovery)\nTest automatic retry on transient failures. ... FAIL\ntest_fallback_to_alternative_methods (__main__.TestFailureRecovery)\nTest fallback to alternative methods when primary fails. ... ok\ntest_graceful_degradation_paths (__main__.TestFailureRecovery)\nTest graceful degradation when systems unavailable. ... ok\n\n======================================================================\nERROR: test_concurrent_access_conflicts_detected (__main__.TestSilentFailureDetection)\nTest concurrent access conflicts are detected.\n----------------------------------------------------------------------\nTraceback (most recent call last):\n  File \"/Users/peter/github/opencode-workflow-kit/scripts/test-silent-failures.py\", line 214, in test_concurrent_access_conflicts_detected\n    from automated_sync import AutomatedSync\nModuleNotFoundError: No module named 'automated_sync'\n\n======================================================================\nERROR: test_error_messages_are_clear (__main__.TestFailureVisibility) (scenario='bd_missing')\nTest error messages are clear and actionable.\n----------------------------------------------------------------------\nTraceback (most recent call last):\n  File \"/Users/peter/github/opencode-workflow-kit/scripts/test-silent-failures.py\", line 251, in test_error_messages_are_clear\n    log_content = self._get_log_content()\n  File \"/Users/peter/github/opencode-workflow-kit/scripts/test-silent-failures.py\", line 320, in _get_log_content\n    if self.log_file.exists():\nAttributeError: 'TestFailureVisibility' object has no attribute 'log_file'\n\n======================================================================\nERROR: test_error_messages_are_clear (__main__.TestFailureVisibility) (scenario='cody_missing')\nTest error messages are clear and actionable.\n----------------------------------------------------------------------\nTraceback (most recent call last):\n  File \"/Users/peter/github/opencode-workflow-kit/scripts/test-silent-failures.py\", line 257, in test_error_messages_are_clear\n    log_content = self._get_log_content()\n  File \"/Users/peter/github/opencode-workflow-kit/scripts/test-silent-failures.py\", line 320, in _get_log_content\n    if self.log_file.exists():\nAttributeError: 'TestFailureVisibility' object has no attribute 'log_file'\n\n======================================================================\nERROR: test_error_messages_include_solutions (__main__.TestFailureVisibility)\nTest error messages include actionable solutions.\n----------------------------------------------------------------------\nTraceback (most recent call last):\n  File \"/Users/peter/github/opencode-workflow-kit/scripts/test-silent-failures.py\", line 269, in test_error_messages_include_solutions\n    log_content = self._get_log_content()\n  File \"/Users/peter/github/opencode-workflow-kit/scripts/test-silent-failures.py\", line 320, in _get_log_content\n    if self.log_file.exists():\nAttributeError: 'TestFailureVisibility' object has no attribute 'log_file'\n\n======================================================================\nERROR: test_failures_are_logged_persistently (__main__.TestFailureVisibility) (scenario='bd_missing')\nTest failures are logged persistently.\n----------------------------------------------------------------------\nTraceback (most recent call last):\n  File \"/Users/peter/github/opencode-workflow-kit/scripts/test-silent-failures.py\", line 307, in test_failures_are_logged_persistently\n    log_content = self._get_log_content()\n  File \"/Users/peter/github/opencode-workflow-kit/scripts/test-silent-failures.py\", line 320, in _get_log_content\n    if self.log_file.exists():\nAttributeError: 'TestFailureVisibility' object has no attribute 'log_file'\n\n======================================================================\nERROR: test_failures_are_logged_persistently (__main__.TestFailureVisibility) (scenario='cody_missing')\nTest failures are logged persistently.\n----------------------------------------------------------------------\nTraceback (most recent call last):\n  File \"/Users/peter/github/opencode-workflow-kit/scripts/test-silent-failures.py\", line 307, in test_failures_are_logged_persistently\n    log_content = self._get_log_content()\n  File \"/Users/peter/github/opencode-workflow-kit/scripts/test-silent-failures.py\", line 320, in _get_log_content\n    if self.log_file.exists():\nAttributeError: 'TestFailureVisibility' object has no attribute 'log_file'\n\n======================================================================\nERROR: test_failures_are_logged_persistently (__main__.TestFailureVisibility) (scenario='git_error')\nTest failures are logged persistently.\n----------------------------------------------------------------------\nTraceback (most recent call last):\n  File \"/Users/peter/github/opencode-workflow-kit/scripts/test-silent-failures.py\", line 307, in test_failures_are_logged_persistently\n    log_content = self._get_log_content()\n  File \"/Users/peter/github/opencode-workflow-kit/scripts/test-silent-failures.py\", line 320, in _get_log_content\n    if self.log_file.exists():\nAttributeError: 'TestFailureVisibility' object has no attribute 'log_file'\n\n======================================================================\nERROR: test_failures_never_block_operations (__main__.TestFailureVisibility) (method='handle_post_commit')\nTest that failures never block git operations.\n----------------------------------------------------------------------\nTraceback (most recent call last):\n  File \"/Users/peter/github/opencode-workflow-kit/scripts/test-silent-failures.py\", line 286, in test_failures_never_block_operations\n    result = method(*args) if args else method()\nTypeError: handle_post_commit() takes 2 positional arguments but 7 were given\n\n======================================================================\nERROR: test_failures_never_block_operations (__main__.TestFailureVisibility)\nTest that failures never block git operations.\n----------------------------------------------------------------------\nTraceback (most recent call last):\n  File \"/Users/peter/github/opencode-workflow-kit/scripts/test-silent-failures.py\", line 283, in test_failures_never_block_operations\n    for method_name, args in test_methods:\nValueError: not enough values to unpack (expected 2, got 1)\n\n======================================================================\nFAIL: test_cody_structure_missing_detected (__main__.TestSilentFailureDetection)\nTest missing Cody structure is detected and reported.\n----------------------------------------------------------------------\nTraceback (most recent call last):\n  File \"/Users/peter/github/opencode-workflow-kit/scripts/test-silent-failures.py\", line 91, in test_cody_structure_missing_detected\n    self.assertIn(\"WARNING\", log_content)\nAssertionError: 'WARNING' not found in '[2025-12-02 10:56:19] [INFO] Beads (bd) system detected and available\\n[2025-12-02 10:56:19] [INFO] Cody PBT system not available - will skip Cody operations\\n[2025-12-02 10:56:19] [INFO] Beads (bd) system detected and available\\n[2025-12-02 10:56:19] [INFO] Cody PBT system not available - will skip Cody operations\\n'\n\n======================================================================\nFAIL: test_json_parsing_errors_detected (__main__.TestSilentFailureDetection)\nTest JSON parsing errors are detected and reported.\n----------------------------------------------------------------------\nTraceback (most recent call last):\n  File \"/Users/peter/github/opencode-workflow-kit/scripts/test-silent-failures.py\", line 195, in test_json_parsing_errors_detected\n    issues.append(json.loads(line))\njson.decoder.JSONDecodeError: Expecting value: line 1 column 13 (char 12)\n\nDuring handling of the above exception, another exception occurred:\n\nTraceback (most recent call last):\n  File \"/Users/peter/github/opencode-workflow-kit/scripts/test-silent-failures.py\", line 198, in test_json_parsing_errors_detected\n    self.fail(\nAssertionError: JSON parsing error not detected on line 1: Expecting value: line 1 column 13 (char 12)\n\nDuring handling of the above exception, another exception occurred:\n\nTraceback (most recent call last):\n  File \"/Users/peter/github/opencode-workflow-kit/scripts/test-silent-failures.py\", line 203, in test_json_parsing_errors_detected\n    self.assertIsInstance(\nAssertionError: AssertionError('JSON parsing error not detected on line 1: Expecting value: line 1 column 13 (char 12)') is not an instance of (<class 'OSError'>, <class 'OSError'>) : Should handle file errors gracefully: JSON parsing error not detected on line 1: Expecting value: line 1 column 13 (char 12)\n\n======================================================================\nFAIL: test_missing_beads_command_detected (__main__.TestSilentFailureDetection)\nTest missing bd command is detected and reported.\n----------------------------------------------------------------------\nTraceback (most recent call last):\n  File \"/Users/peter/github/opencode-workflow-kit/scripts/test-silent-failures.py\", line 60, in test_missing_beads_command_detected\n    self.assertIn(\"WARNING\", log_content)\nAssertionError: 'WARNING' not found in '[2025-12-02 10:56:19] [INFO] Beads (bd) system detected and available\\n[2025-12-02 10:56:19] [INFO] Cody PBT system not available - will skip Cody operations\\n[2025-12-02 10:56:19] [INFO] Beads (bd) system not available - will skip Beads operations\\n[2025-12-02 10:56:19] [INFO] Cody PBT system not available - will skip Cody operations\\n'\n\n======================================================================\nFAIL: test_automatic_retry_on_transient_failures (__main__.TestFailureRecovery)\nTest automatic retry on transient failures.\n----------------------------------------------------------------------\nTraceback (most recent call last):\n  File \"/Users/peter/github/opencode-workflow-kit/scripts/test-silent-failures.py\", line 371, in test_automatic_retry_on_transient_failures\n    self.assertTrue(result, \"Should succeed after retry\")\nAssertionError: False is not true : Should succeed after retry\n\n----------------------------------------------------------------------\nRan 17 tests in 1.125s\n\nFAILED (failures=4, errors=9)\n",
      "error_details": "test_beads_command_failure_detected (__main__.TestSilentFailureDetection)\nTest bd command failure is detected and reported. ... ok\ntest_cody_structure_missing_detected (__main__.TestSilentFailureDetection)\nTest missing Cody structure is detected and reported. ... FAIL\ntest_cody_structure_partial_detected (__main__.TestSilentFailureDetection)\nTest partial Cody structure is detected and handled. ... ok\ntest_concurrent_access_conflicts_detected (__main__.TestSilentFailureDetection)\nTest concurrent access conflicts are detected. ... ERROR\ntest_file_permission_errors_detected (__main__.TestSilentFailureDetection)\nTest file permission errors are detected and handled. ... ok\ntest_git_operation_failure_detected (__main__.TestSilentFailureDetection)\nTest git operation failures are detected and handled. ... ok\ntest_hook_execution_failure_detected (__main__.TestSilentFailureDetection)\nTest hook execution failures are detected and logged. ... ok\ntest_json_parsing_errors_detected (__main__.TestSilentFailureDetection)\nTest JSON parsing errors are detected and reported. ... FAIL\ntest_missing_beads_command_detected (__main__.TestSilentFailureDetection)\nTest missing bd command is detected and reported. ... FAIL\ntest_timeout_scenarios_detected (__main__.TestSilentFailureDetection)\nTest timeout scenarios are detected and handled. ... ok\ntest_error_messages_are_clear (__main__.TestFailureVisibility)\nTest error messages are clear and actionable. ... test_error_messages_include_solutions (__main__.TestFailureVisibility)\nTest error messages include actionable solutions. ... ERROR\ntest_failures_are_logged_persistently (__main__.TestFailureVisibility)\nTest failures are logged persistently. ... test_failures_never_block_operations (__main__.TestFailureVisibility)\nTest that failures never block git operations. ... ERROR\ntest_automatic_retry_on_transient_failures (__main__.TestFailureRecovery)\nTest automatic retry on transient failures. ... FAIL\ntest_fallback_to_alternative_methods (__main__.TestFailureRecovery)\nTest fallback to alternative methods when primary fails. ... ok\ntest_graceful_degradation_paths (__main__.TestFailureRecovery)\nTest graceful degradation when systems unavailable. ... ok\n\n======================================================================\nERROR: test_concurrent_access_conflicts_detected (__main__.TestSilentFailureDetection)\nTest concurrent access conflicts are detected.\n----------------------------------------------------------------------\nTraceback (most recent call last):\n  File \"/Users/peter/github/opencode-workflow-kit/scripts/test-silent-failures.py\", line 214, in test_concurrent_access_conflicts_detected\n    from automated_sync import AutomatedSync\nModuleNotFoundError: No module named 'automated_sync'\n\n======================================================================\nERROR: test_error_messages_are_clear (__main__.TestFailureVisibility) (scenario='bd_missing')\nTest error messages are clear and actionable.\n----------------------------------------------------------------------\nTraceback (most recent call last):\n  File \"/Users/peter/github/opencode-workflow-kit/scripts/test-silent-failures.py\", line 251, in test_error_messages_are_clear\n    log_content = self._get_log_content()\n  File \"/Users/peter/github/opencode-workflow-kit/scripts/test-silent-failures.py\", line 320, in _get_log_content\n    if self.log_file.exists():\nAttributeError: 'TestFailureVisibility' object has no attribute 'log_file'\n\n======================================================================\nERROR: test_error_messages_are_clear (__main__.TestFailureVisibility) (scenario='cody_missing')\nTest error messages are clear and actionable.\n----------------------------------------------------------------------\nTraceback (most recent call last):\n  File \"/Users/peter/github/opencode-workflow-kit/scripts/test-silent-failures.py\", line 257, in test_error_messages_are_clear\n    log_content = self._get_log_content()\n  File \"/Users/peter/github/opencode-workflow-kit/scripts/test-silent-failures.py\", line 320, in _get_log_content\n    if self.log_file.exists():\nAttributeError: 'TestFailureVisibility' object has no attribute 'log_file'\n\n======================================================================\nERROR: test_error_messages_include_solutions (__main__.TestFailureVisibility)\nTest error messages include actionable solutions.\n----------------------------------------------------------------------\nTraceback (most recent call last):\n  File \"/Users/peter/github/opencode-workflow-kit/scripts/test-silent-failures.py\", line 269, in test_error_messages_include_solutions\n    log_content = self._get_log_content()\n  File \"/Users/peter/github/opencode-workflow-kit/scripts/test-silent-failures.py\", line 320, in _get_log_content\n    if self.log_file.exists():\nAttributeError: 'TestFailureVisibility' object has no attribute 'log_file'\n\n======================================================================\nERROR: test_failures_are_logged_persistently (__main__.TestFailureVisibility) (scenario='bd_missing')\nTest failures are logged persistently.\n----------------------------------------------------------------------\nTraceback (most recent call last):\n  File \"/Users/peter/github/opencode-workflow-kit/scripts/test-silent-failures.py\", line 307, in test_failures_are_logged_persistently\n    log_content = self._get_log_content()\n  File \"/Users/peter/github/opencode-workflow-kit/scripts/test-silent-failures.py\", line 320, in _get_log_content\n    if self.log_file.exists():\nAttributeError: 'TestFailureVisibility' object has no attribute 'log_file'\n\n======================================================================\nERROR: test_failures_are_logged_persistently (__main__.TestFailureVisibility) (scenario='cody_missing')\nTest failures are logged persistently.\n----------------------------------------------------------------------\nTraceback (most recent call last):\n  File \"/Users/peter/github/opencode-workflow-kit/scripts/test-silent-failures.py\", line 307, in test_failures_are_logged_persistently\n    log_content = self._get_log_content()\n  File \"/Users/peter/github/opencode-workflow-kit/scripts/test-silent-failures.py\", line 320, in _get_log_content\n    if self.log_file.exists():\nAttributeError: 'TestFailureVisibility' object has no attribute 'log_file'\n\n======================================================================\nERROR: test_failures_are_logged_persistently (__main__.TestFailureVisibility) (scenario='git_error')\nTest failures are logged persistently.\n----------------------------------------------------------------------\nTraceback (most recent call last):\n  File \"/Users/peter/github/opencode-workflow-kit/scripts/test-silent-failures.py\", line 307, in test_failures_are_logged_persistently\n    log_content = self._get_log_content()\n  File \"/Users/peter/github/opencode-workflow-kit/scripts/test-silent-failures.py\", line 320, in _get_log_content\n    if self.log_file.exists():\nAttributeError: 'TestFailureVisibility' object has no attribute 'log_file'\n\n======================================================================\nERROR: test_failures_never_block_operations (__main__.TestFailureVisibility) (method='handle_post_commit')\nTest that failures never block git operations.\n----------------------------------------------------------------------\nTraceback (most recent call last):\n  File \"/Users/peter/github/opencode-workflow-kit/scripts/test-silent-failures.py\", line 286, in test_failures_never_block_operations\n    result = method(*args) if args else method()\nTypeError: handle_post_commit() takes 2 positional arguments but 7 were given\n\n======================================================================\nERROR: test_failures_never_block_operations (__main__.TestFailureVisibility)\nTest that failures never block git operations.\n----------------------------------------------------------------------\nTraceback (most recent call last):\n  File \"/Users/peter/github/opencode-workflow-kit/scripts/test-silent-failures.py\", line 283, in test_failures_never_block_operations\n    for method_name, args in test_methods:\nValueError: not enough values to unpack (expected 2, got 1)\n\n======================================================================\nFAIL: test_cody_structure_missing_detected (__main__.TestSilentFailureDetection)\nTest missing Cody structure is detected and reported.\n----------------------------------------------------------------------\nTraceback (most recent call last):\n  File \"/Users/peter/github/opencode-workflow-kit/scripts/test-silent-failures.py\", line 91, in test_cody_structure_missing_detected\n    self.assertIn(\"WARNING\", log_content)\nAssertionError: 'WARNING' not found in '[2025-12-02 10:56:19] [INFO] Beads (bd) system detected and available\\n[2025-12-02 10:56:19] [INFO] Cody PBT system not available - will skip Cody operations\\n[2025-12-02 10:56:19] [INFO] Beads (bd) system detected and available\\n[2025-12-02 10:56:19] [INFO] Cody PBT system not available - will skip Cody operations\\n'\n\n======================================================================\nFAIL: test_json_parsing_errors_detected (__main__.TestSilentFailureDetection)\nTest JSON parsing errors are detected and reported.\n----------------------------------------------------------------------\nTraceback (most recent call last):\n  File \"/Users/peter/github/opencode-workflow-kit/scripts/test-silent-failures.py\", line 195, in test_json_parsing_errors_detected\n    issues.append(json.loads(line))\njson.decoder.JSONDecodeError: Expecting value: line 1 column 13 (char 12)\n\nDuring handling of the above exception, another exception occurred:\n\nTraceback (most recent call last):\n  File \"/Users/peter/github/opencode-workflow-kit/scripts/test-silent-failures.py\", line 198, in test_json_parsing_errors_detected\n    self.fail(\nAssertionError: JSON parsing error not detected on line 1: Expecting value: line 1 column 13 (char 12)\n\nDuring handling of the above exception, another exception occurred:\n\nTraceback (most recent call last):\n  File \"/Users/peter/github/opencode-workflow-kit/scripts/test-silent-failures.py\", line 203, in test_json_parsing_errors_detected\n    self.assertIsInstance(\nAssertionError: AssertionError('JSON parsing error not detected on line 1: Expecting value: line 1 column 13 (char 12)') is not an instance of (<class 'OSError'>, <class 'OSError'>) : Should handle file errors gracefully: JSON parsing error not detected on line 1: Expecting value: line 1 column 13 (char 12)\n\n======================================================================\nFAIL: test_missing_beads_command_detected (__main__.TestSilentFailureDetection)\nTest missing bd command is detected and reported.\n----------------------------------------------------------------------\nTraceback (most recent call last):\n  File \"/Users/peter/github/opencode-workflow-kit/scripts/test-silent-failures.py\", line 60, in test_missing_beads_command_detected\n    self.assertIn(\"WARNING\", log_content)\nAssertionError: 'WARNING' not found in '[2025-12-02 10:56:19] [INFO] Beads (bd) system detected and available\\n[2025-12-02 10:56:19] [INFO] Cody PBT system not available - will skip Cody operations\\n[2025-12-02 10:56:19] [INFO] Beads (bd) system not available - will skip Beads operations\\n[2025-12-02 10:56:19] [INFO] Cody PBT system not available - will skip Cody operations\\n'\n\n======================================================================\nFAIL: test_automatic_retry_on_transient_failures (__main__.TestFailureRecovery)\nTest automatic retry on transient failures.\n----------------------------------------------------------------------\nTraceback (most recent call last):\n  File \"/Users/peter/github/opencode-workflow-kit/scripts/test-silent-failures.py\", line 371, in test_automatic_retry_on_transient_failures\n    self.assertTrue(result, \"Should succeed after retry\")\nAssertionError: False is not true : Should succeed after retry\n\n----------------------------------------------------------------------\nRan 17 tests in 1.125s\n\nFAILED (failures=4, errors=9)\n"
    }
  },
  "summary": {
    "total_suites": 2,
    "run_suites": 2,
    "passed_suites": 1,
    "failed_suites": 1,
    "critical_failures": 1,
    "total_tests": 0,
    "total_failures": 0,
    "total_errors": 1,
    "overall_success": false
  }
}