<?xml version="1.0" encoding="UTF-8" ?>
<testsuites name="vitest tests" tests="1" failures="1" errors="0" time="0.212">
    <testsuite name="tests/integration/github-api.test.ts" timestamp="2025-11-29T22:25:35.436Z" hostname="Macmini" tests="1" failures="1" errors="0" skipped="0" time="0">
        <testcase classname="tests/integration/github-api.test.ts" name="tests/integration/github-api.test.ts" time="0">
            <failure message="Failed to load url @jest/globals (resolved id: @jest/globals) in /Users/peter/github/opencode-workflow-kit/packages/cody-beads-integration/tests/integration/setup.ts. Does the file exist?" type="Error">
Error: Failed to load url @jest/globals (resolved id: @jest/globals) in /Users/peter/github/opencode-workflow-kit/packages/cody-beads-integration/tests/integration/setup.ts. Does the file exist?
 ❯ loadAndTransform ../../node_modules/.bun/vite@5.4.21+e5fc1144fa51c08c/node_modules/vite/dist/node/chunks/dep-BK3b2jBa.js:51969:17
            </failure>
        </testcase>
    </testsuite>
</testsuites>
