<?xml version="1.0" encoding="UTF-8" ?>
<testsuites name="vitest tests" tests="22" failures="0" errors="0" time="0.452817292">
    <testsuite name="tests/integration/cli-workflows.test.ts" timestamp="2025-12-08T04:59:16.067Z" hostname="Macmini" tests="22" failures="0" errors="0" skipped="21" time="0.452817292">
        <testcase classname="tests/integration/cli-workflows.test.ts" name="Integration Tests &gt; CLI Integration &gt; should initialize new project" time="0.433732333">
        </testcase>
        <testcase classname="tests/integration/cli-workflows.test.ts" name="Integration Tests &gt; CLI Integration &gt; should validate configuration" time="0">
            <skipped/>
        </testcase>
        <testcase classname="tests/integration/cli-workflows.test.ts" name="Integration Tests &gt; CLI Integration &gt; should show help with enhanced features" time="0">
            <skipped/>
        </testcase>
        <testcase classname="tests/integration/cli-workflows.test.ts" name="Integration Tests &gt; CLI Integration &gt; should handle sync commands" time="0">
            <skipped/>
        </testcase>
        <testcase classname="tests/integration/cli-workflows.test.ts" name="Integration Tests &gt; Plugin System Integration &gt; should install and manage plugins" time="0">
            <skipped/>
        </testcase>
        <testcase classname="tests/integration/cli-workflows.test.ts" name="Integration Tests &gt; Plugin System Integration &gt; should list installed plugins for inspection" time="0">
            <skipped/>
        </testcase>
        <testcase classname="tests/integration/cli-workflows.test.ts" name="Integration Tests &gt; Workflow Automation Integration &gt; should execute workflow triggers" time="0">
            <skipped/>
        </testcase>
        <testcase classname="tests/integration/cli-workflows.test.ts" name="Integration Tests &gt; Workflow Automation Integration &gt; should handle workflow conditions" time="0">
            <skipped/>
        </testcase>
        <testcase classname="tests/integration/cli-workflows.test.ts" name="Integration Tests &gt; Template System Integration &gt; should apply project templates" time="0">
            <skipped/>
        </testcase>
        <testcase classname="tests/integration/cli-workflows.test.ts" name="Integration Tests &gt; Template System Integration &gt; should create a custom template definition" time="0">
            <skipped/>
        </testcase>
        <testcase classname="tests/integration/cli-workflows.test.ts" name="Integration Tests &gt; Error Recovery Integration &gt; should handle sync conflicts gracefully" time="0">
            <skipped/>
        </testcase>
        <testcase classname="tests/integration/cli-workflows.test.ts" name="Integration Tests &gt; Error Recovery Integration &gt; should recover from network failures" time="0">
            <skipped/>
        </testcase>
        <testcase classname="tests/integration/cli-workflows.test.ts" name="Integration Tests &gt; Performance Integration &gt; should handle large sync operations efficiently" time="0">
            <skipped/>
        </testcase>
        <testcase classname="tests/integration/cli-workflows.test.ts" name="Integration Tests &gt; Performance Integration &gt; should support repeated sync invocations for monitoring" time="0">
            <skipped/>
        </testcase>
        <testcase classname="tests/integration/cli-workflows.test.ts" name="Integration Tests &gt; Security Integration &gt; should enforce plugin sandboxing" time="0">
            <skipped/>
        </testcase>
        <testcase classname="tests/integration/cli-workflows.test.ts" name="Integration Tests &gt; Security Integration &gt; should validate digital signatures" time="0">
            <skipped/>
        </testcase>
        <testcase classname="tests/integration/cli-workflows.test.ts" name="Integration Tests &gt; Cross-Platform Integration &gt; should work on different operating systems" time="0">
            <skipped/>
        </testcase>
        <testcase classname="tests/integration/cli-workflows.test.ts" name="Integration Tests &gt; Cross-Platform Integration &gt; should handle path separators correctly" time="0">
            <skipped/>
        </testcase>
        <testcase classname="tests/integration/cli-workflows.test.ts" name="Integration Tests &gt; Data Integrity Integration &gt; should verify data integrity during sync" time="0">
            <skipped/>
        </testcase>
        <testcase classname="tests/integration/cli-workflows.test.ts" name="Integration Tests &gt; Data Integrity Integration &gt; should detect and report corruption" time="0">
            <skipped/>
        </testcase>
        <testcase classname="tests/integration/cli-workflows.test.ts" name="Integration Tests &gt; Real-world Scenarios &gt; should handle typical development workflow" time="0">
            <skipped/>
        </testcase>
        <testcase classname="tests/integration/cli-workflows.test.ts" name="Integration Tests &gt; Real-world Scenarios &gt; should handle error recovery workflow" time="0">
            <skipped/>
        </testcase>
    </testsuite>
</testsuites>
