<?xml version="1.0" encoding="UTF-8" ?>
<testsuites name="vitest tests" tests="27" failures="1" errors="0" time="0.174326959">
    <testsuite name="tests/integration/cli-workflows.test.ts" timestamp="2025-12-09T04:40:00.857Z" hostname="Macmini" tests="22" failures="1" errors="0" skipped="0" time="0.154540459">
        <testcase classname="tests/integration/cli-workflows.test.ts" name="Integration Tests &gt; CLI Integration &gt; should initialize new project" time="0.132028833">
            <failure message="Command failed: node &quot;/Users/peter/github/opencode-workflow-kit/packages/liaison/bin/cody-beads.js&quot; init -n test-project -t minimal
node:internal/modules/cjs/loader:1423
  throw err;
  ^

Error: Cannot find module &apos;/Users/peter/github/opencode-workflow-kit/packages/liaison/bin/cody-beads.js&apos;
    at Module._resolveFilename (node:internal/modules/cjs/loader:1420:15)
    at defaultResolveImpl (node:internal/modules/cjs/loader:1058:19)
    at resolveForCJSWithHooks (node:internal/modules/cjs/loader:1063:22)
    at Module._load (node:internal/modules/cjs/loader:1226:37)
    at TracingChannel.traceSync (node:diagnostics_channel:328:14)
    at wrapModuleLoad (node:internal/modules/cjs/loader:245:24)
    at Module.executeUserEntryPoint [as runMain] (node:internal/modules/run_main:154:5)
    at node:internal/main/run_main_module:33:47 {
  code: &apos;MODULE_NOT_FOUND&apos;,
  requireStack: []
}

Node.js v25.1.0
" type="Error">
Error: Command failed: node &quot;/Users/peter/github/opencode-workflow-kit/packages/liaison/bin/cody-beads.js&quot; init -n test-project -t minimal
node:internal/modules/cjs/loader:1423
  throw err;
  ^

Error: Cannot find module &apos;/Users/peter/github/opencode-workflow-kit/packages/liaison/bin/cody-beads.js&apos;
    at Module._resolveFilename (node:internal/modules/cjs/loader:1420:15)
    at defaultResolveImpl (node:internal/modules/cjs/loader:1058:19)
    at resolveForCJSWithHooks (node:internal/modules/cjs/loader:1063:22)
    at Module._load (node:internal/modules/cjs/loader:1226:37)
    at TracingChannel.traceSync (node:diagnostics_channel:328:14)
    at wrapModuleLoad (node:internal/modules/cjs/loader:245:24)
    at Module.executeUserEntryPoint [as runMain] (node:internal/modules/run_main:154:5)
    at node:internal/main/run_main_module:33:47 {
  code: &apos;MODULE_NOT_FOUND&apos;,
  requireStack: []
}

Node.js v25.1.0

⎯⎯⎯⎯⎯⎯⎯⎯⎯⎯⎯⎯⎯⎯⎯⎯⎯⎯⎯⎯⎯⎯⎯⎯⎯⎯⎯⎯⎯⎯
Serialized Error: { code: 1, killed: false, signal: null, cmd: &apos;node &quot;/Users/peter/github/opencode-workflow-kit/packages/liaison/bin/cody-beads.js&quot; init -n test-project -t minimal&apos;, stdout: &apos;&apos;, stderr: &apos;node:internal/modules/cjs/loader:1423\n  throw err;\n  ^\n\nError: Cannot find module \&apos;/Users/peter/github/opencode-workflow-kit/packages/liaison/bin/cody-beads.js\&apos;\n    at Module._resolveFilename (node:internal/modules/cjs/loader:1420:15)\n    at defaultResolveImpl (node:internal/modules/cjs/loader:1058:19)\n    at resolveForCJSWithHooks (node:internal/modules/cjs/loader:1063:22)\n    at Module._load (node:internal/modules/cjs/loader:1226:37)\n    at TracingChannel.traceSync (node:diagnostics_channel:328:14)\n    at wrapModuleLoad (node:internal/modules/cjs/loader:245:24)\n    at Module.executeUserEntryPoint [as runMain] (node:internal/modules/run_main:154:5)\n    at node:internal/main/run_main_module:33:47 {\n  code: \&apos;MODULE_NOT_FOUND\&apos;,\n  requireStack: []\n}\n\nNode.js v25.1.0\n&apos; }
            </failure>
            <failure message="Command failed: node &quot;/Users/peter/github/opencode-workflow-kit/packages/liaison/bin/cody-beads.js&quot; init -n test-project -t minimal
node:internal/modules/cjs/loader:1423
  throw err;
  ^

Error: Cannot find module &apos;/Users/peter/github/opencode-workflow-kit/packages/liaison/bin/cody-beads.js&apos;
    at Module._resolveFilename (node:internal/modules/cjs/loader:1420:15)
    at defaultResolveImpl (node:internal/modules/cjs/loader:1058:19)
    at resolveForCJSWithHooks (node:internal/modules/cjs/loader:1063:22)
    at Module._load (node:internal/modules/cjs/loader:1226:37)
    at TracingChannel.traceSync (node:diagnostics_channel:328:14)
    at wrapModuleLoad (node:internal/modules/cjs/loader:245:24)
    at Module.executeUserEntryPoint [as runMain] (node:internal/modules/run_main:154:5)
    at node:internal/main/run_main_module:33:47 {
  code: &apos;MODULE_NOT_FOUND&apos;,
  requireStack: []
}

Node.js v25.1.0
" type="Error">
Error: Command failed: node &quot;/Users/peter/github/opencode-workflow-kit/packages/liaison/bin/cody-beads.js&quot; init -n test-project -t minimal
node:internal/modules/cjs/loader:1423
  throw err;
  ^

Error: Cannot find module &apos;/Users/peter/github/opencode-workflow-kit/packages/liaison/bin/cody-beads.js&apos;
    at Module._resolveFilename (node:internal/modules/cjs/loader:1420:15)
    at defaultResolveImpl (node:internal/modules/cjs/loader:1058:19)
    at resolveForCJSWithHooks (node:internal/modules/cjs/loader:1063:22)
    at Module._load (node:internal/modules/cjs/loader:1226:37)
    at TracingChannel.traceSync (node:diagnostics_channel:328:14)
    at wrapModuleLoad (node:internal/modules/cjs/loader:245:24)
    at Module.executeUserEntryPoint [as runMain] (node:internal/modules/run_main:154:5)
    at node:internal/main/run_main_module:33:47 {
  code: &apos;MODULE_NOT_FOUND&apos;,
  requireStack: []
}

Node.js v25.1.0

⎯⎯⎯⎯⎯⎯⎯⎯⎯⎯⎯⎯⎯⎯⎯⎯⎯⎯⎯⎯⎯⎯⎯⎯⎯⎯⎯⎯⎯⎯
Serialized Error: { code: 1, killed: false, signal: null, cmd: &apos;node &quot;/Users/peter/github/opencode-workflow-kit/packages/liaison/bin/cody-beads.js&quot; init -n test-project -t minimal&apos;, stdout: &apos;&apos;, stderr: &apos;node:internal/modules/cjs/loader:1423\n  throw err;\n  ^\n\nError: Cannot find module \&apos;/Users/peter/github/opencode-workflow-kit/packages/liaison/bin/cody-beads.js\&apos;\n    at Module._resolveFilename (node:internal/modules/cjs/loader:1420:15)\n    at defaultResolveImpl (node:internal/modules/cjs/loader:1058:19)\n    at resolveForCJSWithHooks (node:internal/modules/cjs/loader:1063:22)\n    at Module._load (node:internal/modules/cjs/loader:1226:37)\n    at TracingChannel.traceSync (node:diagnostics_channel:328:14)\n    at wrapModuleLoad (node:internal/modules/cjs/loader:245:24)\n    at Module.executeUserEntryPoint [as runMain] (node:internal/modules/run_main:154:5)\n    at node:internal/main/run_main_module:33:47 {\n  code: \&apos;MODULE_NOT_FOUND\&apos;,\n  requireStack: []\n}\n\nNode.js v25.1.0\n&apos; }
            </failure>
            <failure message="Command failed: node &quot;/Users/peter/github/opencode-workflow-kit/packages/liaison/bin/cody-beads.js&quot; init -n test-project -t minimal
node:internal/modules/cjs/loader:1423
  throw err;
  ^

Error: Cannot find module &apos;/Users/peter/github/opencode-workflow-kit/packages/liaison/bin/cody-beads.js&apos;
    at Module._resolveFilename (node:internal/modules/cjs/loader:1420:15)
    at defaultResolveImpl (node:internal/modules/cjs/loader:1058:19)
    at resolveForCJSWithHooks (node:internal/modules/cjs/loader:1063:22)
    at Module._load (node:internal/modules/cjs/loader:1226:37)
    at TracingChannel.traceSync (node:diagnostics_channel:328:14)
    at wrapModuleLoad (node:internal/modules/cjs/loader:245:24)
    at Module.executeUserEntryPoint [as runMain] (node:internal/modules/run_main:154:5)
    at node:internal/main/run_main_module:33:47 {
  code: &apos;MODULE_NOT_FOUND&apos;,
  requireStack: []
}

Node.js v25.1.0
" type="Error">
Error: Command failed: node &quot;/Users/peter/github/opencode-workflow-kit/packages/liaison/bin/cody-beads.js&quot; init -n test-project -t minimal
node:internal/modules/cjs/loader:1423
  throw err;
  ^

Error: Cannot find module &apos;/Users/peter/github/opencode-workflow-kit/packages/liaison/bin/cody-beads.js&apos;
    at Module._resolveFilename (node:internal/modules/cjs/loader:1420:15)
    at defaultResolveImpl (node:internal/modules/cjs/loader:1058:19)
    at resolveForCJSWithHooks (node:internal/modules/cjs/loader:1063:22)
    at Module._load (node:internal/modules/cjs/loader:1226:37)
    at TracingChannel.traceSync (node:diagnostics_channel:328:14)
    at wrapModuleLoad (node:internal/modules/cjs/loader:245:24)
    at Module.executeUserEntryPoint [as runMain] (node:internal/modules/run_main:154:5)
    at node:internal/main/run_main_module:33:47 {
  code: &apos;MODULE_NOT_FOUND&apos;,
  requireStack: []
}

Node.js v25.1.0

⎯⎯⎯⎯⎯⎯⎯⎯⎯⎯⎯⎯⎯⎯⎯⎯⎯⎯⎯⎯⎯⎯⎯⎯⎯⎯⎯⎯⎯⎯
Serialized Error: { code: 1, killed: false, signal: null, cmd: &apos;node &quot;/Users/peter/github/opencode-workflow-kit/packages/liaison/bin/cody-beads.js&quot; init -n test-project -t minimal&apos;, stdout: &apos;&apos;, stderr: &apos;node:internal/modules/cjs/loader:1423\n  throw err;\n  ^\n\nError: Cannot find module \&apos;/Users/peter/github/opencode-workflow-kit/packages/liaison/bin/cody-beads.js\&apos;\n    at Module._resolveFilename (node:internal/modules/cjs/loader:1420:15)\n    at defaultResolveImpl (node:internal/modules/cjs/loader:1058:19)\n    at resolveForCJSWithHooks (node:internal/modules/cjs/loader:1063:22)\n    at Module._load (node:internal/modules/cjs/loader:1226:37)\n    at TracingChannel.traceSync (node:diagnostics_channel:328:14)\n    at wrapModuleLoad (node:internal/modules/cjs/loader:245:24)\n    at Module.executeUserEntryPoint [as runMain] (node:internal/modules/run_main:154:5)\n    at node:internal/main/run_main_module:33:47 {\n  code: \&apos;MODULE_NOT_FOUND\&apos;,\n  requireStack: []\n}\n\nNode.js v25.1.0\n&apos; }
            </failure>
        </testcase>
        <testcase classname="tests/integration/cli-workflows.test.ts" name="Integration Tests &gt; CLI Integration &gt; should validate configuration" time="0">
        </testcase>
        <testcase classname="tests/integration/cli-workflows.test.ts" name="Integration Tests &gt; CLI Integration &gt; should show help with enhanced features and validate output format" time="0">
        </testcase>
        <testcase classname="tests/integration/cli-workflows.test.ts" name="Integration Tests &gt; CLI Integration &gt; should handle sync commands" time="0">
        </testcase>
        <testcase classname="tests/integration/cli-workflows.test.ts" name="Integration Tests &gt; Plugin System Integration &gt; should install and manage plugins" time="0">
        </testcase>
        <testcase classname="tests/integration/cli-workflows.test.ts" name="Integration Tests &gt; Plugin System Integration &gt; should list installed plugins for inspection" time="0">
        </testcase>
        <testcase classname="tests/integration/cli-workflows.test.ts" name="Integration Tests &gt; Workflow Automation Integration &gt; should execute workflow triggers" time="0">
        </testcase>
        <testcase classname="tests/integration/cli-workflows.test.ts" name="Integration Tests &gt; Workflow Automation Integration &gt; should handle workflow conditions" time="0">
        </testcase>
        <testcase classname="tests/integration/cli-workflows.test.ts" name="Integration Tests &gt; Template System Integration &gt; should apply project templates" time="0">
        </testcase>
        <testcase classname="tests/integration/cli-workflows.test.ts" name="Integration Tests &gt; Template System Integration &gt; should create a custom template definition" time="0">
        </testcase>
        <testcase classname="tests/integration/cli-workflows.test.ts" name="Integration Tests &gt; Error Recovery Integration &gt; should handle sync conflicts gracefully" time="0">
        </testcase>
        <testcase classname="tests/integration/cli-workflows.test.ts" name="Integration Tests &gt; Error Recovery Integration &gt; should recover from network failures" time="0">
        </testcase>
        <testcase classname="tests/integration/cli-workflows.test.ts" name="Integration Tests &gt; Performance Integration &gt; should handle large sync operations efficiently" time="0">
        </testcase>
        <testcase classname="tests/integration/cli-workflows.test.ts" name="Integration Tests &gt; Performance Integration &gt; should support repeated sync invocations for monitoring" time="0">
        </testcase>
        <testcase classname="tests/integration/cli-workflows.test.ts" name="Integration Tests &gt; Security Integration &gt; should enforce plugin sandboxing" time="0">
        </testcase>
        <testcase classname="tests/integration/cli-workflows.test.ts" name="Integration Tests &gt; Security Integration &gt; should validate digital signatures" time="0">
        </testcase>
        <testcase classname="tests/integration/cli-workflows.test.ts" name="Integration Tests &gt; Cross-Platform Integration &gt; should work on different operating systems" time="0">
        </testcase>
        <testcase classname="tests/integration/cli-workflows.test.ts" name="Integration Tests &gt; Cross-Platform Integration &gt; should handle path separators correctly" time="0">
        </testcase>
        <testcase classname="tests/integration/cli-workflows.test.ts" name="Integration Tests &gt; Data Integrity Integration &gt; should verify data integrity during sync" time="0">
        </testcase>
        <testcase classname="tests/integration/cli-workflows.test.ts" name="Integration Tests &gt; Data Integrity Integration &gt; should detect and report corruption" time="0">
        </testcase>
        <testcase classname="tests/integration/cli-workflows.test.ts" name="Integration Tests &gt; Real-world Scenarios &gt; should handle typical development workflow" time="0">
        </testcase>
        <testcase classname="tests/integration/cli-workflows.test.ts" name="Integration Tests &gt; Real-world Scenarios &gt; should handle error recovery workflow" time="0">
        </testcase>
    </testsuite>
    <testsuite name="tests/integration/github-api.test.ts" timestamp="2025-12-09T04:40:00.860Z" hostname="Macmini" tests="5" failures="0" errors="0" skipped="0" time="0.0197865">
        <testcase classname="tests/integration/github-api.test.ts" name="GitHub API Integration Tests &gt; API Mocking &gt; should mock GitHub API responses" time="0.001552959">
        </testcase>
        <testcase classname="tests/integration/github-api.test.ts" name="GitHub API Integration Tests &gt; API Mocking &gt; should handle API error responses" time="0.000234125">
        </testcase>
        <testcase classname="tests/integration/github-api.test.ts" name="GitHub API Integration Tests &gt; Environment Setup &gt; should have test environment variables" time="0.00010675">
        </testcase>
        <testcase classname="tests/integration/github-api.test.ts" name="GitHub API Integration Tests &gt; Environment Setup &gt; should have test data directory" time="0.000122667">
        </testcase>
        <testcase classname="tests/integration/github-api.test.ts" name="GitHub API Integration Tests &gt; HTTP Client Testing &gt; should set up nock interceptors correctly" time="0.0002735">
        </testcase>
    </testsuite>
</testsuites>
